{"D:\\PregnancyGrowthTracking.FE\\src\\App.jsx": {"path":"D:\\PregnancyGrowthTracking.FE\\src\\App.jsx","statementMap":{"0":{"start":{"line":13,"column":2},"end":{"line":29,"column":4}}},"fnMap":{"0":{"name":"App","decl":{"start":{"line":12,"column":9},"end":{"line":12,"column":12}},"loc":{"start":{"line":12,"column":15},"end":{"line":30,"column":1}},"line":12}},"branchMap":{},"s":{"0":0},"f":{"0":0},"b":{}}
,"D:\\PregnancyGrowthTracking.FE\\src\\AppRoutes.jsx": {"path":"D:\\PregnancyGrowthTracking.FE\\src\\AppRoutes.jsx","statementMap":{"0":{"start":{"line":48,"column":18},"end":{"line":157,"column":1}},"1":{"start":{"line":49,"column":2},"end":{"line":156,"column":4}}},"fnMap":{"0":{"name":"(anonymous_0)","decl":{"start":{"line":48,"column":18},"end":{"line":48,"column":19}},"loc":{"start":{"line":48,"column":24},"end":{"line":157,"column":1}},"line":48}},"branchMap":{},"s":{"0":0,"1":0},"f":{"0":0},"b":{}}
,"D:\\PregnancyGrowthTracking.FE\\src\\companyInfo.js": {"path":"D:\\PregnancyGrowthTracking.FE\\src\\companyInfo.js","statementMap":{"0":{"start":{"line":1,"column":27},"end":{"line":180,"column":1}}},"fnMap":{},"branchMap":{},"s":{"0":0},"f":{},"b":{}}
,"D:\\PregnancyGrowthTracking.FE\\src\\main.jsx": {"path":"D:\\PregnancyGrowthTracking.FE\\src\\main.jsx","statementMap":{"0":{"start":{"line":6,"column":0},"end":{"line":10,"column":2}}},"fnMap":{},"branchMap":{},"s":{"0":0},"f":{},"b":{}}
,"D:\\PregnancyGrowthTracking.FE\\src\\api\\apiEndpoints.js": {"path":"D:\\PregnancyGrowthTracking.FE\\src\\api\\apiEndpoints.js","statementMap":{"0":{"start":{"line":1,"column":25},"end":{"line":11,"column":1}},"1":{"start":{"line":5,"column":20},"end":{"line":5,"column":35}},"2":{"start":{"line":7,"column":20},"end":{"line":7,"column":35}},"3":{"start":{"line":9,"column":24},"end":{"line":9,"column":58}}},"fnMap":{"0":{"name":"(anonymous_0)","decl":{"start":{"line":5,"column":12},"end":{"line":5,"column":13}},"loc":{"start":{"line":5,"column":20},"end":{"line":5,"column":35}},"line":5},"1":{"name":"(anonymous_1)","decl":{"start":{"line":7,"column":12},"end":{"line":7,"column":13}},"loc":{"start":{"line":7,"column":20},"end":{"line":7,"column":35}},"line":7},"2":{"name":"(anonymous_2)","decl":{"start":{"line":9,"column":16},"end":{"line":9,"column":17}},"loc":{"start":{"line":9,"column":24},"end":{"line":9,"column":58}},"line":9}},"branchMap":{},"s":{"0":0,"1":0,"2":0,"3":0},"f":{"0":0,"1":0,"2":0},"b":{}}
,"D:\\PregnancyGrowthTracking.FE\\src\\api\\authApi.js": {"path":"D:\\PregnancyGrowthTracking.FE\\src\\api\\authApi.js","statementMap":{"0":{"start":{"line":3,"column":16},"end":{"line":34,"column":1}},"1":{"start":{"line":5,"column":4},"end":{"line":10,"column":5}},"2":{"start":{"line":6,"column":23},"end":{"line":6,"column":75}},"3":{"start":{"line":7,"column":6},"end":{"line":7,"column":27}},"4":{"start":{"line":9,"column":6},"end":{"line":9,"column":18}},"5":{"start":{"line":14,"column":4},"end":{"line":19,"column":5}},"6":{"start":{"line":15,"column":23},"end":{"line":15,"column":75}},"7":{"start":{"line":16,"column":6},"end":{"line":16,"column":27}},"8":{"start":{"line":18,"column":6},"end":{"line":18,"column":18}},"9":{"start":{"line":23,"column":4},"end":{"line":30,"column":5}},"10":{"start":{"line":24,"column":23},"end":{"line":26,"column":8}},"11":{"start":{"line":27,"column":6},"end":{"line":27,"column":27}},"12":{"start":{"line":29,"column":6},"end":{"line":29,"column":18}}},"fnMap":{"0":{"name":"(anonymous_0)","decl":{"start":{"line":4,"column":9},"end":{"line":4,"column":10}},"loc":{"start":{"line":4,"column":32},"end":{"line":11,"column":3}},"line":4},"1":{"name":"(anonymous_1)","decl":{"start":{"line":13,"column":12},"end":{"line":13,"column":13}},"loc":{"start":{"line":13,"column":32},"end":{"line":20,"column":3}},"line":13},"2":{"name":"(anonymous_2)","decl":{"start":{"line":22,"column":18},"end":{"line":22,"column":19}},"loc":{"start":{"line":22,"column":35},"end":{"line":31,"column":3}},"line":22}},"branchMap":{},"s":{"0":0,"1":0,"2":0,"3":0,"4":0,"5":0,"6":0,"7":0,"8":0,"9":0,"10":0,"11":0,"12":0},"f":{"0":0,"1":0,"2":0},"b":{}}
,"D:\\PregnancyGrowthTracking.FE\\src\\api\\axiosConfig.js": {"path":"D:\\PregnancyGrowthTracking.FE\\src\\api\\axiosConfig.js","statementMap":{"0":{"start":{"line":4,"column":2},"end":{"line":4,"column":106}},"1":{"start":{"line":6,"column":22},"end":{"line":12,"column":2}},"2":{"start":{"line":15,"column":0},"end":{"line":26,"column":2}},"3":{"start":{"line":17,"column":18},"end":{"line":17,"column":47}},"4":{"start":{"line":18,"column":4},"end":{"line":20,"column":5}},"5":{"start":{"line":19,"column":6},"end":{"line":19,"column":55}},"6":{"start":{"line":21,"column":4},"end":{"line":21,"column":18}},"7":{"start":{"line":24,"column":4},"end":{"line":24,"column":33}},"8":{"start":{"line":29,"column":0},"end":{"line":49,"column":2}},"9":{"start":{"line":31,"column":4},"end":{"line":31,"column":20}},"10":{"start":{"line":34,"column":28},"end":{"line":34,"column":40}},"11":{"start":{"line":37,"column":4},"end":{"line":45,"column":5}},"12":{"start":{"line":38,"column":6},"end":{"line":38,"column":36}},"13":{"start":{"line":43,"column":6},"end":{"line":43,"column":39}},"14":{"start":{"line":44,"column":6},"end":{"line":44,"column":38}},"15":{"start":{"line":47,"column":4},"end":{"line":47,"column":33}}},"fnMap":{"0":{"name":"(anonymous_0)","decl":{"start":{"line":16,"column":2},"end":{"line":16,"column":3}},"loc":{"start":{"line":16,"column":14},"end":{"line":22,"column":3}},"line":16},"1":{"name":"(anonymous_1)","decl":{"start":{"line":23,"column":2},"end":{"line":23,"column":3}},"loc":{"start":{"line":23,"column":13},"end":{"line":25,"column":3}},"line":23},"2":{"name":"(anonymous_2)","decl":{"start":{"line":30,"column":2},"end":{"line":30,"column":3}},"loc":{"start":{"line":30,"column":16},"end":{"line":32,"column":3}},"line":30},"3":{"name":"(anonymous_3)","decl":{"start":{"line":33,"column":2},"end":{"line":33,"column":3}},"loc":{"start":{"line":33,"column":19},"end":{"line":48,"column":3}},"line":33}},"branchMap":{"0":{"loc":{"start":{"line":18,"column":4},"end":{"line":20,"column":5}},"type":"if","locations":[{"start":{"line":18,"column":4},"end":{"line":20,"column":5}},{"start":{},"end":{}}],"line":18},"1":{"loc":{"start":{"line":37,"column":4},"end":{"line":45,"column":5}},"type":"if","locations":[{"start":{"line":37,"column":4},"end":{"line":45,"column":5}},{"start":{},"end":{}}],"line":37},"2":{"loc":{"start":{"line":37,"column":8},"end":{"line":37,"column":64}},"type":"binary-expr","locations":[{"start":{"line":37,"column":8},"end":{"line":37,"column":37}},{"start":{"line":37,"column":41},"end":{"line":37,"column":64}}],"line":37}},"s":{"0":0,"1":0,"2":0,"3":0,"4":0,"5":0,"6":0,"7":0,"8":0,"9":0,"10":0,"11":0,"12":0,"13":0,"14":0,"15":0},"f":{"0":0,"1":0,"2":0,"3":0},"b":{"0":[0,0],"1":[0,0],"2":[0,0]}}
,"D:\\PregnancyGrowthTracking.FE\\src\\api\\config\\axiosConfig.js": {"path":"D:\\PregnancyGrowthTracking.FE\\src\\api\\config\\axiosConfig.js","statementMap":{"0":{"start":{"line":4,"column":22},"end":{"line":7,"column":2}},"1":{"start":{"line":10,"column":0},"end":{"line":30,"column":2}},"2":{"start":{"line":12,"column":18},"end":{"line":12,"column":47}},"3":{"start":{"line":13,"column":4},"end":{"line":15,"column":5}},"4":{"start":{"line":14,"column":6},"end":{"line":14,"column":55}},"5":{"start":{"line":18,"column":4},"end":{"line":23,"column":5}},"6":{"start":{"line":20,"column":6},"end":{"line":20,"column":61}},"7":{"start":{"line":22,"column":6},"end":{"line":22,"column":49}},"8":{"start":{"line":22,"column":43},"end":{"line":22,"column":47}},"9":{"start":{"line":25,"column":4},"end":{"line":25,"column":18}},"10":{"start":{"line":28,"column":4},"end":{"line":28,"column":33}},"11":{"start":{"line":33,"column":0},"end":{"line":66,"column":2}},"12":{"start":{"line":34,"column":16},"end":{"line":34,"column":24}},"13":{"start":{"line":36,"column":28},"end":{"line":36,"column":40}},"14":{"start":{"line":39,"column":4},"end":{"line":46,"column":5}},"15":{"start":{"line":40,"column":6},"end":{"line":40,"column":36}},"16":{"start":{"line":43,"column":6},"end":{"line":43,"column":39}},"17":{"start":{"line":44,"column":6},"end":{"line":44,"column":38}},"18":{"start":{"line":45,"column":6},"end":{"line":45,"column":35}},"19":{"start":{"line":49,"column":4},"end":{"line":54,"column":5}},"20":{"start":{"line":50,"column":6},"end":{"line":53,"column":9}},"21":{"start":{"line":57,"column":4},"end":{"line":62,"column":5}},"22":{"start":{"line":58,"column":6},"end":{"line":61,"column":9}},"23":{"start":{"line":64,"column":4},"end":{"line":64,"column":33}}},"fnMap":{"0":{"name":"(anonymous_0)","decl":{"start":{"line":11,"column":2},"end":{"line":11,"column":3}},"loc":{"start":{"line":11,"column":14},"end":{"line":26,"column":3}},"line":11},"1":{"name":"(anonymous_1)","decl":{"start":{"line":22,"column":33},"end":{"line":22,"column":34}},"loc":{"start":{"line":22,"column":43},"end":{"line":22,"column":47}},"line":22},"2":{"name":"(anonymous_2)","decl":{"start":{"line":27,"column":2},"end":{"line":27,"column":3}},"loc":{"start":{"line":27,"column":13},"end":{"line":29,"column":3}},"line":27},"3":{"name":"(anonymous_3)","decl":{"start":{"line":34,"column":2},"end":{"line":34,"column":3}},"loc":{"start":{"line":34,"column":16},"end":{"line":34,"column":24}},"line":34},"4":{"name":"(anonymous_4)","decl":{"start":{"line":35,"column":2},"end":{"line":35,"column":3}},"loc":{"start":{"line":35,"column":19},"end":{"line":65,"column":3}},"line":35}},"branchMap":{"0":{"loc":{"start":{"line":13,"column":4},"end":{"line":15,"column":5}},"type":"if","locations":[{"start":{"line":13,"column":4},"end":{"line":15,"column":5}},{"start":{},"end":{}}],"line":13},"1":{"loc":{"start":{"line":18,"column":4},"end":{"line":23,"column":5}},"type":"if","locations":[{"start":{"line":18,"column":4},"end":{"line":23,"column":5}},{"start":{},"end":{}}],"line":18},"2":{"loc":{"start":{"line":39,"column":4},"end":{"line":46,"column":5}},"type":"if","locations":[{"start":{"line":39,"column":4},"end":{"line":46,"column":5}},{"start":{},"end":{}}],"line":39},"3":{"loc":{"start":{"line":39,"column":8},"end":{"line":39,"column":65}},"type":"binary-expr","locations":[{"start":{"line":39,"column":8},"end":{"line":39,"column":38}},{"start":{"line":39,"column":42},"end":{"line":39,"column":65}}],"line":39},"4":{"loc":{"start":{"line":49,"column":4},"end":{"line":54,"column":5}},"type":"if","locations":[{"start":{"line":49,"column":4},"end":{"line":54,"column":5}},{"start":{},"end":{}}],"line":49},"5":{"loc":{"start":{"line":57,"column":4},"end":{"line":62,"column":5}},"type":"if","locations":[{"start":{"line":57,"column":4},"end":{"line":62,"column":5}},{"start":{},"end":{}}],"line":57}},"s":{"0":0,"1":0,"2":0,"3":0,"4":0,"5":0,"6":0,"7":0,"8":0,"9":0,"10":0,"11":0,"12":0,"13":0,"14":0,"15":0,"16":0,"17":0,"18":0,"19":0,"20":0,"21":0,"22":0,"23":0},"f":{"0":0,"1":0,"2":0,"3":0,"4":0},"b":{"0":[0,0],"1":[0,0],"2":[0,0],"3":[0,0],"4":[0,0],"5":[0,0]}}
,"D:\\PregnancyGrowthTracking.FE\\src\\api\\constants\\apiEndpoints.js": {"path":"D:\\PregnancyGrowthTracking.FE\\src\\api\\constants\\apiEndpoints.js","statementMap":{"0":{"start":{"line":2,"column":2},"end":{"line":2,"column":106}},"1":{"start":{"line":4,"column":25},"end":{"line":72,"column":1}},"2":{"start":{"line":12,"column":20},"end":{"line":12,"column":33}},"3":{"start":{"line":14,"column":20},"end":{"line":14,"column":33}},"4":{"start":{"line":15,"column":20},"end":{"line":15,"column":33}},"5":{"start":{"line":21,"column":20},"end":{"line":21,"column":33}},"6":{"start":{"line":22,"column":20},"end":{"line":22,"column":40}},"7":{"start":{"line":23,"column":30},"end":{"line":23,"column":60}},"8":{"start":{"line":24,"column":31},"end":{"line":24,"column":62}},"9":{"start":{"line":25,"column":27},"end":{"line":25,"column":50}},"10":{"start":{"line":29,"column":37},"end":{"line":29,"column":78}},"11":{"start":{"line":35,"column":20},"end":{"line":35,"column":35}},"12":{"start":{"line":37,"column":20},"end":{"line":37,"column":35}},"13":{"start":{"line":41,"column":29},"end":{"line":41,"column":57}},"14":{"start":{"line":42,"column":23},"end":{"line":42,"column":42}},"15":{"start":{"line":44,"column":20},"end":{"line":44,"column":39}},"16":{"start":{"line":45,"column":20},"end":{"line":45,"column":39}},"17":{"start":{"line":48,"column":24},"end":{"line":48,"column":61}},"18":{"start":{"line":49,"column":21},"end":{"line":49,"column":58}},"19":{"start":{"line":53,"column":20},"end":{"line":53,"column":33}},"20":{"start":{"line":55,"column":20},"end":{"line":55,"column":33}},"21":{"start":{"line":56,"column":20},"end":{"line":56,"column":33}},"22":{"start":{"line":61,"column":33},"end":{"line":61,"column":66}},"23":{"start":{"line":62,"column":26},"end":{"line":62,"column":59}},"24":{"start":{"line":63,"column":31},"end":{"line":63,"column":71}},"25":{"start":{"line":64,"column":25},"end":{"line":64,"column":53}},"26":{"start":{"line":69,"column":26},"end":{"line":69,"column":56}},"27":{"start":{"line":70,"column":26},"end":{"line":70,"column":56}},"28":{"start":{"line":75,"column":30},"end":{"line":83,"column":1}},"29":{"start":{"line":86,"column":30},"end":{"line":93,"column":1}},"30":{"start":{"line":96,"column":33},"end":{"line":101,"column":1}}},"fnMap":{"0":{"name":"(anonymous_0)","decl":{"start":{"line":12,"column":12},"end":{"line":12,"column":13}},"loc":{"start":{"line":12,"column":20},"end":{"line":12,"column":33}},"line":12},"1":{"name":"(anonymous_1)","decl":{"start":{"line":14,"column":12},"end":{"line":14,"column":13}},"loc":{"start":{"line":14,"column":20},"end":{"line":14,"column":33}},"line":14},"2":{"name":"(anonymous_2)","decl":{"start":{"line":15,"column":12},"end":{"line":15,"column":13}},"loc":{"start":{"line":15,"column":20},"end":{"line":15,"column":33}},"line":15},"3":{"name":"(anonymous_3)","decl":{"start":{"line":21,"column":12},"end":{"line":21,"column":13}},"loc":{"start":{"line":21,"column":20},"end":{"line":21,"column":33}},"line":21},"4":{"name":"(anonymous_4)","decl":{"start":{"line":22,"column":12},"end":{"line":22,"column":13}},"loc":{"start":{"line":22,"column":20},"end":{"line":22,"column":40}},"line":22},"5":{"name":"(anonymous_5)","decl":{"start":{"line":23,"column":18},"end":{"line":23,"column":19}},"loc":{"start":{"line":23,"column":30},"end":{"line":23,"column":60}},"line":23},"6":{"name":"(anonymous_6)","decl":{"start":{"line":24,"column":19},"end":{"line":24,"column":20}},"loc":{"start":{"line":24,"column":31},"end":{"line":24,"column":62}},"line":24},"7":{"name":"(anonymous_7)","decl":{"start":{"line":25,"column":15},"end":{"line":25,"column":16}},"loc":{"start":{"line":25,"column":27},"end":{"line":25,"column":50}},"line":25},"8":{"name":"(anonymous_8)","decl":{"start":{"line":29,"column":18},"end":{"line":29,"column":19}},"loc":{"start":{"line":29,"column":37},"end":{"line":29,"column":78}},"line":29},"9":{"name":"(anonymous_9)","decl":{"start":{"line":35,"column":12},"end":{"line":35,"column":13}},"loc":{"start":{"line":35,"column":20},"end":{"line":35,"column":35}},"line":35},"10":{"name":"(anonymous_10)","decl":{"start":{"line":37,"column":12},"end":{"line":37,"column":13}},"loc":{"start":{"line":37,"column":20},"end":{"line":37,"column":35}},"line":37},"11":{"name":"(anonymous_11)","decl":{"start":{"line":41,"column":17},"end":{"line":41,"column":18}},"loc":{"start":{"line":41,"column":29},"end":{"line":41,"column":57}},"line":41},"12":{"name":"(anonymous_12)","decl":{"start":{"line":42,"column":15},"end":{"line":42,"column":16}},"loc":{"start":{"line":42,"column":23},"end":{"line":42,"column":42}},"line":42},"13":{"name":"(anonymous_13)","decl":{"start":{"line":44,"column":12},"end":{"line":44,"column":13}},"loc":{"start":{"line":44,"column":20},"end":{"line":44,"column":39}},"line":44},"14":{"name":"(anonymous_14)","decl":{"start":{"line":45,"column":12},"end":{"line":45,"column":13}},"loc":{"start":{"line":45,"column":20},"end":{"line":45,"column":39}},"line":45},"15":{"name":"(anonymous_15)","decl":{"start":{"line":48,"column":12},"end":{"line":48,"column":13}},"loc":{"start":{"line":48,"column":24},"end":{"line":48,"column":61}},"line":48},"16":{"name":"(anonymous_16)","decl":{"start":{"line":49,"column":9},"end":{"line":49,"column":10}},"loc":{"start":{"line":49,"column":21},"end":{"line":49,"column":58}},"line":49},"17":{"name":"(anonymous_17)","decl":{"start":{"line":53,"column":12},"end":{"line":53,"column":13}},"loc":{"start":{"line":53,"column":20},"end":{"line":53,"column":33}},"line":53},"18":{"name":"(anonymous_18)","decl":{"start":{"line":55,"column":12},"end":{"line":55,"column":13}},"loc":{"start":{"line":55,"column":20},"end":{"line":55,"column":33}},"line":55},"19":{"name":"(anonymous_19)","decl":{"start":{"line":56,"column":12},"end":{"line":56,"column":13}},"loc":{"start":{"line":56,"column":20},"end":{"line":56,"column":33}},"line":56},"20":{"name":"(anonymous_20)","decl":{"start":{"line":61,"column":19},"end":{"line":61,"column":20}},"loc":{"start":{"line":61,"column":33},"end":{"line":61,"column":66}},"line":61},"21":{"name":"(anonymous_21)","decl":{"start":{"line":62,"column":12},"end":{"line":62,"column":13}},"loc":{"start":{"line":62,"column":26},"end":{"line":62,"column":59}},"line":62},"22":{"name":"(anonymous_22)","decl":{"start":{"line":63,"column":12},"end":{"line":63,"column":13}},"loc":{"start":{"line":63,"column":31},"end":{"line":63,"column":71}},"line":63},"23":{"name":"(anonymous_23)","decl":{"start":{"line":64,"column":16},"end":{"line":64,"column":17}},"loc":{"start":{"line":64,"column":25},"end":{"line":64,"column":53}},"line":64},"24":{"name":"(anonymous_24)","decl":{"start":{"line":69,"column":12},"end":{"line":69,"column":13}},"loc":{"start":{"line":69,"column":26},"end":{"line":69,"column":56}},"line":69},"25":{"name":"(anonymous_25)","decl":{"start":{"line":70,"column":12},"end":{"line":70,"column":13}},"loc":{"start":{"line":70,"column":26},"end":{"line":70,"column":56}},"line":70}},"branchMap":{},"s":{"0":1,"1":1,"2":0,"3":0,"4":0,"5":0,"6":0,"7":0,"8":0,"9":0,"10":0,"11":0,"12":0,"13":0,"14":0,"15":0,"16":0,"17":0,"18":0,"19":0,"20":0,"21":0,"22":0,"23":0,"24":0,"25":0,"26":0,"27":0,"28":1,"29":1,"30":1},"f":{"0":0,"1":0,"2":0,"3":0,"4":0,"5":0,"6":0,"7":0,"8":0,"9":0,"10":0,"11":0,"12":0,"13":0,"14":0,"15":0,"16":0,"17":0,"18":0,"19":0,"20":0,"21":0,"22":0,"23":0,"24":0,"25":0},"b":{},"_coverageSchema":"1a1c01bbd47fc00a2c39e90264f33305004495a9","hash":"e501fd4c2bf4a95d887fae33374003e9059703ac"}
,"D:\\PregnancyGrowthTracking.FE\\src\\api\\services\\authService.js": {"path":"D:\\PregnancyGrowthTracking.FE\\src\\api\\services\\authService.js","statementMap":{"0":{"start":{"line":4,"column":20},"end":{"line":59,"column":1}},"1":{"start":{"line":6,"column":4},"end":{"line":28,"column":5}},"2":{"start":{"line":7,"column":23},"end":{"line":10,"column":7}},"3":{"start":{"line":11,"column":19},"end":{"line":11,"column":32}},"4":{"start":{"line":14,"column":6},"end":{"line":14,"column":48}},"5":{"start":{"line":15,"column":23},"end":{"line":22,"column":7}},"6":{"start":{"line":23,"column":6},"end":{"line":23,"column":65}},"7":{"start":{"line":25,"column":6},"end":{"line":25,"column":18}},"8":{"start":{"line":27,"column":6},"end":{"line":27,"column":18}},"9":{"start":{"line":32,"column":4},"end":{"line":40,"column":5}},"10":{"start":{"line":33,"column":23},"end":{"line":36,"column":7}},"11":{"start":{"line":37,"column":6},"end":{"line":37,"column":27}},"12":{"start":{"line":39,"column":6},"end":{"line":39,"column":18}},"13":{"start":{"line":44,"column":4},"end":{"line":52,"column":5}},"14":{"start":{"line":45,"column":23},"end":{"line":48,"column":7}},"15":{"start":{"line":49,"column":6},"end":{"line":49,"column":27}},"16":{"start":{"line":51,"column":6},"end":{"line":51,"column":18}},"17":{"start":{"line":56,"column":4},"end":{"line":56,"column":37}},"18":{"start":{"line":57,"column":4},"end":{"line":57,"column":40}}},"fnMap":{"0":{"name":"(anonymous_0)","decl":{"start":{"line":5,"column":9},"end":{"line":5,"column":10}},"loc":{"start":{"line":5,"column":32},"end":{"line":29,"column":3}},"line":5},"1":{"name":"(anonymous_1)","decl":{"start":{"line":31,"column":12},"end":{"line":31,"column":13}},"loc":{"start":{"line":31,"column":32},"end":{"line":41,"column":3}},"line":31},"2":{"name":"(anonymous_2)","decl":{"start":{"line":43,"column":18},"end":{"line":43,"column":19}},"loc":{"start":{"line":43,"column":35},"end":{"line":53,"column":3}},"line":43},"3":{"name":"(anonymous_3)","decl":{"start":{"line":55,"column":10},"end":{"line":55,"column":11}},"loc":{"start":{"line":55,"column":16},"end":{"line":58,"column":3}},"line":55}},"branchMap":{},"s":{"0":0,"1":0,"2":0,"3":0,"4":0,"5":0,"6":0,"7":0,"8":0,"9":0,"10":0,"11":0,"12":0,"13":0,"14":0,"15":0,"16":0,"17":0,"18":0},"f":{"0":0,"1":0,"2":0,"3":0},"b":{}}
,"D:\\PregnancyGrowthTracking.FE\\src\\api\\services\\blogService.js": {"path":"D:\\PregnancyGrowthTracking.FE\\src\\api\\services\\blogService.js","statementMap":{"0":{"start":{"line":4,"column":25},"end":{"line":7,"column":1}},"1":{"start":{"line":9,"column":25},"end":{"line":12,"column":1}},"2":{"start":{"line":14,"column":23},"end":{"line":19,"column":1}},"3":{"start":{"line":15,"column":2},"end":{"line":18,"column":4}},"4":{"start":{"line":21,"column":27},"end":{"line":29,"column":1}},"5":{"start":{"line":22,"column":2},"end":{"line":22,"column":61}},"6":{"start":{"line":22,"column":13},"end":{"line":22,"column":61}},"7":{"start":{"line":23,"column":2},"end":{"line":25,"column":3}},"8":{"start":{"line":24,"column":4},"end":{"line":24,"column":62}},"9":{"start":{"line":26,"column":2},"end":{"line":28,"column":3}},"10":{"start":{"line":27,"column":4},"end":{"line":27,"column":75}},"11":{"start":{"line":31,"column":25},"end":{"line":35,"column":1}},"12":{"start":{"line":32,"column":2},"end":{"line":34,"column":41}},"13":{"start":{"line":33,"column":19},"end":{"line":33,"column":49}},"14":{"start":{"line":34,"column":17},"end":{"line":34,"column":38}},"15":{"start":{"line":37,"column":20},"end":{"line":186,"column":1}},"16":{"start":{"line":40,"column":4},"end":{"line":57,"column":5}},"17":{"start":{"line":41,"column":23},"end":{"line":41,"column":67}},"18":{"start":{"line":42,"column":20},"end":{"line":42,"column":39}},"19":{"start":{"line":44,"column":6},"end":{"line":52,"column":7}},"20":{"start":{"line":45,"column":8},"end":{"line":51,"column":12}},"21":{"start":{"line":46,"column":10},"end":{"line":50,"column":11}},"22":{"start":{"line":47,"column":12},"end":{"line":47,"column":68}},"23":{"start":{"line":49,"column":12},"end":{"line":49,"column":33}},"24":{"start":{"line":54,"column":6},"end":{"line":54,"column":27}},"25":{"start":{"line":56,"column":6},"end":{"line":56,"column":64}},"26":{"start":{"line":62,"column":4},"end":{"line":67,"column":5}},"27":{"start":{"line":63,"column":23},"end":{"line":63,"column":73}},"28":{"start":{"line":64,"column":6},"end":{"line":64,"column":27}},"29":{"start":{"line":66,"column":6},"end":{"line":66,"column":64}},"30":{"start":{"line":72,"column":4},"end":{"line":87,"column":5}},"31":{"start":{"line":73,"column":6},"end":{"line":75,"column":7}},"32":{"start":{"line":74,"column":8},"end":{"line":74,"column":67}},"33":{"start":{"line":77,"column":22},"end":{"line":81,"column":7}},"34":{"start":{"line":83,"column":23},"end":{"line":83,"column":77}},"35":{"start":{"line":84,"column":6},"end":{"line":84,"column":27}},"36":{"start":{"line":86,"column":6},"end":{"line":86,"column":52}},"37":{"start":{"line":92,"column":4},"end":{"line":106,"column":5}},"38":{"start":{"line":93,"column":6},"end":{"line":93,"column":59}},"39":{"start":{"line":93,"column":15},"end":{"line":93,"column":59}},"40":{"start":{"line":95,"column":22},"end":{"line":100,"column":7}},"41":{"start":{"line":102,"column":23},"end":{"line":102,"column":76}},"42":{"start":{"line":103,"column":6},"end":{"line":103,"column":27}},"43":{"start":{"line":105,"column":6},"end":{"line":105,"column":57}},"44":{"start":{"line":111,"column":4},"end":{"line":116,"column":5}},"45":{"start":{"line":112,"column":23},"end":{"line":112,"column":76}},"46":{"start":{"line":113,"column":6},"end":{"line":113,"column":27}},"47":{"start":{"line":115,"column":6},"end":{"line":115,"column":52}},"48":{"start":{"line":121,"column":4},"end":{"line":140,"column":5}},"49":{"start":{"line":122,"column":6},"end":{"line":122,"column":59}},"50":{"start":{"line":122,"column":19},"end":{"line":122,"column":59}},"51":{"start":{"line":123,"column":6},"end":{"line":123,"column":31}},"52":{"start":{"line":125,"column":23},"end":{"line":125,"column":37}},"53":{"start":{"line":126,"column":6},"end":{"line":126,"column":36}},"54":{"start":{"line":128,"column":23},"end":{"line":135,"column":7}},"55":{"start":{"line":133,"column":38},"end":{"line":133,"column":42}},"56":{"start":{"line":137,"column":6},"end":{"line":137,"column":27}},"57":{"start":{"line":139,"column":6},"end":{"line":139,"column":53}},"58":{"start":{"line":145,"column":4},"end":{"line":164,"column":5}},"59":{"start":{"line":146,"column":6},"end":{"line":146,"column":59}},"60":{"start":{"line":146,"column":19},"end":{"line":146,"column":59}},"61":{"start":{"line":147,"column":6},"end":{"line":147,"column":31}},"62":{"start":{"line":149,"column":23},"end":{"line":149,"column":37}},"63":{"start":{"line":150,"column":6},"end":{"line":150,"column":36}},"64":{"start":{"line":152,"column":23},"end":{"line":159,"column":7}},"65":{"start":{"line":157,"column":38},"end":{"line":157,"column":42}},"66":{"start":{"line":161,"column":6},"end":{"line":161,"column":27}},"67":{"start":{"line":163,"column":6},"end":{"line":163,"column":54}},"68":{"start":{"line":168,"column":4},"end":{"line":175,"column":5}},"69":{"start":{"line":169,"column":23},"end":{"line":171,"column":8}},"70":{"start":{"line":172,"column":6},"end":{"line":172,"column":48}},"71":{"start":{"line":174,"column":6},"end":{"line":174,"column":18}},"72":{"start":{"line":179,"column":4},"end":{"line":184,"column":5}},"73":{"start":{"line":180,"column":23},"end":{"line":180,"column":67}},"74":{"start":{"line":181,"column":6},"end":{"line":181,"column":46}},"75":{"start":{"line":183,"column":6},"end":{"line":183,"column":62}}},"fnMap":{"0":{"name":"(anonymous_0)","decl":{"start":{"line":14,"column":23},"end":{"line":14,"column":24}},"loc":{"start":{"line":14,"column":50},"end":{"line":19,"column":1}},"line":14},"1":{"name":"(anonymous_1)","decl":{"start":{"line":21,"column":27},"end":{"line":21,"column":28}},"loc":{"start":{"line":21,"column":37},"end":{"line":29,"column":1}},"line":21},"2":{"name":"(anonymous_2)","decl":{"start":{"line":31,"column":25},"end":{"line":31,"column":26}},"loc":{"start":{"line":31,"column":41},"end":{"line":35,"column":1}},"line":31},"3":{"name":"(anonymous_3)","decl":{"start":{"line":33,"column":12},"end":{"line":33,"column":13}},"loc":{"start":{"line":33,"column":19},"end":{"line":33,"column":49}},"line":33},"4":{"name":"(anonymous_4)","decl":{"start":{"line":34,"column":9},"end":{"line":34,"column":10}},"loc":{"start":{"line":34,"column":17},"end":{"line":34,"column":38}},"line":34},"5":{"name":"(anonymous_5)","decl":{"start":{"line":39,"column":12},"end":{"line":39,"column":13}},"loc":{"start":{"line":39,"column":24},"end":{"line":58,"column":3}},"line":39},"6":{"name":"(anonymous_6)","decl":{"start":{"line":45,"column":36},"end":{"line":45,"column":37}},"loc":{"start":{"line":45,"column":52},"end":{"line":51,"column":9}},"line":45},"7":{"name":"(anonymous_7)","decl":{"start":{"line":61,"column":15},"end":{"line":61,"column":16}},"loc":{"start":{"line":61,"column":29},"end":{"line":68,"column":3}},"line":61},"8":{"name":"(anonymous_8)","decl":{"start":{"line":71,"column":14},"end":{"line":71,"column":15}},"loc":{"start":{"line":71,"column":34},"end":{"line":88,"column":3}},"line":71},"9":{"name":"(anonymous_9)","decl":{"start":{"line":91,"column":14},"end":{"line":91,"column":15}},"loc":{"start":{"line":91,"column":38},"end":{"line":107,"column":3}},"line":91},"10":{"name":"(anonymous_10)","decl":{"start":{"line":110,"column":14},"end":{"line":110,"column":15}},"loc":{"start":{"line":110,"column":28},"end":{"line":117,"column":3}},"line":110},"11":{"name":"(anonymous_11)","decl":{"start":{"line":120,"column":19},"end":{"line":120,"column":20}},"loc":{"start":{"line":120,"column":43},"end":{"line":141,"column":3}},"line":120},"12":{"name":"(anonymous_12)","decl":{"start":{"line":133,"column":28},"end":{"line":133,"column":29}},"loc":{"start":{"line":133,"column":38},"end":{"line":133,"column":42}},"line":133},"13":{"name":"(anonymous_13)","decl":{"start":{"line":144,"column":20},"end":{"line":144,"column":21}},"loc":{"start":{"line":144,"column":44},"end":{"line":165,"column":3}},"line":144},"14":{"name":"(anonymous_14)","decl":{"start":{"line":157,"column":28},"end":{"line":157,"column":29}},"loc":{"start":{"line":157,"column":38},"end":{"line":157,"column":42}},"line":157},"15":{"name":"(anonymous_15)","decl":{"start":{"line":167,"column":16},"end":{"line":167,"column":17}},"loc":{"start":{"line":167,"column":34},"end":{"line":176,"column":3}},"line":167},"16":{"name":"(anonymous_16)","decl":{"start":{"line":178,"column":17},"end":{"line":178,"column":18}},"loc":{"start":{"line":178,"column":29},"end":{"line":185,"column":3}},"line":178}},"branchMap":{"0":{"loc":{"start":{"line":16,"column":13},"end":{"line":16,"column":77}},"type":"binary-expr","locations":[{"start":{"line":16,"column":13},"end":{"line":16,"column":42}},{"start":{"line":16,"column":46},"end":{"line":16,"column":59}},{"start":{"line":16,"column":63},"end":{"line":16,"column":77}}],"line":16},"1":{"loc":{"start":{"line":17,"column":12},"end":{"line":17,"column":41}},"type":"binary-expr","locations":[{"start":{"line":17,"column":12},"end":{"line":17,"column":34}},{"start":{"line":17,"column":38},"end":{"line":17,"column":41}}],"line":17},"2":{"loc":{"start":{"line":22,"column":2},"end":{"line":22,"column":61}},"type":"if","locations":[{"start":{"line":22,"column":2},"end":{"line":22,"column":61}},{"start":{},"end":{}}],"line":22},"3":{"loc":{"start":{"line":23,"column":2},"end":{"line":25,"column":3}},"type":"if","locations":[{"start":{"line":23,"column":2},"end":{"line":25,"column":3}},{"start":{},"end":{}}],"line":23},"4":{"loc":{"start":{"line":26,"column":2},"end":{"line":28,"column":3}},"type":"if","locations":[{"start":{"line":26,"column":2},"end":{"line":28,"column":3}},{"start":{},"end":{}}],"line":26},"5":{"loc":{"start":{"line":32,"column":10},"end":{"line":32,"column":26}},"type":"binary-expr","locations":[{"start":{"line":32,"column":10},"end":{"line":32,"column":20}},{"start":{"line":32,"column":24},"end":{"line":32,"column":26}}],"line":32},"6":{"loc":{"start":{"line":44,"column":6},"end":{"line":52,"column":7}},"type":"if","locations":[{"start":{"line":44,"column":6},"end":{"line":52,"column":7}},{"start":{},"end":{}}],"line":44},"7":{"loc":{"start":{"line":44,"column":10},"end":{"line":44,"column":39}},"type":"binary-expr","locations":[{"start":{"line":44,"column":10},"end":{"line":44,"column":15}},{"start":{"line":44,"column":19},"end":{"line":44,"column":39}}],"line":44},"8":{"loc":{"start":{"line":73,"column":6},"end":{"line":75,"column":7}},"type":"if","locations":[{"start":{"line":73,"column":6},"end":{"line":75,"column":7}},{"start":{},"end":{}}],"line":73},"9":{"loc":{"start":{"line":73,"column":10},"end":{"line":73,"column":59}},"type":"binary-expr","locations":[{"start":{"line":73,"column":10},"end":{"line":73,"column":33}},{"start":{"line":73,"column":37},"end":{"line":73,"column":59}}],"line":73},"10":{"loc":{"start":{"line":93,"column":6},"end":{"line":93,"column":59}},"type":"if","locations":[{"start":{"line":93,"column":6},"end":{"line":93,"column":59}},{"start":{},"end":{}}],"line":93},"11":{"loc":{"start":{"line":122,"column":6},"end":{"line":122,"column":59}},"type":"if","locations":[{"start":{"line":122,"column":6},"end":{"line":122,"column":59}},{"start":{},"end":{}}],"line":122},"12":{"loc":{"start":{"line":146,"column":6},"end":{"line":146,"column":59}},"type":"if","locations":[{"start":{"line":146,"column":6},"end":{"line":146,"column":59}},{"start":{},"end":{}}],"line":146},"13":{"loc":{"start":{"line":181,"column":13},"end":{"line":181,"column":45}},"type":"binary-expr","locations":[{"start":{"line":181,"column":13},"end":{"line":181,"column":40}},{"start":{"line":181,"column":44},"end":{"line":181,"column":45}}],"line":181}},"s":{"0":0,"1":0,"2":0,"3":0,"4":0,"5":0,"6":0,"7":0,"8":0,"9":0,"10":0,"11":0,"12":0,"13":0,"14":0,"15":0,"16":0,"17":0,"18":0,"19":0,"20":0,"21":0,"22":0,"23":0,"24":0,"25":0,"26":0,"27":0,"28":0,"29":0,"30":0,"31":0,"32":0,"33":0,"34":0,"35":0,"36":0,"37":0,"38":0,"39":0,"40":0,"41":0,"42":0,"43":0,"44":0,"45":0,"46":0,"47":0,"48":0,"49":0,"50":0,"51":0,"52":0,"53":0,"54":0,"55":0,"56":0,"57":0,"58":0,"59":0,"60":0,"61":0,"62":0,"63":0,"64":0,"65":0,"66":0,"67":0,"68":0,"69":0,"70":0,"71":0,"72":0,"73":0,"74":0,"75":0},"f":{"0":0,"1":0,"2":0,"3":0,"4":0,"5":0,"6":0,"7":0,"8":0,"9":0,"10":0,"11":0,"12":0,"13":0,"14":0,"15":0,"16":0},"b":{"0":[0,0,0],"1":[0,0],"2":[0,0],"3":[0,0],"4":[0,0],"5":[0,0],"6":[0,0],"7":[0,0],"8":[0,0],"9":[0,0],"10":[0,0],"11":[0,0],"12":[0,0],"13":[0,0]}}
,"D:\\PregnancyGrowthTracking.FE\\src\\api\\services\\foetusService.js": {"path":"D:\\PregnancyGrowthTracking.FE\\src\\api\\services\\foetusService.js","statementMap":{"0":{"start":{"line":4,"column":25},"end":{"line":10,"column":1}},"1":{"start":{"line":5,"column":19},"end":{"line":5,"column":63}},"2":{"start":{"line":6,"column":2},"end":{"line":8,"column":3}},"3":{"start":{"line":7,"column":4},"end":{"line":7,"column":69}},"4":{"start":{"line":9,"column":2},"end":{"line":9,"column":18}},"5":{"start":{"line":12,"column":23},"end":{"line":17,"column":1}},"6":{"start":{"line":13,"column":2},"end":{"line":16,"column":4}},"7":{"start":{"line":19,"column":22},"end":{"line":105,"column":1}},"8":{"start":{"line":22,"column":4},"end":{"line":33,"column":5}},"9":{"start":{"line":23,"column":6},"end":{"line":23,"column":45}},"10":{"start":{"line":24,"column":23},"end":{"line":24,"column":69}},"11":{"start":{"line":25,"column":6},"end":{"line":25,"column":58}},"12":{"start":{"line":26,"column":6},"end":{"line":26,"column":27}},"13":{"start":{"line":28,"column":6},"end":{"line":31,"column":9}},"14":{"start":{"line":32,"column":6},"end":{"line":32,"column":64}},"15":{"start":{"line":38,"column":4},"end":{"line":43,"column":5}},"16":{"start":{"line":39,"column":23},"end":{"line":39,"column":75}},"17":{"start":{"line":40,"column":6},"end":{"line":40,"column":27}},"18":{"start":{"line":42,"column":6},"end":{"line":42,"column":64}},"19":{"start":{"line":48,"column":4},"end":{"line":88,"column":5}},"20":{"start":{"line":49,"column":6},"end":{"line":49,"column":39}},"21":{"start":{"line":51,"column":23},"end":{"line":51,"column":41}},"22":{"start":{"line":52,"column":6},"end":{"line":52,"column":42}},"23":{"start":{"line":55,"column":22},"end":{"line":59,"column":7}},"24":{"start":{"line":61,"column":6},"end":{"line":61,"column":47}},"25":{"start":{"line":62,"column":6},"end":{"line":62,"column":58}},"26":{"start":{"line":63,"column":6},"end":{"line":66,"column":9}},"27":{"start":{"line":68,"column":23},"end":{"line":68,"column":79}},"28":{"start":{"line":69,"column":6},"end":{"line":69,"column":50}},"29":{"start":{"line":70,"column":6},"end":{"line":70,"column":25}},"30":{"start":{"line":71,"column":6},"end":{"line":71,"column":27}},"31":{"start":{"line":73,"column":6},"end":{"line":73,"column":43}},"32":{"start":{"line":74,"column":6},"end":{"line":78,"column":9}},"33":{"start":{"line":79,"column":6},"end":{"line":79,"column":56}},"34":{"start":{"line":80,"column":6},"end":{"line":80,"column":25}},"35":{"start":{"line":83,"column":6},"end":{"line":87,"column":8}},"36":{"start":{"line":93,"column":4},"end":{"line":103,"column":5}},"37":{"start":{"line":94,"column":6},"end":{"line":96,"column":7}},"38":{"start":{"line":95,"column":8},"end":{"line":95,"column":52}},"39":{"start":{"line":98,"column":6},"end":{"line":98,"column":25}},"40":{"start":{"line":99,"column":23},"end":{"line":99,"column":84}},"41":{"start":{"line":100,"column":6},"end":{"line":100,"column":27}},"42":{"start":{"line":102,"column":6},"end":{"line":102,"column":54}}},"fnMap":{"0":{"name":"(anonymous_0)","decl":{"start":{"line":4,"column":25},"end":{"line":4,"column":26}},"loc":{"start":{"line":4,"column":31},"end":{"line":10,"column":1}},"line":4},"1":{"name":"(anonymous_1)","decl":{"start":{"line":12,"column":23},"end":{"line":12,"column":24}},"loc":{"start":{"line":12,"column":50},"end":{"line":17,"column":1}},"line":12},"2":{"name":"(anonymous_2)","decl":{"start":{"line":21,"column":17},"end":{"line":21,"column":18}},"loc":{"start":{"line":21,"column":29},"end":{"line":34,"column":3}},"line":21},"3":{"name":"(anonymous_3)","decl":{"start":{"line":37,"column":17},"end":{"line":37,"column":18}},"loc":{"start":{"line":37,"column":31},"end":{"line":44,"column":3}},"line":37},"4":{"name":"(anonymous_4)","decl":{"start":{"line":47,"column":16},"end":{"line":47,"column":17}},"loc":{"start":{"line":47,"column":38},"end":{"line":89,"column":3}},"line":47},"5":{"name":"(anonymous_5)","decl":{"start":{"line":92,"column":16},"end":{"line":92,"column":17}},"loc":{"start":{"line":92,"column":36},"end":{"line":104,"column":3}},"line":92}},"branchMap":{"0":{"loc":{"start":{"line":6,"column":2},"end":{"line":8,"column":3}},"type":"if","locations":[{"start":{"line":6,"column":2},"end":{"line":8,"column":3}},{"start":{},"end":{}}],"line":6},"1":{"loc":{"start":{"line":14,"column":13},"end":{"line":14,"column":60}},"type":"binary-expr","locations":[{"start":{"line":14,"column":13},"end":{"line":14,"column":42}},{"start":{"line":14,"column":46},"end":{"line":14,"column":60}}],"line":14},"2":{"loc":{"start":{"line":15,"column":12},"end":{"line":15,"column":41}},"type":"binary-expr","locations":[{"start":{"line":15,"column":12},"end":{"line":15,"column":34}},{"start":{"line":15,"column":38},"end":{"line":15,"column":41}}],"line":15},"3":{"loc":{"start":{"line":29,"column":15},"end":{"line":29,"column":52}},"type":"binary-expr","locations":[{"start":{"line":29,"column":15},"end":{"line":29,"column":35}},{"start":{"line":29,"column":39},"end":{"line":29,"column":52}}],"line":29},"4":{"loc":{"start":{"line":84,"column":17},"end":{"line":84,"column":78}},"type":"binary-expr","locations":[{"start":{"line":84,"column":17},"end":{"line":84,"column":46}},{"start":{"line":84,"column":50},"end":{"line":84,"column":78}}],"line":84},"5":{"loc":{"start":{"line":85,"column":16},"end":{"line":85,"column":45}},"type":"binary-expr","locations":[{"start":{"line":85,"column":16},"end":{"line":85,"column":38}},{"start":{"line":85,"column":42},"end":{"line":85,"column":45}}],"line":85},"6":{"loc":{"start":{"line":94,"column":6},"end":{"line":96,"column":7}},"type":"if","locations":[{"start":{"line":94,"column":6},"end":{"line":96,"column":7}},{"start":{},"end":{}}],"line":94}},"s":{"0":0,"1":0,"2":0,"3":0,"4":0,"5":0,"6":0,"7":0,"8":0,"9":0,"10":0,"11":0,"12":0,"13":0,"14":0,"15":0,"16":0,"17":0,"18":0,"19":0,"20":0,"21":0,"22":0,"23":0,"24":0,"25":0,"26":0,"27":0,"28":0,"29":0,"30":0,"31":0,"32":0,"33":0,"34":0,"35":0,"36":0,"37":0,"38":0,"39":0,"40":0,"41":0,"42":0},"f":{"0":0,"1":0,"2":0,"3":0,"4":0,"5":0},"b":{"0":[0,0],"1":[0,0],"2":[0,0],"3":[0,0],"4":[0,0],"5":[0,0],"6":[0,0]}}
,"D:\\PregnancyGrowthTracking.FE\\src\\api\\services\\growthStatsService.js": {"path":"D:\\PregnancyGrowthTracking.FE\\src\\api\\services\\growthStatsService.js","statementMap":{"0":{"start":{"line":4,"column":27},"end":{"line":98,"column":1}},"1":{"start":{"line":7,"column":4},"end":{"line":15,"column":5}},"2":{"start":{"line":8,"column":23},"end":{"line":10,"column":7}},"3":{"start":{"line":11,"column":6},"end":{"line":11,"column":27}},"4":{"start":{"line":13,"column":6},"end":{"line":13,"column":63}},"5":{"start":{"line":14,"column":6},"end":{"line":14,"column":18}},"6":{"start":{"line":20,"column":4},"end":{"line":83,"column":5}},"7":{"start":{"line":21,"column":23},"end":{"line":21,"column":67}},"8":{"start":{"line":22,"column":6},"end":{"line":24,"column":7}},"9":{"start":{"line":23,"column":8},"end":{"line":23,"column":73}},"10":{"start":{"line":27,"column":6},"end":{"line":27,"column":56}},"11":{"start":{"line":28,"column":6},"end":{"line":32,"column":9}},"12":{"start":{"line":33,"column":6},"end":{"line":33,"column":25}},"13":{"start":{"line":35,"column":26},"end":{"line":44,"column":7}},"14":{"start":{"line":47,"column":6},"end":{"line":47,"column":53}},"15":{"start":{"line":48,"column":6},"end":{"line":48,"column":65}},"16":{"start":{"line":49,"column":6},"end":{"line":49,"column":48}},"17":{"start":{"line":50,"column":6},"end":{"line":50,"column":25}},"18":{"start":{"line":52,"column":23},"end":{"line":55,"column":7}},"19":{"start":{"line":58,"column":6},"end":{"line":58,"column":54}},"20":{"start":{"line":59,"column":6},"end":{"line":59,"column":46}},"21":{"start":{"line":60,"column":6},"end":{"line":60,"column":55}},"22":{"start":{"line":61,"column":6},"end":{"line":61,"column":51}},"23":{"start":{"line":62,"column":6},"end":{"line":62,"column":25}},"24":{"start":{"line":64,"column":6},"end":{"line":68,"column":8}},"25":{"start":{"line":71,"column":6},"end":{"line":71,"column":51}},"26":{"start":{"line":72,"column":6},"end":{"line":72,"column":47}},"27":{"start":{"line":73,"column":6},"end":{"line":73,"column":53}},"28":{"start":{"line":74,"column":6},"end":{"line":74,"column":64}},"29":{"start":{"line":75,"column":6},"end":{"line":75,"column":60}},"30":{"start":{"line":76,"column":6},"end":{"line":76,"column":25}},"31":{"start":{"line":78,"column":6},"end":{"line":82,"column":8}},"32":{"start":{"line":88,"column":4},"end":{"line":96,"column":5}},"33":{"start":{"line":89,"column":23},"end":{"line":91,"column":7}},"34":{"start":{"line":92,"column":6},"end":{"line":92,"column":27}},"35":{"start":{"line":94,"column":6},"end":{"line":94,"column":56}},"36":{"start":{"line":95,"column":6},"end":{"line":95,"column":18}}},"fnMap":{"0":{"name":"(anonymous_0)","decl":{"start":{"line":6,"column":17},"end":{"line":6,"column":18}},"loc":{"start":{"line":6,"column":37},"end":{"line":16,"column":3}},"line":6},"1":{"name":"(anonymous_1)","decl":{"start":{"line":19,"column":21},"end":{"line":19,"column":22}},"loc":{"start":{"line":19,"column":52},"end":{"line":84,"column":3}},"line":19},"2":{"name":"(anonymous_2)","decl":{"start":{"line":87,"column":19},"end":{"line":87,"column":20}},"loc":{"start":{"line":87,"column":34},"end":{"line":97,"column":3}},"line":87}},"branchMap":{"0":{"loc":{"start":{"line":22,"column":6},"end":{"line":24,"column":7}},"type":"if","locations":[{"start":{"line":22,"column":6},"end":{"line":24,"column":7}},{"start":{},"end":{}}],"line":22},"1":{"loc":{"start":{"line":39,"column":12},"end":{"line":39,"column":37}},"type":"binary-expr","locations":[{"start":{"line":39,"column":12},"end":{"line":39,"column":32}},{"start":{"line":39,"column":36},"end":{"line":39,"column":37}}],"line":39},"2":{"loc":{"start":{"line":40,"column":12},"end":{"line":40,"column":37}},"type":"binary-expr","locations":[{"start":{"line":40,"column":12},"end":{"line":40,"column":32}},{"start":{"line":40,"column":36},"end":{"line":40,"column":37}}],"line":40},"3":{"loc":{"start":{"line":41,"column":12},"end":{"line":41,"column":37}},"type":"binary-expr","locations":[{"start":{"line":41,"column":12},"end":{"line":41,"column":32}},{"start":{"line":41,"column":36},"end":{"line":41,"column":37}}],"line":41},"4":{"loc":{"start":{"line":42,"column":13},"end":{"line":42,"column":39}},"type":"binary-expr","locations":[{"start":{"line":42,"column":13},"end":{"line":42,"column":34}},{"start":{"line":42,"column":38},"end":{"line":42,"column":39}}],"line":42},"5":{"loc":{"start":{"line":80,"column":15},"end":{"line":80,"column":52}},"type":"binary-expr","locations":[{"start":{"line":80,"column":15},"end":{"line":80,"column":35}},{"start":{"line":80,"column":39},"end":{"line":80,"column":52}}],"line":80}},"s":{"0":0,"1":0,"2":0,"3":0,"4":0,"5":0,"6":0,"7":0,"8":0,"9":0,"10":0,"11":0,"12":0,"13":0,"14":0,"15":0,"16":0,"17":0,"18":0,"19":0,"20":0,"21":0,"22":0,"23":0,"24":0,"25":0,"26":0,"27":0,"28":0,"29":0,"30":0,"31":0,"32":0,"33":0,"34":0,"35":0,"36":0},"f":{"0":0,"1":0,"2":0},"b":{"0":[0,0],"1":[0,0],"2":[0,0],"3":[0,0],"4":[0,0],"5":[0,0]}}
,"D:\\PregnancyGrowthTracking.FE\\src\\api\\services\\paymentService.js": {"path":"D:\\PregnancyGrowthTracking.FE\\src\\api\\services\\paymentService.js","statementMap":{"0":{"start":{"line":4,"column":23},"end":{"line":101,"column":1}},"1":{"start":{"line":6,"column":4},"end":{"line":22,"column":5}},"2":{"start":{"line":7,"column":26},"end":{"line":13,"column":7}},"3":{"start":{"line":15,"column":23},"end":{"line":18,"column":7}},"4":{"start":{"line":19,"column":6},"end":{"line":19,"column":27}},"5":{"start":{"line":21,"column":6},"end":{"line":21,"column":18}},"6":{"start":{"line":26,"column":4},"end":{"line":33,"column":5}},"7":{"start":{"line":27,"column":23},"end":{"line":29,"column":7}},"8":{"start":{"line":30,"column":6},"end":{"line":30,"column":27}},"9":{"start":{"line":32,"column":6},"end":{"line":32,"column":18}},"10":{"start":{"line":37,"column":4},"end":{"line":44,"column":5}},"11":{"start":{"line":38,"column":23},"end":{"line":40,"column":7}},"12":{"start":{"line":41,"column":6},"end":{"line":41,"column":27}},"13":{"start":{"line":43,"column":6},"end":{"line":43,"column":18}},"14":{"start":{"line":48,"column":4},"end":{"line":55,"column":5}},"15":{"start":{"line":49,"column":23},"end":{"line":51,"column":7}},"16":{"start":{"line":52,"column":6},"end":{"line":52,"column":27}},"17":{"start":{"line":54,"column":6},"end":{"line":54,"column":18}},"18":{"start":{"line":59,"column":4},"end":{"line":66,"column":5}},"19":{"start":{"line":60,"column":23},"end":{"line":62,"column":7}},"20":{"start":{"line":63,"column":6},"end":{"line":63,"column":27}},"21":{"start":{"line":65,"column":6},"end":{"line":65,"column":18}},"22":{"start":{"line":70,"column":4},"end":{"line":99,"column":5}},"23":{"start":{"line":71,"column":23},"end":{"line":73,"column":7}},"24":{"start":{"line":75,"column":28},"end":{"line":82,"column":8}},"25":{"start":{"line":76,"column":8},"end":{"line":81,"column":10}},"26":{"start":{"line":85,"column":6},"end":{"line":92,"column":9}},"27":{"start":{"line":86,"column":8},"end":{"line":91,"column":9}},"28":{"start":{"line":87,"column":30},"end":{"line":87,"column":62}},"29":{"start":{"line":88,"column":33},"end":{"line":88,"column":45}},"30":{"start":{"line":89,"column":10},"end":{"line":90,"column":65}},"31":{"start":{"line":94,"column":6},"end":{"line":94,"column":60}},"32":{"start":{"line":95,"column":6},"end":{"line":95,"column":27}},"33":{"start":{"line":97,"column":6},"end":{"line":97,"column":72}},"34":{"start":{"line":98,"column":6},"end":{"line":98,"column":18}}},"fnMap":{"0":{"name":"(anonymous_0)","decl":{"start":{"line":5,"column":17},"end":{"line":5,"column":18}},"loc":{"start":{"line":5,"column":40},"end":{"line":23,"column":3}},"line":5},"1":{"name":"(anonymous_1)","decl":{"start":{"line":25,"column":19},"end":{"line":25,"column":20}},"loc":{"start":{"line":25,"column":31},"end":{"line":34,"column":3}},"line":25},"2":{"name":"(anonymous_2)","decl":{"start":{"line":36,"column":22},"end":{"line":36,"column":23}},"loc":{"start":{"line":36,"column":47},"end":{"line":45,"column":3}},"line":36},"3":{"name":"(anonymous_3)","decl":{"start":{"line":47,"column":21},"end":{"line":47,"column":22}},"loc":{"start":{"line":47,"column":33},"end":{"line":56,"column":3}},"line":47},"4":{"name":"(anonymous_4)","decl":{"start":{"line":58,"column":19},"end":{"line":58,"column":20}},"loc":{"start":{"line":58,"column":31},"end":{"line":67,"column":3}},"line":58},"5":{"name":"(anonymous_5)","decl":{"start":{"line":69,"column":21},"end":{"line":69,"column":22}},"loc":{"start":{"line":69,"column":33},"end":{"line":100,"column":3}},"line":69},"6":{"name":"(anonymous_6)","decl":{"start":{"line":75,"column":46},"end":{"line":75,"column":47}},"loc":{"start":{"line":75,"column":56},"end":{"line":82,"column":7}},"line":75},"7":{"name":"(anonymous_7)","decl":{"start":{"line":85,"column":28},"end":{"line":85,"column":29}},"loc":{"start":{"line":85,"column":45},"end":{"line":92,"column":7}},"line":85}},"branchMap":{"0":{"loc":{"start":{"line":86,"column":8},"end":{"line":91,"column":9}},"type":"if","locations":[{"start":{"line":86,"column":8},"end":{"line":91,"column":9}},{"start":{},"end":{}}],"line":86}},"s":{"0":0,"1":0,"2":0,"3":0,"4":0,"5":0,"6":0,"7":0,"8":0,"9":0,"10":0,"11":0,"12":0,"13":0,"14":0,"15":0,"16":0,"17":0,"18":0,"19":0,"20":0,"21":0,"22":0,"23":0,"24":0,"25":0,"26":0,"27":0,"28":0,"29":0,"30":0,"31":0,"32":0,"33":0,"34":0},"f":{"0":0,"1":0,"2":0,"3":0,"4":0,"5":0,"6":0,"7":0},"b":{"0":[0,0]}}
,"D:\\PregnancyGrowthTracking.FE\\src\\api\\services\\profileImageService.js": {"path":"D:\\PregnancyGrowthTracking.FE\\src\\api\\services\\profileImageService.js","statementMap":{"0":{"start":{"line":4,"column":28},"end":{"line":59,"column":1}},"1":{"start":{"line":6,"column":4},"end":{"line":40,"column":5}},"2":{"start":{"line":7,"column":23},"end":{"line":7,"column":67}},"3":{"start":{"line":8,"column":6},"end":{"line":10,"column":7}},"4":{"start":{"line":9,"column":8},"end":{"line":9,"column":49}},"5":{"start":{"line":12,"column":23},"end":{"line":12,"column":37}},"6":{"start":{"line":13,"column":6},"end":{"line":13,"column":36}},"7":{"start":{"line":15,"column":6},"end":{"line":15,"column":66}},"8":{"start":{"line":17,"column":23},"end":{"line":26,"column":7}},"9":{"start":{"line":24,"column":38},"end":{"line":24,"column":42}},"10":{"start":{"line":28,"column":6},"end":{"line":28,"column":53}},"11":{"start":{"line":31,"column":6},"end":{"line":34,"column":7}},"12":{"start":{"line":32,"column":8},"end":{"line":32,"column":65}},"13":{"start":{"line":33,"column":8},"end":{"line":33,"column":67}},"14":{"start":{"line":36,"column":6},"end":{"line":36,"column":27}},"15":{"start":{"line":38,"column":6},"end":{"line":38,"column":60}},"16":{"start":{"line":39,"column":6},"end":{"line":39,"column":18}},"17":{"start":{"line":44,"column":4},"end":{"line":57,"column":5}},"18":{"start":{"line":45,"column":23},"end":{"line":45,"column":67}},"19":{"start":{"line":46,"column":6},"end":{"line":48,"column":7}},"20":{"start":{"line":47,"column":8},"end":{"line":47,"column":49}},"21":{"start":{"line":50,"column":23},"end":{"line":52,"column":7}},"22":{"start":{"line":53,"column":6},"end":{"line":53,"column":27}},"23":{"start":{"line":55,"column":6},"end":{"line":55,"column":59}},"24":{"start":{"line":56,"column":6},"end":{"line":56,"column":18}}},"fnMap":{"0":{"name":"(anonymous_0)","decl":{"start":{"line":5,"column":22},"end":{"line":5,"column":23}},"loc":{"start":{"line":5,"column":38},"end":{"line":41,"column":3}},"line":5},"1":{"name":"(anonymous_1)","decl":{"start":{"line":24,"column":28},"end":{"line":24,"column":29}},"loc":{"start":{"line":24,"column":38},"end":{"line":24,"column":42}},"line":24},"2":{"name":"(anonymous_2)","decl":{"start":{"line":43,"column":19},"end":{"line":43,"column":20}},"loc":{"start":{"line":43,"column":31},"end":{"line":58,"column":3}},"line":43}},"branchMap":{"0":{"loc":{"start":{"line":8,"column":6},"end":{"line":10,"column":7}},"type":"if","locations":[{"start":{"line":8,"column":6},"end":{"line":10,"column":7}},{"start":{},"end":{}}],"line":8},"1":{"loc":{"start":{"line":31,"column":6},"end":{"line":34,"column":7}},"type":"if","locations":[{"start":{"line":31,"column":6},"end":{"line":34,"column":7}},{"start":{},"end":{}}],"line":31},"2":{"loc":{"start":{"line":46,"column":6},"end":{"line":48,"column":7}},"type":"if","locations":[{"start":{"line":46,"column":6},"end":{"line":48,"column":7}},{"start":{},"end":{}}],"line":46}},"s":{"0":0,"1":0,"2":0,"3":0,"4":0,"5":0,"6":0,"7":0,"8":0,"9":0,"10":0,"11":0,"12":0,"13":0,"14":0,"15":0,"16":0,"17":0,"18":0,"19":0,"20":0,"21":0,"22":0,"23":0,"24":0},"f":{"0":0,"1":0,"2":0},"b":{"0":[0,0],"1":[0,0],"2":[0,0]}}
,"D:\\PregnancyGrowthTracking.FE\\src\\api\\services\\reminderService.js": {"path":"D:\\PregnancyGrowthTracking.FE\\src\\api\\services\\reminderService.js","statementMap":{"0":{"start":{"line":4,"column":25},"end":{"line":10,"column":1}},"1":{"start":{"line":5,"column":19},"end":{"line":5,"column":63}},"2":{"start":{"line":6,"column":2},"end":{"line":8,"column":3}},"3":{"start":{"line":7,"column":4},"end":{"line":7,"column":69}},"4":{"start":{"line":9,"column":2},"end":{"line":9,"column":18}},"5":{"start":{"line":12,"column":23},"end":{"line":18,"column":1}},"6":{"start":{"line":13,"column":2},"end":{"line":17,"column":4}},"7":{"start":{"line":20,"column":29},"end":{"line":29,"column":2}},"8":{"start":{"line":20,"column":58},"end":{"line":29,"column":1}},"9":{"start":{"line":31,"column":29},"end":{"line":37,"column":2}},"10":{"start":{"line":31,"column":48},"end":{"line":37,"column":1}},"11":{"start":{"line":39,"column":24},"end":{"line":109,"column":1}},"12":{"start":{"line":42,"column":4},"end":{"line":57,"column":5}},"13":{"start":{"line":43,"column":23},"end":{"line":43,"column":41}},"14":{"start":{"line":44,"column":22},"end":{"line":44,"column":66}},"15":{"start":{"line":46,"column":23},"end":{"line":52,"column":7}},"16":{"start":{"line":54,"column":6},"end":{"line":54,"column":27}},"17":{"start":{"line":56,"column":6},"end":{"line":56,"column":59}},"18":{"start":{"line":62,"column":4},"end":{"line":67,"column":5}},"19":{"start":{"line":63,"column":23},"end":{"line":63,"column":71}},"20":{"start":{"line":64,"column":6},"end":{"line":64,"column":27}},"21":{"start":{"line":66,"column":6},"end":{"line":66,"column":69}},"22":{"start":{"line":72,"column":4},"end":{"line":84,"column":5}},"23":{"start":{"line":73,"column":6},"end":{"line":75,"column":7}},"24":{"start":{"line":74,"column":8},"end":{"line":74,"column":57}},"25":{"start":{"line":77,"column":23},"end":{"line":79,"column":7}},"26":{"start":{"line":81,"column":6},"end":{"line":81,"column":27}},"27":{"start":{"line":83,"column":6},"end":{"line":83,"column":59}},"28":{"start":{"line":89,"column":4},"end":{"line":107,"column":5}},"29":{"start":{"line":90,"column":6},"end":{"line":92,"column":7}},"30":{"start":{"line":91,"column":8},"end":{"line":91,"column":57}},"31":{"start":{"line":94,"column":22},"end":{"line":94,"column":56}},"32":{"start":{"line":96,"column":23},"end":{"line":102,"column":7}},"33":{"start":{"line":104,"column":6},"end":{"line":104,"column":27}},"34":{"start":{"line":106,"column":6},"end":{"line":106,"column":64}}},"fnMap":{"0":{"name":"(anonymous_0)","decl":{"start":{"line":4,"column":25},"end":{"line":4,"column":26}},"loc":{"start":{"line":4,"column":31},"end":{"line":10,"column":1}},"line":4},"1":{"name":"(anonymous_1)","decl":{"start":{"line":12,"column":23},"end":{"line":12,"column":24}},"loc":{"start":{"line":12,"column":50},"end":{"line":18,"column":1}},"line":12},"2":{"name":"(anonymous_2)","decl":{"start":{"line":20,"column":29},"end":{"line":20,"column":30}},"loc":{"start":{"line":20,"column":58},"end":{"line":29,"column":1}},"line":20},"3":{"name":"(anonymous_3)","decl":{"start":{"line":31,"column":29},"end":{"line":31,"column":30}},"loc":{"start":{"line":31,"column":48},"end":{"line":37,"column":1}},"line":31},"4":{"name":"(anonymous_4)","decl":{"start":{"line":41,"column":18},"end":{"line":41,"column":19}},"loc":{"start":{"line":41,"column":42},"end":{"line":58,"column":3}},"line":41},"5":{"name":"(anonymous_5)","decl":{"start":{"line":61,"column":22},"end":{"line":61,"column":23}},"loc":{"start":{"line":61,"column":34},"end":{"line":68,"column":3}},"line":61},"6":{"name":"(anonymous_6)","decl":{"start":{"line":71,"column":18},"end":{"line":71,"column":19}},"loc":{"start":{"line":71,"column":38},"end":{"line":85,"column":3}},"line":71},"7":{"name":"(anonymous_7)","decl":{"start":{"line":88,"column":18},"end":{"line":88,"column":19}},"loc":{"start":{"line":88,"column":52},"end":{"line":108,"column":3}},"line":88}},"branchMap":{"0":{"loc":{"start":{"line":6,"column":2},"end":{"line":8,"column":3}},"type":"if","locations":[{"start":{"line":6,"column":2},"end":{"line":8,"column":3}},{"start":{},"end":{}}],"line":6},"1":{"loc":{"start":{"line":14,"column":13},"end":{"line":14,"column":77}},"type":"binary-expr","locations":[{"start":{"line":14,"column":13},"end":{"line":14,"column":42}},{"start":{"line":14,"column":46},"end":{"line":14,"column":59}},{"start":{"line":14,"column":63},"end":{"line":14,"column":77}}],"line":14},"2":{"loc":{"start":{"line":15,"column":12},"end":{"line":15,"column":41}},"type":"binary-expr","locations":[{"start":{"line":15,"column":12},"end":{"line":15,"column":34}},{"start":{"line":15,"column":38},"end":{"line":15,"column":41}}],"line":15},"3":{"loc":{"start":{"line":25,"column":16},"end":{"line":25,"column":47}},"type":"binary-expr","locations":[{"start":{"line":25,"column":16},"end":{"line":25,"column":41}},{"start":{"line":25,"column":45},"end":{"line":25,"column":47}}],"line":25},"4":{"loc":{"start":{"line":35,"column":16},"end":{"line":35,"column":47}},"type":"binary-expr","locations":[{"start":{"line":35,"column":16},"end":{"line":35,"column":41}},{"start":{"line":35,"column":45},"end":{"line":35,"column":47}}],"line":35},"5":{"loc":{"start":{"line":73,"column":6},"end":{"line":75,"column":7}},"type":"if","locations":[{"start":{"line":73,"column":6},"end":{"line":75,"column":7}},{"start":{},"end":{}}],"line":73},"6":{"loc":{"start":{"line":90,"column":6},"end":{"line":92,"column":7}},"type":"if","locations":[{"start":{"line":90,"column":6},"end":{"line":92,"column":7}},{"start":{},"end":{}}],"line":90}},"s":{"0":0,"1":0,"2":0,"3":0,"4":0,"5":0,"6":0,"7":0,"8":0,"9":0,"10":0,"11":0,"12":0,"13":0,"14":0,"15":0,"16":0,"17":0,"18":0,"19":0,"20":0,"21":0,"22":0,"23":0,"24":0,"25":0,"26":0,"27":0,"28":0,"29":0,"30":0,"31":0,"32":0,"33":0,"34":0},"f":{"0":0,"1":0,"2":0,"3":0,"4":0,"5":0,"6":0,"7":0},"b":{"0":[0,0],"1":[0,0,0],"2":[0,0],"3":[0,0],"4":[0,0],"5":[0,0],"6":[0,0]}}
,"D:\\PregnancyGrowthTracking.FE\\src\\api\\services\\userManagementService.js": {"path":"D:\\PregnancyGrowthTracking.FE\\src\\api\\services\\userManagementService.js","statementMap":{"0":{"start":{"line":4,"column":30},"end":{"line":153,"column":1}},"1":{"start":{"line":7,"column":4},"end":{"line":17,"column":5}},"2":{"start":{"line":8,"column":23},"end":{"line":8,"column":78}},"3":{"start":{"line":9,"column":6},"end":{"line":9,"column":27}},"4":{"start":{"line":11,"column":6},"end":{"line":11,"column":52}},"5":{"start":{"line":12,"column":6},"end":{"line":16,"column":8}},"6":{"start":{"line":22,"column":4},"end":{"line":38,"column":5}},"7":{"start":{"line":23,"column":6},"end":{"line":25,"column":7}},"8":{"start":{"line":24,"column":8},"end":{"line":24,"column":67}},"9":{"start":{"line":26,"column":23},"end":{"line":29,"column":7}},"10":{"start":{"line":30,"column":6},"end":{"line":30,"column":27}},"11":{"start":{"line":32,"column":6},"end":{"line":32,"column":51}},"12":{"start":{"line":33,"column":6},"end":{"line":37,"column":8}},"13":{"start":{"line":43,"column":4},"end":{"line":80,"column":5}},"14":{"start":{"line":44,"column":6},"end":{"line":44,"column":61}},"15":{"start":{"line":44,"column":15},"end":{"line":44,"column":61}},"16":{"start":{"line":47,"column":6},"end":{"line":47,"column":43}},"17":{"start":{"line":48,"column":6},"end":{"line":48,"column":34}},"18":{"start":{"line":49,"column":6},"end":{"line":49,"column":69}},"19":{"start":{"line":50,"column":6},"end":{"line":50,"column":25}},"20":{"start":{"line":52,"column":23},"end":{"line":60,"column":7}},"21":{"start":{"line":62,"column":6},"end":{"line":62,"column":27}},"22":{"start":{"line":65,"column":6},"end":{"line":65,"column":41}},"23":{"start":{"line":66,"column":6},"end":{"line":71,"column":9}},"24":{"start":{"line":72,"column":6},"end":{"line":72,"column":25}},"25":{"start":{"line":75,"column":6},"end":{"line":77,"column":7}},"26":{"start":{"line":76,"column":8},"end":{"line":76,"column":81}},"27":{"start":{"line":79,"column":6},"end":{"line":79,"column":65}},"28":{"start":{"line":85,"column":4},"end":{"line":97,"column":5}},"29":{"start":{"line":86,"column":6},"end":{"line":86,"column":61}},"30":{"start":{"line":86,"column":15},"end":{"line":86,"column":61}},"31":{"start":{"line":87,"column":23},"end":{"line":89,"column":7}},"32":{"start":{"line":90,"column":6},"end":{"line":90,"column":27}},"33":{"start":{"line":92,"column":6},"end":{"line":92,"column":51}},"34":{"start":{"line":93,"column":6},"end":{"line":96,"column":8}},"35":{"start":{"line":101,"column":4},"end":{"line":113,"column":5}},"36":{"start":{"line":102,"column":23},"end":{"line":104,"column":7}},"37":{"start":{"line":105,"column":6},"end":{"line":105,"column":27}},"38":{"start":{"line":107,"column":6},"end":{"line":107,"column":58}},"39":{"start":{"line":108,"column":6},"end":{"line":112,"column":8}},"40":{"start":{"line":117,"column":4},"end":{"line":151,"column":5}},"41":{"start":{"line":118,"column":23},"end":{"line":120,"column":7}},"42":{"start":{"line":121,"column":6},"end":{"line":121,"column":50}},"43":{"start":{"line":124,"column":28},"end":{"line":128,"column":9}},"44":{"start":{"line":124,"column":57},"end":{"line":128,"column":7}},"45":{"start":{"line":131,"column":6},"end":{"line":139,"column":9}},"46":{"start":{"line":132,"column":8},"end":{"line":138,"column":9}},"47":{"start":{"line":133,"column":28},"end":{"line":133,"column":58}},"48":{"start":{"line":134,"column":31},"end":{"line":134,"column":41}},"49":{"start":{"line":135,"column":10},"end":{"line":137,"column":11}},"50":{"start":{"line":136,"column":12},"end":{"line":136,"column":77}},"51":{"start":{"line":141,"column":6},"end":{"line":141,"column":52}},"52":{"start":{"line":142,"column":6},"end":{"line":142,"column":27}},"53":{"start":{"line":144,"column":6},"end":{"line":144,"column":65}},"54":{"start":{"line":145,"column":6},"end":{"line":150,"column":8}}},"fnMap":{"0":{"name":"(anonymous_0)","decl":{"start":{"line":6,"column":12},"end":{"line":6,"column":13}},"loc":{"start":{"line":6,"column":24},"end":{"line":18,"column":3}},"line":6},"1":{"name":"(anonymous_1)","decl":{"start":{"line":21,"column":14},"end":{"line":21,"column":15}},"loc":{"start":{"line":21,"column":34},"end":{"line":39,"column":3}},"line":21},"2":{"name":"(anonymous_2)","decl":{"start":{"line":42,"column":14},"end":{"line":42,"column":15}},"loc":{"start":{"line":42,"column":38},"end":{"line":81,"column":3}},"line":42},"3":{"name":"(anonymous_3)","decl":{"start":{"line":84,"column":14},"end":{"line":84,"column":15}},"loc":{"start":{"line":84,"column":28},"end":{"line":98,"column":3}},"line":84},"4":{"name":"(anonymous_4)","decl":{"start":{"line":100,"column":17},"end":{"line":100,"column":18}},"loc":{"start":{"line":100,"column":29},"end":{"line":114,"column":3}},"line":100},"5":{"name":"(anonymous_5)","decl":{"start":{"line":116,"column":23},"end":{"line":116,"column":24}},"loc":{"start":{"line":116,"column":35},"end":{"line":152,"column":3}},"line":116},"6":{"name":"(anonymous_6)","decl":{"start":{"line":124,"column":46},"end":{"line":124,"column":47}},"loc":{"start":{"line":124,"column":57},"end":{"line":128,"column":7}},"line":124},"7":{"name":"(anonymous_7)","decl":{"start":{"line":131,"column":28},"end":{"line":131,"column":29}},"loc":{"start":{"line":131,"column":45},"end":{"line":139,"column":7}},"line":131}},"branchMap":{"0":{"loc":{"start":{"line":14,"column":10},"end":{"line":14,"column":79}},"type":"binary-expr","locations":[{"start":{"line":14,"column":10},"end":{"line":14,"column":39}},{"start":{"line":14,"column":43},"end":{"line":14,"column":79}}],"line":14},"1":{"loc":{"start":{"line":15,"column":16},"end":{"line":15,"column":45}},"type":"binary-expr","locations":[{"start":{"line":15,"column":16},"end":{"line":15,"column":38}},{"start":{"line":15,"column":42},"end":{"line":15,"column":45}}],"line":15},"2":{"loc":{"start":{"line":23,"column":6},"end":{"line":25,"column":7}},"type":"if","locations":[{"start":{"line":23,"column":6},"end":{"line":25,"column":7}},{"start":{},"end":{}}],"line":23},"3":{"loc":{"start":{"line":23,"column":10},"end":{"line":23,"column":69}},"type":"binary-expr","locations":[{"start":{"line":23,"column":10},"end":{"line":23,"column":28}},{"start":{"line":23,"column":32},"end":{"line":23,"column":47}},{"start":{"line":23,"column":51},"end":{"line":23,"column":69}}],"line":23},"4":{"loc":{"start":{"line":35,"column":10},"end":{"line":35,"column":73}},"type":"binary-expr","locations":[{"start":{"line":35,"column":10},"end":{"line":35,"column":39}},{"start":{"line":35,"column":43},"end":{"line":35,"column":73}}],"line":35},"5":{"loc":{"start":{"line":36,"column":16},"end":{"line":36,"column":45}},"type":"binary-expr","locations":[{"start":{"line":36,"column":16},"end":{"line":36,"column":38}},{"start":{"line":36,"column":42},"end":{"line":36,"column":45}}],"line":36},"6":{"loc":{"start":{"line":44,"column":6},"end":{"line":44,"column":61}},"type":"if","locations":[{"start":{"line":44,"column":6},"end":{"line":44,"column":61}},{"start":{},"end":{}}],"line":44},"7":{"loc":{"start":{"line":75,"column":6},"end":{"line":77,"column":7}},"type":"if","locations":[{"start":{"line":75,"column":6},"end":{"line":77,"column":7}},{"start":{},"end":{}}],"line":75},"8":{"loc":{"start":{"line":76,"column":24},"end":{"line":76,"column":79}},"type":"binary-expr","locations":[{"start":{"line":76,"column":24},"end":{"line":76,"column":53}},{"start":{"line":76,"column":57},"end":{"line":76,"column":79}}],"line":76},"9":{"loc":{"start":{"line":86,"column":6},"end":{"line":86,"column":61}},"type":"if","locations":[{"start":{"line":86,"column":6},"end":{"line":86,"column":61}},{"start":{},"end":{}}],"line":86},"10":{"loc":{"start":{"line":94,"column":17},"end":{"line":94,"column":76}},"type":"binary-expr","locations":[{"start":{"line":94,"column":17},"end":{"line":94,"column":46}},{"start":{"line":94,"column":50},"end":{"line":94,"column":76}}],"line":94},"11":{"loc":{"start":{"line":95,"column":16},"end":{"line":95,"column":45}},"type":"binary-expr","locations":[{"start":{"line":95,"column":16},"end":{"line":95,"column":38}},{"start":{"line":95,"column":42},"end":{"line":95,"column":45}}],"line":95},"12":{"loc":{"start":{"line":110,"column":10},"end":{"line":110,"column":77}},"type":"binary-expr","locations":[{"start":{"line":110,"column":10},"end":{"line":110,"column":39}},{"start":{"line":110,"column":43},"end":{"line":110,"column":77}}],"line":110},"13":{"loc":{"start":{"line":111,"column":16},"end":{"line":111,"column":45}},"type":"binary-expr","locations":[{"start":{"line":111,"column":16},"end":{"line":111,"column":38}},{"start":{"line":111,"column":42},"end":{"line":111,"column":45}}],"line":111},"14":{"loc":{"start":{"line":126,"column":24},"end":{"line":126,"column":46}},"type":"binary-expr","locations":[{"start":{"line":126,"column":24},"end":{"line":126,"column":41}},{"start":{"line":126,"column":45},"end":{"line":126,"column":46}}],"line":126},"15":{"loc":{"start":{"line":132,"column":8},"end":{"line":138,"column":9}},"type":"if","locations":[{"start":{"line":132,"column":8},"end":{"line":138,"column":9}},{"start":{},"end":{}}],"line":132},"16":{"loc":{"start":{"line":135,"column":10},"end":{"line":137,"column":11}},"type":"if","locations":[{"start":{"line":135,"column":10},"end":{"line":137,"column":11}},{"start":{},"end":{}}],"line":135},"17":{"loc":{"start":{"line":147,"column":10},"end":{"line":148,"column":55}},"type":"binary-expr","locations":[{"start":{"line":147,"column":10},"end":{"line":147,"column":39}},{"start":{"line":148,"column":10},"end":{"line":148,"column":55}}],"line":147},"18":{"loc":{"start":{"line":149,"column":16},"end":{"line":149,"column":45}},"type":"binary-expr","locations":[{"start":{"line":149,"column":16},"end":{"line":149,"column":38}},{"start":{"line":149,"column":42},"end":{"line":149,"column":45}}],"line":149}},"s":{"0":0,"1":0,"2":0,"3":0,"4":0,"5":0,"6":0,"7":0,"8":0,"9":0,"10":0,"11":0,"12":0,"13":0,"14":0,"15":0,"16":0,"17":0,"18":0,"19":0,"20":0,"21":0,"22":0,"23":0,"24":0,"25":0,"26":0,"27":0,"28":0,"29":0,"30":0,"31":0,"32":0,"33":0,"34":0,"35":0,"36":0,"37":0,"38":0,"39":0,"40":0,"41":0,"42":0,"43":0,"44":0,"45":0,"46":0,"47":0,"48":0,"49":0,"50":0,"51":0,"52":0,"53":0,"54":0},"f":{"0":0,"1":0,"2":0,"3":0,"4":0,"5":0,"6":0,"7":0},"b":{"0":[0,0],"1":[0,0],"2":[0,0],"3":[0,0,0],"4":[0,0],"5":[0,0],"6":[0,0],"7":[0,0],"8":[0,0],"9":[0,0],"10":[0,0],"11":[0,0],"12":[0,0],"13":[0,0],"14":[0,0],"15":[0,0],"16":[0,0],"17":[0,0],"18":[0,0]}}
,"D:\\PregnancyGrowthTracking.FE\\src\\api\\services\\userNoteService.js": {"path":"D:\\PregnancyGrowthTracking.FE\\src\\api\\services\\userNoteService.js","statementMap":{"0":{"start":{"line":4,"column":24},"end":{"line":78,"column":1}},"1":{"start":{"line":7,"column":21},"end":{"line":7,"column":65}},"2":{"start":{"line":8,"column":4},"end":{"line":8,"column":68}},"3":{"start":{"line":8,"column":27},"end":{"line":8,"column":68}},"4":{"start":{"line":10,"column":21},"end":{"line":12,"column":5}},"5":{"start":{"line":13,"column":4},"end":{"line":13,"column":25}},"6":{"start":{"line":18,"column":21},"end":{"line":18,"column":65}},"7":{"start":{"line":19,"column":4},"end":{"line":19,"column":68}},"8":{"start":{"line":19,"column":27},"end":{"line":19,"column":68}},"9":{"start":{"line":21,"column":21},"end":{"line":21,"column":35}},"10":{"start":{"line":22,"column":4},"end":{"line":22,"column":47}},"11":{"start":{"line":23,"column":4},"end":{"line":23,"column":43}},"12":{"start":{"line":24,"column":4},"end":{"line":24,"column":44}},"13":{"start":{"line":25,"column":4},"end":{"line":25,"column":59}},"14":{"start":{"line":26,"column":4},"end":{"line":26,"column":52}},"15":{"start":{"line":28,"column":4},"end":{"line":30,"column":5}},"16":{"start":{"line":29,"column":6},"end":{"line":29,"column":50}},"17":{"start":{"line":32,"column":21},"end":{"line":39,"column":5}},"18":{"start":{"line":37,"column":36},"end":{"line":37,"column":40}},"19":{"start":{"line":40,"column":4},"end":{"line":40,"column":25}},"20":{"start":{"line":45,"column":21},"end":{"line":45,"column":65}},"21":{"start":{"line":46,"column":4},"end":{"line":46,"column":68}},"22":{"start":{"line":46,"column":27},"end":{"line":46,"column":68}},"23":{"start":{"line":48,"column":21},"end":{"line":48,"column":35}},"24":{"start":{"line":49,"column":4},"end":{"line":49,"column":38}},"25":{"start":{"line":50,"column":4},"end":{"line":50,"column":47}},"26":{"start":{"line":51,"column":4},"end":{"line":51,"column":43}},"27":{"start":{"line":52,"column":4},"end":{"line":52,"column":44}},"28":{"start":{"line":53,"column":4},"end":{"line":53,"column":59}},"29":{"start":{"line":54,"column":4},"end":{"line":54,"column":52}},"30":{"start":{"line":56,"column":4},"end":{"line":58,"column":5}},"31":{"start":{"line":57,"column":6},"end":{"line":57,"column":50}},"32":{"start":{"line":60,"column":21},"end":{"line":67,"column":5}},"33":{"start":{"line":65,"column":36},"end":{"line":65,"column":40}},"34":{"start":{"line":68,"column":4},"end":{"line":68,"column":25}},"35":{"start":{"line":73,"column":21},"end":{"line":75,"column":5}},"36":{"start":{"line":76,"column":4},"end":{"line":76,"column":25}}},"fnMap":{"0":{"name":"(anonymous_0)","decl":{"start":{"line":6,"column":16},"end":{"line":6,"column":17}},"loc":{"start":{"line":6,"column":28},"end":{"line":14,"column":3}},"line":6},"1":{"name":"(anonymous_1)","decl":{"start":{"line":17,"column":14},"end":{"line":17,"column":15}},"loc":{"start":{"line":17,"column":34},"end":{"line":41,"column":3}},"line":17},"2":{"name":"(anonymous_2)","decl":{"start":{"line":37,"column":26},"end":{"line":37,"column":27}},"loc":{"start":{"line":37,"column":36},"end":{"line":37,"column":40}},"line":37},"3":{"name":"(anonymous_3)","decl":{"start":{"line":44,"column":14},"end":{"line":44,"column":15}},"loc":{"start":{"line":44,"column":42},"end":{"line":69,"column":3}},"line":44},"4":{"name":"(anonymous_4)","decl":{"start":{"line":65,"column":26},"end":{"line":65,"column":27}},"loc":{"start":{"line":65,"column":36},"end":{"line":65,"column":40}},"line":65},"5":{"name":"(anonymous_5)","decl":{"start":{"line":72,"column":14},"end":{"line":72,"column":15}},"loc":{"start":{"line":72,"column":32},"end":{"line":77,"column":3}},"line":72}},"branchMap":{"0":{"loc":{"start":{"line":8,"column":4},"end":{"line":8,"column":68}},"type":"if","locations":[{"start":{"line":8,"column":4},"end":{"line":8,"column":68}},{"start":{},"end":{}}],"line":8},"1":{"loc":{"start":{"line":19,"column":4},"end":{"line":19,"column":68}},"type":"if","locations":[{"start":{"line":19,"column":4},"end":{"line":19,"column":68}},{"start":{},"end":{}}],"line":19},"2":{"loc":{"start":{"line":25,"column":33},"end":{"line":25,"column":57}},"type":"binary-expr","locations":[{"start":{"line":25,"column":33},"end":{"line":25,"column":51}},{"start":{"line":25,"column":55},"end":{"line":25,"column":57}}],"line":25},"3":{"loc":{"start":{"line":26,"column":30},"end":{"line":26,"column":50}},"type":"binary-expr","locations":[{"start":{"line":26,"column":30},"end":{"line":26,"column":44}},{"start":{"line":26,"column":48},"end":{"line":26,"column":50}}],"line":26},"4":{"loc":{"start":{"line":28,"column":4},"end":{"line":30,"column":5}},"type":"if","locations":[{"start":{"line":28,"column":4},"end":{"line":30,"column":5}},{"start":{},"end":{}}],"line":28},"5":{"loc":{"start":{"line":46,"column":4},"end":{"line":46,"column":68}},"type":"if","locations":[{"start":{"line":46,"column":4},"end":{"line":46,"column":68}},{"start":{},"end":{}}],"line":46},"6":{"loc":{"start":{"line":53,"column":33},"end":{"line":53,"column":57}},"type":"binary-expr","locations":[{"start":{"line":53,"column":33},"end":{"line":53,"column":51}},{"start":{"line":53,"column":55},"end":{"line":53,"column":57}}],"line":53},"7":{"loc":{"start":{"line":54,"column":30},"end":{"line":54,"column":50}},"type":"binary-expr","locations":[{"start":{"line":54,"column":30},"end":{"line":54,"column":44}},{"start":{"line":54,"column":48},"end":{"line":54,"column":50}}],"line":54},"8":{"loc":{"start":{"line":56,"column":4},"end":{"line":58,"column":5}},"type":"if","locations":[{"start":{"line":56,"column":4},"end":{"line":58,"column":5}},{"start":{},"end":{}}],"line":56}},"s":{"0":0,"1":0,"2":0,"3":0,"4":0,"5":0,"6":0,"7":0,"8":0,"9":0,"10":0,"11":0,"12":0,"13":0,"14":0,"15":0,"16":0,"17":0,"18":0,"19":0,"20":0,"21":0,"22":0,"23":0,"24":0,"25":0,"26":0,"27":0,"28":0,"29":0,"30":0,"31":0,"32":0,"33":0,"34":0,"35":0,"36":0},"f":{"0":0,"1":0,"2":0,"3":0,"4":0,"5":0},"b":{"0":[0,0],"1":[0,0],"2":[0,0],"3":[0,0],"4":[0,0],"5":[0,0],"6":[0,0],"7":[0,0],"8":[0,0]}}
,"D:\\PregnancyGrowthTracking.FE\\src\\api\\services\\userService.js": {"path":"D:\\PregnancyGrowthTracking.FE\\src\\api\\services\\userService.js","statementMap":{"0":{"start":{"line":4,"column":20},"end":{"line":31,"column":1}},"1":{"start":{"line":6,"column":4},"end":{"line":11,"column":5}},"2":{"start":{"line":7,"column":23},"end":{"line":7,"column":74}},"3":{"start":{"line":8,"column":6},"end":{"line":8,"column":27}},"4":{"start":{"line":10,"column":6},"end":{"line":10,"column":18}},"5":{"start":{"line":15,"column":4},"end":{"line":20,"column":5}},"6":{"start":{"line":16,"column":23},"end":{"line":16,"column":70}},"7":{"start":{"line":17,"column":6},"end":{"line":17,"column":27}},"8":{"start":{"line":19,"column":6},"end":{"line":19,"column":18}},"9":{"start":{"line":24,"column":4},"end":{"line":29,"column":5}},"10":{"start":{"line":25,"column":23},"end":{"line":25,"column":79}},"11":{"start":{"line":26,"column":6},"end":{"line":26,"column":27}},"12":{"start":{"line":28,"column":6},"end":{"line":28,"column":18}}},"fnMap":{"0":{"name":"(anonymous_0)","decl":{"start":{"line":5,"column":18},"end":{"line":5,"column":19}},"loc":{"start":{"line":5,"column":30},"end":{"line":12,"column":3}},"line":5},"1":{"name":"(anonymous_1)","decl":{"start":{"line":14,"column":14},"end":{"line":14,"column":15}},"loc":{"start":{"line":14,"column":26},"end":{"line":21,"column":3}},"line":14},"2":{"name":"(anonymous_2)","decl":{"start":{"line":23,"column":17},"end":{"line":23,"column":18}},"loc":{"start":{"line":23,"column":37},"end":{"line":30,"column":3}},"line":23}},"branchMap":{},"s":{"0":0,"1":0,"2":0,"3":0,"4":0,"5":0,"6":0,"7":0,"8":0,"9":0,"10":0,"11":0,"12":0},"f":{"0":0,"1":0,"2":0},"b":{}}
,"D:\\PregnancyGrowthTracking.FE\\src\\components\\BlogSilde\\BlogSilde.jsx": {"path":"D:\\PregnancyGrowthTracking.FE\\src\\components\\BlogSilde\\BlogSilde.jsx","statementMap":{"0":{"start":{"line":14,"column":18},"end":{"line":200,"column":1}},"1":{"start":{"line":15,"column":28},"end":{"line":15,"column":40}},"2":{"start":{"line":16,"column":36},"end":{"line":16,"column":50}},"3":{"start":{"line":17,"column":34},"end":{"line":17,"column":52}},"4":{"start":{"line":19,"column":2},"end":{"line":42,"column":8}},"5":{"start":{"line":20,"column":23},"end":{"line":39,"column":5}},"6":{"start":{"line":21,"column":6},"end":{"line":38,"column":7}},"7":{"start":{"line":22,"column":8},"end":{"line":22,"column":45}},"8":{"start":{"line":23,"column":21},"end":{"line":23,"column":49}},"9":{"start":{"line":24,"column":8},"end":{"line":24,"column":43}},"10":{"start":{"line":26,"column":8},"end":{"line":33,"column":9}},"11":{"start":{"line":27,"column":30},"end":{"line":29,"column":24}},"12":{"start":{"line":28,"column":28},"end":{"line":28,"column":73}},"13":{"start":{"line":31,"column":10},"end":{"line":31,"column":51}},"14":{"start":{"line":32,"column":10},"end":{"line":32,"column":31}},"15":{"start":{"line":35,"column":8},"end":{"line":35,"column":52}},"16":{"start":{"line":37,"column":8},"end":{"line":37,"column":27}},"17":{"start":{"line":41,"column":4},"end":{"line":41,"column":16}},"18":{"start":{"line":44,"column":22},"end":{"line":57,"column":3}},"19":{"start":{"line":45,"column":4},"end":{"line":56,"column":13}},"20":{"start":{"line":59,"column":19},"end":{"line":88,"column":3}},"21":{"start":{"line":90,"column":19},"end":{"line":128,"column":3}},"22":{"start":{"line":91,"column":4},"end":{"line":127,"column":17}},"23":{"start":{"line":105,"column":12},"end":{"line":105,"column":65}},"24":{"start":{"line":106,"column":12},"end":{"line":106,"column":44}},"25":{"start":{"line":116,"column":14},"end":{"line":118,"column":21}},"26":{"start":{"line":130,"column":24},"end":{"line":144,"column":3}},"27":{"start":{"line":131,"column":4},"end":{"line":143,"column":10}},"28":{"start":{"line":133,"column":8},"end":{"line":141,"column":14}},"29":{"start":{"line":146,"column":2},"end":{"line":199,"column":3}},"30":{"start":{"line":166,"column":27},"end":{"line":166,"column":48}},"31":{"start":{"line":173,"column":27},"end":{"line":173,"column":46}},"32":{"start":{"line":187,"column":14},"end":{"line":187,"column":50}},"33":{"start":{"line":194,"column":12},"end":{"line":194,"column":48}}},"fnMap":{"0":{"name":"(anonymous_0)","decl":{"start":{"line":14,"column":18},"end":{"line":14,"column":19}},"loc":{"start":{"line":14,"column":24},"end":{"line":200,"column":1}},"line":14},"1":{"name":"(anonymous_1)","decl":{"start":{"line":19,"column":12},"end":{"line":19,"column":13}},"loc":{"start":{"line":19,"column":18},"end":{"line":42,"column":3}},"line":19},"2":{"name":"(anonymous_2)","decl":{"start":{"line":20,"column":23},"end":{"line":20,"column":24}},"loc":{"start":{"line":20,"column":35},"end":{"line":39,"column":5}},"line":20},"3":{"name":"(anonymous_3)","decl":{"start":{"line":28,"column":18},"end":{"line":28,"column":19}},"loc":{"start":{"line":28,"column":28},"end":{"line":28,"
[...]
6":{"start":{"line":54,"column":37},"end":{"line":54,"column":69}},"27":{"start":{"line":58,"column":27},"end":{"line":63,"column":5}},"28":{"start":{"line":59,"column":23},"end":{"line":59,"column":53}},"29":{"start":{"line":60,"column":23},"end":{"line":60,"column":53}},"30":{"start":{"line":61,"column":26},"end":{"line":61,"column":71}},"31":{"start":{"line":62,"column":27},"end":{"line":62,"column":44}},"32":{"start":{"line":65,"column":4},"end":{"line":65,"column":71}},"33":{"start":{"line":66,"column":4},"end":{"line":66,"column":65}},"34":{"start":{"line":66,"column":26},"end":{"line":66,"column":62}},"35":{"start":{"line":69,"column":2},"end":{"line":69,"column":121}},"36":{"start":{"line":69,"column":15},"end":{"line":69,"column":121}},"37":{"start":{"line":70,"column":2},"end":{"line":70,"column":89}},"38":{"start":{"line":70,"column":13},"end":{"line":70,"column":89}},"39":{"start":{"line":72,"column":21},"end":{"line":72,"column":69}},"40":{"start":{"line":73,"column":23},"end":{"line":73,"column":108}},"41":{"start":{"line":75,"column":2},"end":{"line":166,"column":4}},"42":{"start":{"line":89,"column":27},"end":{"line":89,"column":92}},"43":{"start":{"line":89,"column":51},"end":{"line":89,"column":90}},"44":{"start":{"line":93,"column":27},"end":{"line":93,"column":92}},"45":{"start":{"line":93,"column":51},"end":{"line":93,"column":90}},"46":{"start":{"line":105,"column":12},"end":{"line":117,"column":21}},"47":{"start":{"line":107,"column":29},"end":{"line":113,"column":17}},"48":{"start":{"line":107,"column":53},"end":{"line":113,"column":15}},"49":{"start":{"line":111,"column":56},"end":{"line":111,"column":70}},"50":{"start":{"line":124,"column":10},"end":{"line":146,"column":16}},"51":{"start":{"line":130,"column":18},"end":{"line":130,"column":42}},"52":{"start":{"line":131,"column":18},"end":{"line":131,"column":76}},"53":{"start":{"line":152,"column":25},"end":{"line":152,"column":97}},"54":{"start":{"line":152,"column":49},"end":{"line":152,"column":95}},"55":{"start":{"line":159,"column":25},"end":{"line":159,"column":97}},"56":{"start":{"line":159,"column":49},"end":{"line":159,"column":95}}},"fnMap":{"0":{"name":"(anonymous_0)","decl":{"start":{"line":10,"column":21},"end":{"line":10,"column":22}},"loc":{"start":{"line":10,"column":27},"end":{"line":167,"column":1}},"line":10},"1":{"name":"(anonymous_1)","decl":{"start":{"line":19,"column":12},"end":{"line":19,"column":13}},"loc":{"start":{"line":19,"column":18},"end":{"line":43,"column":3}},"line":19},"2":{"name":"(anonymous_2)","decl":{"start":{"line":20,"column":5},"end":{"line":20,"column":6}},"loc":{"start":{"line":20,"column":17},"end":{"line":42,"column":5}},"line":20},"3":{"name":"(anonymous_3)","decl":{"start":{"line":25,"column":58},"end":{"line":25,"column":59}},"loc":{"start":{"line":26,"column":10},"end":{"line":26,"column":71}},"line":26},"4":{"name":"(anonymous_4)","decl":{"start":{"line":26,"column":34},"end":{"line":26,"column":35}},"loc":{"start":{"line":26,"column":41},"end":{"line":26,"column":64}},"line":26},"5":{"name":"(anonymous_5)","decl":{"start":{"line":29,"column":21},"end":{"line":29,"column":22}},"loc":{"start":{"line":29,"column":30},"end":{"line":34,"column":9}},"line":29},"6":{"name":"(anonymous_6)","decl":{"start":{"line":36,"column":21},"end":{"line":36,"column":22}},"loc":{"start":{"line":36,"column":30},"end":{"line":40,"column":9}},"line":36},"7":{"name":"(anonymous_7)","decl":{"start":{"line":45,"column":12},"end":{"line":45,"column":13}},"loc":{"start":{"line":45,"column":18},"end":{"line":67,"column":3}},"line":45},"8":{"name":"(anonymous_8)","decl":{"start":{"line":48,"column":33},"end":{"line":48,"column":34}},"loc":{"start":{"line":49,"column":8},"end":{"line":49,"column":67}},"line":49},"9":{"name":"(anonymous_9)","decl":{"start":{"line":53,"column":33},"end":{"line":53,"column":34}},"loc":{"start":{"line":54,"column":8},"end":{"line":54,"column":70}},"line":54},"10":{"name":"(anonymous_10)","decl":{"start":{"line":54,"column":30},"end":{"line":54,"column":31}},"loc":{"start":{"line":54,"column":37},"end":{"line":54,"column":69}},"line":54},"11":{"name":"(anonymous_11)","decl":{"start":{"line":59,"column":13},"end":{"line":59,"column":14}},"loc":{"start":{"line":59,"column":23},"end":{"line":59,"column":53}},"line":59},"12":{"name":"(anonymous_12)","decl":{"start":{"line":60,"column":13},"end":{"line":60,"column":14}},"loc":{"start":{"line":60,"column":23},"end":{"line":60,"column":53}},"line":60},"13":{"name":"(anonymous_13)","decl":{"start":{"line":61,"column":16},"end":{"line":61,"column":17}},"loc":{"start":{"line":61,"column":26},"end":{"line":61,"column":71}},"line":61},"14":{"name":"(anonymous_14)","decl":{"start":{"line":62,"column":17},"end":{"line":62,"column":18}},"loc":{"start":{"line":62,"column":27},"end":{"line":62,"column":44}},"line":62},"15":{"name":"(anonymous_15)","decl":{"start":{"line":66,"column":17},"end":{"line":66,"column":18}},"loc":{"start":{"line":66,"column":26},"end":{"line":66,"column":62}},"line":66},"16":{"name":"(anonymous_16)","decl":{"start":{"line":89,"column":22},"end":{"line":89,"column":23}},"loc":{"start":{"line":89,"column":27},"end":{"line":89,"column":92}},"line":89},"17":{"name":"(anonymous_17)","decl":{"start":{"line":89,"column":42},"end":{"line":89,"column":43}},"loc":{"start":{"line":89,"column":51},"end":{"line":89,"column":90}},"line":89},"18":{"name":"(anonymous_18)","decl":{"start":{"line":93,"column":22},"end":{"line":93,"column":23}},"loc":{"start":{"line":93,"column":27},"end":{"line":93,"column":92}},"line":93},"19":{"name":"(anonymous_19)","decl":{"start":{"line":93,"column":42},"end":{"line":93,"column":43}},"loc":{"start":{"line":93,"column":51},"end":{"line":93,"column":90}},"line":93},"20":{"name":"(anonymous_20)","decl":{"start":{"line":104,"column":35},"end":{"line":104,"column":36}},"loc":{"start":{"line":105,"column":12},"end":{"line":117,"column":21}},"line":105},"21":{"name":"(anonymous_21)","decl":{"start":{"line":107,"column":23},"end":{"line":107,"column":24}},"loc":{"start":{"line":107,"column":29},"end":{"line":113,"column":17}},"line":107},"22":{"name":"(anonymous_22)","decl":{"start":{"line":107,"column":44},"end":{"line":107,"column":45}},"loc":{"start":{"line":107,"column":53},"end":{"line":113,"column":15}},"line":107},"23":{"name":"(anonymous_23)","decl":{"start":{"line":111,"column":51},"end":{"line":111,"column":52}},"loc":{"start":{"line":111,"column":56},"end":{"line":111,"column":70}},"line":111},"24":{"name":"(anonymous_24)","decl":{"start":{"line":123,"column":26},"end":{"line":123,"column":27}},"loc":{"start":{"line":124,"column":10},"end":{"line":146,"column":16}},"line":124},"25":{"name":"(anonymous_25)","decl":{"start":{"line":129,"column":25},"end":{"line":129,"column":26}},"loc":{"start":{"line":129,"column":32},"end":{"line":132,"column":17}},"line":129},"26":{"name":"(anonymous_26)","decl":{"start":{"line":152,"column":19},"end":{"line":152,"column":20}},"loc":{"start":{"line":152,"column":25},"end":{"line":152,"column":97}},"line":152},"27":{"name":"(anonymous_27)","decl":{"start":{"line":152,"column":40},"end":{"line":152,"column":41}},"loc":{"start":{"line":152,"column":49},"end":{"line":152,"column":95}},"line":152},"28":{"name":"(anonymous_28)","decl":{"start":{"line":159,"column":19},"end":{"line":159,"column":20}},"loc":{"start":{"line":159,"column":25},"end":{"line":159,"column":97}},"line":159},"29":{"name":"(anonymous_29)","decl":{"start":{"line":159,"column":40},"end":{"line":159,"column":41}},"loc":{"start":{"line":159,"column":49},"end":{"line":159,"column":95}},"line":159}},"branchMap":{"0":{"loc":{"start":{"line":23,"column":8},"end":{"line":23,"column":86}},"type":"if","locations":[{"start":{"line":23,"column":8},"end":{"line":23,"column":86}},{"start":{},"end":{}}],"line":23},"1":{"loc":{"start":{"line":23,"column":12},"end":{"line":23,"column":32}},"type":"binary-expr","locations":[{"start":{"line":23,"column":12},"end":{"line":23,"column":17}},{"start":{"line":23,"column":21},"end":{"line":23,"column":32}}],"line":23},"2":{"loc":{"start":{"line":26,"column":10},"end":{"line":26,"column":71}},"type":"binary-expr","locations":[{"start":{"line":26,"column":10},"end":{"line":26,"column":65}},{"start":{"line":26,"column":69},"end":{"line":26,"column":71}}],"line":26},"3":{"loc":{"start":{"line":47,"column":4},"end":{"line":51,"column":5}},"type":"if","locations":[{"start":{"line":47,"column":4},"end":{"line":51,"column":5}},{"start":{},"end":{}}],"line":47},"4":{"loc":{"start":{"line":52,"column":4},"end":{"line":56,"column":5}},"type":"if","locations":[{"start":{"line":52,"column":4},"end":{"line":56,"column":5}},{"start":{},"end":{}}],"line":52},"5":{"loc":{"start":{"line":65,"column":18},"end":{"line":65,"column":69}},"type":"binary-expr","locations":[{"start":{"line":65,"column":18},"end":{"line":65,"column":44}},{"start":{"line":65,"column":48},"end":{"line":65,"column":69}}],"line":65},"6":{"loc":{"start":{"line":69,"column":2},"end":{"line":69,"column":121}},"type":"if","locations":[{"start":{"line":69,"column":2},"end":{"line":69,"column":121}},{"start":{},"end":{}}],"line":69},"7":{"loc":{"start":{"line":70,"column":2},"end":{"line":70,"column":89}},"type":"if","locations":[{"start":{"line":70,"column":2},"end":{"line":70,"column":89}},{"start":{},"end":{}}],"line":70},"8":{"loc":{"start":{"line":110,"column":36},"end":{"line":112,"column":58}},"type":"cond-expr","locations":[{"start":{"line":111,"column":20},"end":{"line":111,"column":71}},{"start":{"line":112,"column":20},"end":{"line":112,"column":58}}],"line":110},"9":{"loc":{"start":{"line":114,"column":39},"end":{"line":114,"column":92}},"type":"cond-expr","locations":[{"start":{"line":114,"column":79},"end":{"line":114,"column":87}},{"start":{"line":114,"column":90},"end":{"line":114,"column":92}}],"line":114}},"s":{"0":0,"1":0,"2":0,"3":0,"4":0,"5":0,"6":0,"7":0,"8":0,"9":0,"10":0,"11":0,"12":0,"13":0,"14":0,"15":0,"16":0,"17":0,"18":0,"19":0,"20":0,"21":0,"22":0,"23":0,"24":0,"25":0,"26":0,"27":0,"28":0,"29":0,"30":0,"31":0,"32":0,"33":0,"34":0,"35":0,"36":0,"37":0,"38":0,"39":0,"40":0,"41":0,"42":0,"43":0,"44":0,"45":0,"46":0,"47":0,"48":0,"49":0,"50":0,"51":0,"52":0,"53":0,"54":0,"55":0,"56":0},"f":{"0":0,"1":0,"2":0,"3":0,"4":0,"5":0,"6":0,"7":0,"8":0,"9":0,"10":0,"11":0,"12":0,"13":0,"14":0,"15":0,"16":0,"17":0,"18":0,"19":0,"20":0,"21":0,"22":0,"23":0,"24":0,"25":0,"26":0,"27":0,"28":0,"29":0},"b":{"0":[0,0],"1":[0,0],"2":[0,0],"3":[0,0],"4":[0,0],"5":[0,0],"6":[0,0],"7":[0,0],"8":[0,0],"9":[0,0]}}
,"D:\\PregnancyGrowthTracking.FE\\src\\pages\\guest\\blog\\GuestBlogDetail.jsx": {"path":"D:\\PregnancyGrowthTracking.FE\\src\\pages\\guest\\blog\\GuestBlogDetail.jsx","statementMap":{"0":{"start":{"line":17,"column":24},"end":{"line":107,"column":1}},"1":{"start":{"line":18,"column":26},"end":{"line":18,"column":40}},"2":{"start":{"line":19,"column":32},"end":{"line":19,"column":46}},"3":{"start":{"line":20,"column":28},"end":{"line":20,"column":42}},"4":{"start":{"line":21,"column":17},"end":{"line":21,"column":28}},"5":{"start":{"line":23,"column":2},"end":{"line":45,"column":11}},"6":{"start":{"line":24,"column":22},"end":{"line":42,"column":5}},"7":{"start":{"line":25,"column":6},"end":{"line":41,"column":7}},"8":{"start":{"line":26,"column":21},"end":{"line":26,"column":49}},"9":{"start":{"line":27,"column":8},"end":{"line":29,"column":9}},"10":{"start":{"line":28,"column":10},"end":{"line":28,"column":52}},"11":{"start":{"line":30,"column":29},"end":{"line":32,"column":9}},"12":{"start":{"line":31,"column":20},"end":{"line":31,"column":44}},"13":{"start":{"line":33,"column":8},"end":{"line":35,"column":9}},"14":{"start":{"line":34,"column":10},"end":{"line":34,"column":53}},"15":{"start":{"line":36,"column":8},"end":{"line":36,"column":30}},"16":{"start":{"line":37,"column":8},"end":{"line":37,"column":26}},"17":{"start":{"line":39,"column":8},"end":{"line":39,"column":30}},"18":{"start":{"line":40,"column":8},"end":{"line":40,"column":26}},"19":{"start":{"line":44,"column":4},"end":{"line":44,"column":16}},"20":{"start":{"line":47,"column":2},"end":{"line":54,"column":3}},"21":{"start":{"line":48,"column":4},"end":{"line":53,"column":6}},"22":{"start":{"line":56,"column":2},"end":{"line":62,"column":3}},"23":{"start":{"line":57,"column":4},"end":{"line":61,"column":6}},"24":{"start":{"line":64,"column":2},"end":{"line":64,"column":25}},"25":{"start":{"line":64,"column":13},"end":{"line":64,"column":25}},"26":{"start":{"line":66,"column":2},"end":{"line":106,"column":4}},"27":{"start":{"line":77,"column":14},"end":{"line":77,"column":38}},"28":{"start":{"line":78,"column":14},"end":{"line":78,"column":78}},"29":{"start":{"line":98,"column":12},"end":{"line":100,"column":19}}},"fnMap":{"0":{"name":"(anonymous_0)","decl":{"start":{"line":17,"column":24},"end":{"line":17,"column":25}},"loc":{"start":{"line":17,"column":30},"end":{"line":107,"column":1}},"line":17},"1":{"name":"(anonymous_1)","decl":{"start":{"line":23,"column":12},"end":{"line":23,"column":13}},"loc":{"start":{"line":23,"column":18},"end":{"line":45,"column":3}},"line":23},"2":{"name":"(anonymous_2)","decl":{"start":{"line":24,"column":22},"end":{"line":24,"column":23}},"loc":{"start":{"line":24,"column":34},"end":{"line":42,"column":5}},"line":24},"3":{"name":"(anonymous_3)","decl":{"start":{"line":31,"column":10},"end":{"line":31,"column":11}},"loc":{"start":{"line":31,"column":20},"end":{"line":31,"column":44}},"line":31},"4":{"name":"(anonymous_4)","decl":{"start":{"line":76,"column":21},"end":{"line":76,"column":22}},"loc":{"start":{"line":76,"column":28},"end":{"line":79,"column":13}},"line":76},"5":{"name":"(anonymous_5)","decl":{"start":{"line":97,"column":31},"end":{"line":97,"column":32}},"loc":{"start":{"line":98,"column":12},"end":{"line":100,"column":19}},"line":98}},"branchMap":{"0":{"loc":{"start":{"line":27,"column":8},"end":{"line":29,"column":9}},"type":"if","locations":[{"start":{"line":27,"column":8},"end":{"line":29,"column":9}},{"start":{},"end":{}}],"line":27},"1":{"loc":{"start":{"line":27,"column":12},"end":{"line":27,"column":32}},"type":"binary-expr","locations":[{"start":{"line":27,"column":12},"end":{"line":27,"column":17}},{"start":{"line":27,"column":21},"end":{"line":27,"column":32}}],"line":27},"2":{"loc":{"start":{"line":33,"column":8},"end":{"line":35,"column":9}},"type":"if","locations":[{"start":{"line":33,"column":8},"end":{"line":35,"column":9}},{"start":{},"end":{}}],"line":33},"3":{"loc":{"start":{"line":47,"column":2},"end":{"line":54,"column":3}},"type":"if","locations":[{"start":{"line":47,"column":2},"end":{"line":54,"column":3}},{"start":{},"end":{}}],"line":47},"4":{"loc":{"start":{"line":56,"column":2},"end":{"line":62,"column":3}},"type":"if","locations":[{"start":{"line":56,"column":2},"end":{"line":62,"column":3}},{"start":{},"end":{}}],"line":56},"5":{"loc":{"start":{"line":64,"column":2},"end":{"line":64,"column":25}},"type":"if","locations":[{"start":{"line":64,"column":2},"end":{"line":64,"column":25}},{"start":{},"end":{}}],"line":64}},"s":{"0":0,"1":0,"2":0,"3":0,"4":0,"5":0,"6":0,"7":0,"8":0,"9":0,"10":0,"11":0,"12":0,"13":0,"14":0,"15":0,"16":0,"17":0,"18":0,"19":0,"20":0,"21":0,"22":0,"23":0,"24":0,"25":0,"26":0,"27":0,"28":0,"29":0},"f":{"0":0,"1":0,"2":0,"3":0,"4":0,"5":0},"b":{"0":[0,0],"1":[0,0],"2":[0,0],"3":[0,0],"4":[0,0],"5":[0,0]}}
,"D:\\PregnancyGrowthTracking.FE\\src\\pages\\guest\\blog\\index.jsx": {"path":"D:\\PregnancyGrowthTracking.FE\\src\\pages\\guest\\blog\\index.jsx","statementMap":{"0":{"start":{"line":3,"column":18},"end":{"line":9,"column":1}},"1":{"start":{"line":4,"column":2},"end":{"line":8,"column":4}}},"fnMap":{"0":{"name":"(anonymous_0)","decl":{"start":{"line":3,"column":18},"end":{"line":3,"column":19}},"loc":{"start":{"line":3,"column":24},"end":{"line":9,"column":1}},"line":3}},"branchMap":{},"s":{"0":0,"1":0},"f":{"0":0},"b":{}}
,"D:\\PregnancyGrowthTracking.FE\\src\\services\\authService.js": {"path":"D:\\PregnancyGrowthTracking.FE\\src\\services\\authService.js","statementMap":{"0":{"start":{"line":4,"column":16},"end":{"line":6,"column":2}},"1":{"start":{"line":8,"column":24},"end":{"line":15,"column":1}},"2":{"start":{"line":9,"column":2},"end":{"line":14,"column":3}},"3":{"start":{"line":10,"column":21},"end":{"line":10,"column":74}},"4":{"start":{"line":11,"column":4},"end":{"line":11,"column":24}},"5":{"start":{"line":13,"column":4},"end":{"line":13,"column":15}},"6":{"start":{"line":17,"column":21},"end":{"line":24,"column":1}},"7":{"start":{"line":18,"column":2},"end":{"line":23,"column":3}},"8":{"start":{"line":19,"column":21},"end":{"line":19,"column":74}},"9":{"start":{"line":20,"column":4},"end":{"line":20,"column":24}},"10":{"start":{"line":22,"column":4},"end":{"line":22,"column":15}}},"fnMap":{"0":{"name":"(anonymous_0)","decl":{"start":{"line":8,"column":24},"end":{"line":8,"column":25}},"loc":{"start":{"line":8,"column":44},"end":{"line":15,"column":1}},"line":8},"1":{"name":"(anonymous_1)","decl":{"start":{"line":17,"column":21},"end":{"line":17,"column":22}},"loc":{"start":{"line":17,"column":44},"end":{"line":24,"column":1}},"line":17}},"branchMap":{},"s":{"0":0,"1":0,"2":0,"3":0,"4":0,"5":0,"6":0,"7":0,"8":0,"9":0,"10":0},"f":{"0":0,"1":0},"b":{}}
,"D:\\PregnancyGrowthTracking.FE\\src\\utils\\validation.js": {"path":"D:\\PregnancyGrowthTracking.FE\\src\\utils\\validation.js","statementMap":{"0":{"start":{"line":1,"column":32},"end":{"line":9,"column":1}},"1":{"start":{"line":2,"column":2},"end":{"line":4,"column":3}},"2":{"start":{"line":3,"column":4},"end":{"line":3,"column":41}},"3":{"start":{"line":5,"column":2},"end":{"line":7,"column":3}},"4":{"start":{"line":6,"column":4},"end":{"line":6,"column":45}},"5":{"start":{"line":8,"column":2},"end":{"line":8,"column":13}},"6":{"start":{"line":11,"column":29},"end":{"line":17,"column":1}},"7":{"start":{"line":12,"column":21},"end":{"line":12,"column":49}},"8":{"start":{"line":13,"column":2},"end":{"line":15,"column":3}},"9":{"start":{"line":14,"column":4},"end":{"line":14,"column":31}},"10":{"start":{"line":16,"column":2},"end":{"line":16,"column":13}},"11":{"start":{"line":19,"column":29},"end":{"line":24,"column":1}},"12":{"start":{"line":20,"column":2},"end":{"line":22,"column":3}},"13":{"start":{"line":21,"column":4},"end":{"line":21,"column":44}},"14":{"start":{"line":23,"column":2},"end":{"line":23,"column":13}}},"fnMap":{"0":{"name":"(anonymous_0)","decl":{"start":{"line":1,"column":32},"end":{"line":1,"column":33}},"loc":{"start":{"line":1,"column":63},"end":{"line":9,"column":1}},"line":1},"1":{"name":"(anonymous_1)","decl":{"start":{"line":11,"column":29},"end":{"line":11,"column":30}},"loc":{"start":{"line":11,"column":40},"end":{"line":17,"column":1}},"line":11},"2":{"name":"(anonymous_2)","decl":{"start":{"line":19,"column":29},"end":{"line":19,"column":30}},"loc":{"start":{"line":19,"column":40},"end":{"line":24,"column":1}},"line":19}},"branchMap":{"0":{"loc":{"start":{"line":2,"column":2},"end":{"line":4,"column":3}},"type":"if","locations":[{"start":{"line":2,"column":2},"end":{"line":4,"column":3}},{"start":{},"end":{}}],"line":2},"1":{"loc":{"start":{"line":5,"column":2},"end":{"line":7,"column":3}},"type":"if","locations":[{"start":{"line":5,"column":2},"end":{"line":7,"column":3}},{"start":{},"end":{}}],"line":5},"2":{"loc":{"start":{"line":13,"column":2},"end":{"line":15,"column":3}},"type":"if","locations":[{"start":{"line":13,"column":2},"end":{"line":15,"column":3}},{"start":{},"end":{}}],"line":13},"3":{"loc":{"start":{"line":20,"column":2},"end":{"line":22,"column":3}},"type":"if","locations":[{"start":{"line":20,"column":2},"end":{"line":22,"column":3}},{"start":{},"end":{}}],"line":20}},"s":{"0":0,"1":0,"2":0,"3":0,"4":0,"5":0,"6":0,"7":0,"8":0,"9":0,"10":0,"11":0,"12":0,"13":0,"14":0},"f":{"0":0,"1":0,"2":0},"b":{"0":[0,0],"1":[0,0],"2":[0,0],"3":[0,0]}}
}
