TN:
SF:src\App.jsx
FN:12,App
FNF:1
FNH:0
FNDA:0,App
DA:13,0
LF:1
LH:0
BRF:0
BRH:0
end_of_record
TN:
SF:src\AppRoutes.jsx
FN:48,(anonymous_0)
FNF:1
FNH:0
FNDA:0,(anonymous_0)
DA:48,0
DA:49,0
LF:2
LH:0
BRF:0
BRH:0
end_of_record
TN:
SF:src\companyInfo.js
FNF:0
FNH:0
DA:1,0
LF:1
LH:0
BRF:0
BRH:0
end_of_record
TN:
SF:src\main.jsx
FNF:0
FNH:0
DA:6,0
LF:1
LH:0
BRF:0
BRH:0
end_of_record
TN:
SF:src\api\apiEndpoints.js
FN:5,(anonymous_0)
FN:7,(anonymous_1)
FN:9,(anonymous_2)
FNF:3
FNH:0
FNDA:0,(anonymous_0)
FNDA:0,(anonymous_1)
FNDA:0,(anonymous_2)
DA:1,0
DA:5,0
DA:7,0
DA:9,0
LF:4
LH:0
BRF:0
BRH:0
end_of_record
TN:
SF:src\api\authApi.js
FN:4,(anonymous_0)
FN:13,(anonymous_1)
FN:22,(anonymous_2)
FNF:3
FNH:0
FNDA:0,(anonymous_0)
FNDA:0,(anonymous_1)
FNDA:0,(anonymous_2)
DA:3,0
DA:5,0
DA:6,0
DA:7,0
DA:9,0
DA:14,0
DA:15,0
DA:16,0
DA:18,0
DA:23,0
DA:24,0
DA:27,0
DA:29,0
LF:13
LH:0
BRF:0
BRH:0
end_of_record
TN:
SF:src\api\axiosConfig.js
FN:16,(anonymous_0)
FN:23,(anonymous_1)
FN:30,(anonymous_2)
FN:33,(anonymous_3)
FNF:4
FNH:0
FNDA:0,(anonymous_0)
FNDA:0,(anonymous_1)
FNDA:0,(anonymous_2)
FNDA:0,(anonymous_3)
DA:4,0
DA:6,0
DA:15,0
DA:17,0
DA:18,0
DA:19,0
DA:21,0
DA:24,0
DA:29,0
DA:31,0
DA:34,0
DA:37,0
DA:38,0
DA:43,0
DA:44,0
DA:47,0
LF:16
LH:0
BRDA:18,0,0,0
BRDA:18,0,1,0
BRDA:37,1,0,0
BRDA:37,1,1,0
BRDA:37,2,0,0
BRDA:37,2,1,0
BRF:6
BRH:0
end_of_record
TN:
SF:src\api\config\axiosConfig.js
FN:11,(anonymous_0)
FN:22,(anonymous_1)
FN:27,(anonymous_2)
FN:34,(anonymous_3)
FN:35,(anonymous_4)
FNF:5
FNH:0
FNDA:0,(anonymous_0)
FNDA:0,(anonymous_1)
FNDA:0,(anonymous_2)
FNDA:0,(anonymous_3)
FNDA:0,(anonymous_4)
DA:4,0
DA:10,0
DA:12,0
DA:13,0
DA:14,0
DA:18,0
DA:20,0
DA:22,0
DA:25,0
DA:28,0
DA:33,0
DA:34,0
DA:36,0
DA:39,0
DA:40,0
DA:43,0
DA:44,0
DA:45,0
DA:49,0
DA:50,0
DA:57,0
DA:58,0
DA:64,0
LF:23
LH:0
BRDA:13,0,0,0
BRDA:13,0,1,0
BRDA:18,1,0,0
BRDA:18,1,1,0
BRDA:39,2,0,0
BRDA:39,2,1,0
BRDA:39,3,0,0
BRDA:39,3,1,0
BRDA:49,4,0,0
BRDA:49,4,1,0
BRDA:57,5,0,0
BRDA:57,5,1,0
BRF:12
BRH:0
end_of_record
TN:
SF:src\api\constants\apiEndpoints.js
FN:12,(anonymous_0)
FN:14,(anonymous_1)
FN:15,(anonymous_2)
FN:21,(anonymous_3)
FN:22,(anonymous_4)
FN:23,(anonymous_5)
FN:24,(anonymous_6)
FN:25,(anonymous_7)
FN:29,(anonymous_8)
FN:35,(anonymous_9)
FN:37,(anonymous_10)
FN:41,(anonymous_11)
FN:42,(anonymous_12)
FN:44,(anonymous_13)
FN:45,(anonymous_14)
FN:48,(anonymous_15)
FN:49,(anonymous_16)
FN:53,(anonymous_17)
FN:55,(anonymous_18)
FN:56,(anonymous_19)
FN:61,(anonymous_20)
FN:62,(anonymous_21)
FN:63,(anonymous_22)
FN:64,(anonymous_23)
FN:69,(anonymous_24)
FN:70,(anonymous_25)
FNF:26
FNH:0
FNDA:0,(anonymous_0)
FNDA:0,(anonymous_1)
FNDA:0,(anonymous_2)
FNDA:0,(anonymous_3)
FNDA:0,(anonymous_4)
FNDA:0,(anonymous_5)
FNDA:0,(anonymous_6)
FNDA:0,(anonymous_7)
FNDA:0,(anonymous_8)
FNDA:0,(anonymous_9)
FNDA:0,(anonymous_10)
FNDA:0,(anonymous_11)
FNDA:0,(anonymous_12)
FNDA:0,(anonymous_13)
FNDA:0,(anonymous_14)
FNDA:0,(anonymous_15)
FNDA:0,(anonymous_16)
FNDA:0,(anonymous_17)
FNDA:0,(anonymous_18)
FNDA:0,(anonymous_19)
FNDA:0,(anonymous_20)
FNDA:0,(anonymous_21)
FNDA:0,(anonymous_22)
FNDA:0,(anonymous_23)
FNDA:0,(anonymous_24)
FNDA:0,(anonymous_25)
DA:2,1
DA:4,1
DA:12,0
DA:14,0
DA:15,0
DA:21,0
DA:22,0
DA:23,0
DA:24,0
DA:25,0
DA:29,0
DA:35,0
DA:37,0
DA:41,0
DA:42,0
DA:44,0
DA:45,0
DA:48,0
DA:49,0
DA:53,0
DA:55,0
DA:56,0
DA:61,0
DA:62,0
DA:63,0
DA:64,0
DA:69,0
DA:70,0
DA:75,1
DA:86,1
DA:96,1
LF:31
LH:5
BRF:0
BRH:0
end_of_record
TN:
SF:src\api\services\authService.js
FN:5,(anonymous_0)
FN:31,(anonymous_1)
FN:43,(anonymous_2)
FN:55,(anonymous_3)
FNF:4
FNH:0
FNDA:0,(anonymous_0)
FNDA:0,(anonymous_1)
FNDA:0,(anonymous_2)
FNDA:0,(anonymous_3)
DA:4,0
DA:6,0
DA:7,0
DA:11,0
DA:14,0
DA:15,0
DA:23,0
DA:25,0
DA:27,0
DA:32,0
DA:33,0
DA:37,0
DA:39,0
DA:44,0
DA:45,0
DA:49,0
DA:51,0
DA:56,0
DA:57,0
LF:19
LH:0
BRF:0
BRH:0
end_of_record
TN:
SF:src\api\services\blogService.js
FN:14,(anonymous_0)
FN:21,(anonymous_1)
FN:31,(anonymous_2)
FN:33,(anonymous_3)
FN:34,(anonymous_4)
FN:39,(anonymous_5)
FN:45,(anonymous_6)
FN:61,(anonymous_7)
FN:71,(anonymous_8)
FN:91,(anonymous_9)
FN:110,(anonymous_10)
FN:120,(anonymous_11)
FN:133,(anonymous_12)
FN:144,(anonymous_13)
FN:157,(anonymous_14)
FN:167,(anonymous_15)
FN:178,(anonymous_16)
FNF:17
FNH:0
FNDA:0,(anonymous_0)
FNDA:0,(anonymous_1)
FNDA:0,(anonymous_2)
FNDA:0,(anonymous_3)
FNDA:0,(anonymous_4)
FNDA:0,(anonymous_5)
FNDA:0,(anonymous_6)
FNDA:0,(anonymous_7)
FNDA:0,(anonymous_8)
FNDA:0,(anonymous_9)
FNDA:0,(anonymous_10)
FNDA:0,(anonymous_11)
FNDA:0,(anonymous_12)
FNDA:0,(anonymous_13)
FNDA:0,(anonymous_14)
FNDA:0,(anonymous_15)
FNDA:0,(anonymous_16)
DA:4,0
DA:9,0
DA:14,0
DA:15,0
DA:21,0
DA:22,0
DA:23,0
DA:24,0
DA:26,0
DA:27,0
DA:31,0
DA:32,0
DA:33,0
DA:34,0
DA:37,0
DA:40,0
DA:41,0
DA:42,0
DA:44,0
DA:45,0
DA:46,0
DA:47,0
DA:49,0
DA:54,0
DA:56,0
DA:62,0
DA:63,0
DA:64,0
DA:66,0
DA:72,0
DA:73,0
DA:74,0
DA:77,0
DA:83,0
DA:84,0
DA:86,0
DA:92,0
DA:93,0
DA:95,0
DA:102,0
DA:103,0
DA:105,0
DA:111,0
DA:112,0
DA:113,0
DA:115,0
DA:121,0
DA:122,0
DA:123,0
DA:125,0
DA:126,0
DA:128,0
DA:133,0
DA:137,0
DA:139,0
DA:145,0
DA:146,0
DA:147,0
DA:149,0
DA:150,0
DA:152,0
DA:157,0
DA:161,0
DA:163,0
DA:168,0
DA:169,0
DA:172,0
DA:174,0
DA:179,0
DA:180,0
DA:181,0
DA:183,0
LF:72
LH:0
BRDA:16,0,0,0
BRDA:16,0,1,0
BRDA:16,0,2,0
BRDA:17,1,0,0
BRDA:17,1,1,0
BRDA:22,2,0,0
BRDA:22,2,1,0
BRDA:23,3,0,0
BRDA:23,3,1,0
BRDA:26,4,0,0
BRDA:26,4,1,0
BRDA:32,5,0,0
BRDA:32,5,1,0
BRDA:44,6,0,0
BRDA:44,6,1,0
BRDA:44,7,0,0
BRDA:44,7,1,0
BRDA:73,8,0,0
BRDA:73,8,1,0
BRDA:73,9,0,0
BRDA:73,9,1,0
BRDA:93,10,0,0
BRDA:93,10,1,0
BRDA:122,11,0,0
BRDA:122,11,1,0
BRDA:146,12,0,0
BRDA:146,12,1,0
BRDA:181,13,0,0
BRDA:181,13,1,0
BRF:29
BRH:0
end_of_record
TN:
SF:src\api\services\foetusService.js
FN:4,(anonymous_0)
FN:12,(anonymous_1)
FN:21,(anonymous_2)
FN:37,(anonymous_3)
FN:47,(anonymous_4)
FN:92,(anonymous_5)
FNF:6
FNH:0
FNDA:0,(anonymous_0)
FNDA:0,(anonymous_1)
FNDA:0,(anonymous_2)
FNDA:0,(anonymous_3)
FNDA:0,(anonymous_4)
FNDA:0,(anonymous_5)
DA:4,0
DA:5,0
DA:6,0
DA:7,0
DA:9,0
DA:12,0
DA:13,0
DA:19,0
DA:22,0
DA:23,0
DA:24,0
DA:25,0
DA:26,0
DA:28,0
DA:32,0
DA:38,0
DA:39,0
DA:40,0
DA:42,0
DA:48,0
DA:49,0
DA:51,0
DA:52,0
DA:55,0
DA:61,0
DA:62,0
DA:63,0
DA:68,0
DA:69,0
DA:70,0
DA:71,0
DA:73,0
DA:74,0
DA:79,0
DA:80,0
DA:83,0
DA:93,0
DA:94,0
DA:95,0
DA:98,0
DA:99,0
DA:100,0
DA:102,0
LF:43
LH:0
BRDA:6,0,0,0
BRDA:6,0,1,0
BRDA:14,1,0,0
BRDA:14,1,1,0
BRDA:15,2,0,0
BRDA:15,2,1,0
BRDA:29,3,0,0
BRDA:29,3,1,0
BRDA:84,4,0,0
BRDA:84,4,1,0
BRDA:85,5,0,0
BRDA:85,5,1,0
BRDA:94,6,0,0
BRDA:94,6,1,0
BRF:14
BRH:0
end_of_record
TN:
SF:src\api\services\growthStatsService.js
FN:6,(anonymous_0)
FN:19,(anonymous_1)
FN:87,(anonymous_2)
FNF:3
FNH:0
FNDA:0,(anonymous_0)
FNDA:0,(anonymous_1)
FNDA:0,(anonymous_2)
DA:4,0
DA:7,0
DA:8,0
DA:11,0
DA:13,0
DA:14,0
DA:20,0
DA:21,0
DA:22,0
DA:23,0
DA:27,0
DA:28,0
DA:33,0
DA:35,0
DA:47,0
DA:48,0
DA:49,0
DA:50,0
DA:52,0
DA:58,0
DA:59,0
DA:60,0
DA:61,0
DA:62,0
DA:64,0
DA:71,0
DA:72,0
DA:73,0
DA:74,0
DA:75,0
DA:76,0
DA:78,0
DA:88,0
DA:89,0
DA:92,0
DA:94,0
DA:95,0
LF:37
LH:0
BRDA:22,0,0,0
BRDA:22,0,1,0
BRDA:39,1,0,0
BRDA:39,1,1,0
BRDA:40,2,0,0
BRDA:40,2,1,0
BRDA:41,3,0,0
BRDA:41,3,1,0
BRDA:42,4,0,0
BRDA:42,4,1,0
BRDA:80,5,0,0
BRDA:80,5,1,0
BRF:12
BRH:0
end_of_record
TN:
SF:src\api\services\paymentService.js
FN:5,(anonymous_0)
FN:25,(anonymous_1)
FN:36,(anonymous_2)
FN:47,(anonymous_3)
FN:58,(anonymous_4)
FN:69,(anonymous_5)
FN:75,(anonymous_6)
FN:85,(anonymous_7)
FNF:8
FNH:0
FNDA:0,(anonymous_0)
FNDA:0,(anonymous_1)
FNDA:0,(anonymous_2)
FNDA:0,(anonymous_3)
FNDA:0,(anonymous_4)
FNDA:0,(anonymous_5)
FNDA:0,(anonymous_6)
FNDA:0,(anonymous_7)
DA:4,0
DA:6,0
DA:7,0
DA:15,0
DA:19,0
DA:21,0
DA:26,0
DA:27,0
DA:30,0
DA:32,0
DA:37,0
DA:38,0
DA:41,0
DA:43,0
DA:48,0
DA:49,0
DA:52,0
DA:54,0
DA:59,0
DA:60,0
DA:63,0
DA:65,0
DA:70,0
DA:71,0
DA:75,0
DA:76,0
DA:85,0
DA:86,0
DA:87,0
DA:88,0
DA:89,0
DA:94,0
DA:95,0
DA:97,0
DA:98,0
LF:35
LH:0
BRDA:86,0,0,0
BRDA:86,0,1,0
BRF:2
BRH:0
end_of_record
TN:
SF:src\api\services\profileImageService.js
FN:5,(anonymous_0)
FN:24,(anonymous_1)
FN:43,(anonymous_2)
FNF:3
FNH:0
FNDA:0,(anonymous_0)
FNDA:0,(anonymous_1)
FNDA:0,(anonymous_2)
DA:4,0
DA:6,0
DA:7,0
DA:8,0
DA:9,0
DA:12,0
DA:13,0
DA:15,0
DA:17,0
DA:24,0
DA:28,0
DA:31,0
DA:32,0
DA:33,0
DA:36,0
DA:38,0
DA:39,0
DA:44,0
DA:45,0
DA:46,0
DA:47,0
DA:50,0
DA:53,0
DA:55,0
DA:56,0
LF:25
LH:0
BRDA:8,0,0,0
BRDA:8,0,1,0
BRDA:31,1,0,0
BRDA:31,1,1,0
BRDA:46,2,0,0
BRDA:46,2,1,0
BRF:6
BRH:0
end_of_record
TN:
SF:src\api\services\reminderService.js
FN:4,(anonymous_0)
FN:12,(anonymous_1)
FN:20,(anonymous_2)
FN:31,(anonymous_3)
FN:41,(anonymous_4)
FN:61,(anonymous_5)
FN:71,(anonymous_6)
FN:88,(anonymous_7)
FNF:8
FNH:0
FNDA:0,(anonymous_0)
FNDA:0,(anonymous_1)
FNDA:0,(anonymous_2)
FNDA:0,(anonymous_3)
FNDA:0,(anonymous_4)
FNDA:0,(anonymous_5)
FNDA:0,(anonymous_6)
FNDA:0,(anonymous_7)
DA:4,0
DA:5,0
DA:6,0
DA:7,0
DA:9,0
DA:12,0
DA:13,0
DA:20,0
DA:31,0
DA:39,0
DA:42,0
DA:43,0
DA:44,0
DA:46,0
DA:54,0
DA:56,0
DA:62,0
DA:63,0
DA:64,0
DA:66,0
DA:72,0
DA:73,0
DA:74,0
DA:77,0
DA:81,0
DA:83,0
DA:89,0
DA:90,0
DA:91,0
DA:94,0
DA:96,0
DA:104,0
DA:106,0
LF:33
LH:0
BRDA:6,0,0,0
BRDA:6,0,1,0
BRDA:14,1,0,0
BRDA:14,1,1,0
BRDA:14,1,2,0
BRDA:15,2,0,0
BRDA:15,2,1,0
BRDA:25,3,0,0
BRDA:25,3,1,0
BRDA:35,4,0,0
BRDA:35,4,1,0
BRDA:73,5,0,0
BRDA:73,5,1,0
BRDA:90,6,0,0
BRDA:90,6,1,0
BRF:15
BRH:0
end_of_record
TN:
SF:src\api\services\userManagementService.js
FN:6,(anonymous_0)
FN:21,(anonymous_1)
FN:42,(anonymous_2)
FN:84,(anonymous_3)
FN:100,(anonymous_4)
FN:116,(anonymous_5)
FN:124,(anonymous_6)
FN:131,(anonymous_7)
FNF:8
FNH:0
FNDA:0,(anonymous_0)
FNDA:0,(anonymous_1)
FNDA:0,(anonymous_2)
FNDA:0,(anonymous_3)
FNDA:0,(anonymous_4)
FNDA:0,(anonymous_5)
FNDA:0,(anonymous_6)
FNDA:0,(anonymous_7)
DA:4,0
DA:7,0
DA:8,0
DA:9,0
DA:11,0
DA:12,0
DA:22,0
DA:23,0
DA:24,0
DA:26,0
DA:30,0
DA:32,0
DA:33,0
DA:43,0
DA:44,0
DA:47,0
DA:48,0
DA:49,0
DA:50,0
DA:52,0
DA:62,0
DA:65,0
DA:66,0
DA:72,0
DA:75,0
DA:76,0
DA:79,0
DA:85,0
DA:86,0
DA:87,0
DA:90,0
DA:92,0
DA:93,0
DA:101,0
DA:102,0
DA:105,0
DA:107,0
DA:108,0
DA:117,0
DA:118,0
DA:121,0
DA:124,0
DA:131,0
DA:132,0
DA:133,0
DA:134,0
DA:135,0
DA:136,0
DA:141,0
DA:142,0
DA:144,0
DA:145,0
LF:52
LH:0
BRDA:14,0,0,0
BRDA:14,0,1,0
BRDA:15,1,0,0
BRDA:15,1,1,0
BRDA:23,2,0,0
BRDA:23,2,1,0
BRDA:23,3,0,0
BRDA:23,3,1,0
BRDA:23,3,2,0
BRDA:35,4,0,0
BRDA:35,4,1,0
BRDA:36,5,0,0
BRDA:36,5,1,0
BRDA:44,6,0,0
BRDA:44,6,1,0
BRDA:75,7,0,0
BRDA:75,7,1,0
BRDA:76,8,0,0
BRDA:76,8,1,0
BRDA:86,9,0,0
BRDA:86,9,1,0
BRDA:94,10,0,0
BRDA:94,10,1,0
BRDA:95,11,0,0
BRDA:95,11,1,0
BRDA:110,12,0,0
BRDA:110,12,1,0
BRDA:111,13,0,0
BRDA:111,13,1,0
BRDA:126,14,0,0
BRDA:126,14,1,0
BRDA:132,15,0,0
BRDA:132,15,1,0
BRDA:135,16,0,0
BRDA:135,16,1,0
BRDA:147,17,0,0
BRDA:147,17,1,0
BRDA:149,18,0,0
BRDA:149,18,1,0
BRF:39
BRH:0
end_of_record
TN:
SF:src\api\services\userNoteService.js
FN:6,(anonymous_0)
FN:17,(anonymous_1)
FN:37,(anonymous_2)
FN:44,(anonymous_3)
FN:65,(anonymous_4)
FN:72,(anonymous_5)
FNF:6
FNH:0
FNDA:0,(anonymous_0)
FNDA:0,(anonymous_1)
FNDA:0,(anonymous_2)
FNDA:0,(anonymous_3)
FNDA:0,(anonymous_4)
FNDA:0,(anonymous_5)
DA:4,0
DA:7,0
DA:8,0
DA:10,0
DA:13,0
DA:18,0
DA:19,0
DA:21,0
DA:22,0
DA:23,0
DA:24,0
DA:25,0
DA:26,0
DA:28,0
DA:29,0
DA:32,0
DA:37,0
DA:40,0
DA:45,0
DA:46,0
DA:48,0
DA:49,0
DA:50,0
DA:51,0
DA:52,0
DA:53,0
DA:54,0
DA:56,0
DA:57,0
DA:60,0
DA:65,0
DA:68,0
DA:73,0
DA:76,0
LF:34
LH:0
BRDA:8,0,0,0
BRDA:8,0,1,0
BRDA:19,1,0,0
BRDA:19,1,1,0
BRDA:25,2,0,0
BRDA:25,2,1,0
BRDA:26,3,0,0
BRDA:26,3,1,0
BRDA:28,4,0,0
BRDA:28,4,1,0
BRDA:46,5,0,0
BRDA:46,5,1,0
BRDA:53,6,0,0
BRDA:53,6,1,0
BRDA:54,7,0,0
BRDA:54,7,1,0
BRDA:56,8,0,0
BRDA:56,8,1,0
BRF:18
BRH:0
end_of_record
TN:
SF:src\api\services\userService.js
FN:5,(anonymous_0)
FN:14,(anonymous_1)
FN:23,(anonymous_2)
FNF:3
FNH:0
FNDA:0,(anonymous_0)
FNDA:0,(anonymous_1)
FNDA:0,(anonymous_2)
DA:4,0
DA:6,0
DA:7,0
DA:8,0
DA:10,0
DA:15,0
DA:16,0
DA:17,0
DA:19,0
DA:24,0
DA:25,0
DA:26,0
DA:28,0
LF:13
LH:0
BRF:0
BRH:0
end_of_record
TN:
SF:src\components\BlogSilde\BlogSilde.jsx
FN:14,(anonymous_0)
FN:19,(anonymous_1)
FN:20,(anonymous_2)
FN:28,(anonymous_3)
FN:44,(anonymous_4)
FN:90,(anonymous_5)
FN:104,(anonymous_6)
FN:115,(anonymous_7)
FN:130,(anonymous_8)
FN:132,(anonymous_9)
FN:166,(anonymous_10)
FN:173,(anonymous_11)
FN:186,(anonymous_12)
FN:193,(anonymous_13)
FNF:14
FNH:12
FNDA:9,(anonymous_0)
FNDA:4,(anonymous_1)
FNDA:4,(anonymous_2)
FNDA:3,(anonymous_3)
FNDA:6,(anonymous_4)
FNDA:14,(anonymous_5)
FNDA:0,(anonymous_6)
FNDA:21,(anonymous_7)
FNDA:4,(anonymous_8)
FNDA:16,(anonymous_9)
FNDA:0,(anonymous_10)
FNDA:1,(anonymous_11)
FNDA:4,(anonymous_12)
FNDA:2,(anonymous_13)
DA:14,1
DA:15,9
DA:16,8
DA:17,8
DA:19,8
DA:20,4
DA:21,4
DA:22,4
DA:23,4
DA:24,3
DA:26,3
DA:27,3
DA:28,3
DA:31,3
DA:32,3
DA:35,1
DA:37,4
DA:41,4
DA:44,8
DA:45,6
DA:59,8
DA:90,8
DA:91,14
DA:105,0
DA:106,0
DA:116,21
DA:130,8
DA:131,4
DA:133,16
DA:146,8
DA:166,0
DA:173,1
DA:187,4
DA:194,2
LF:34
LH:31
BRDA:26,0,0,3
BRDA:26,0,1,0
BRDA:26,1,0,3
BRDA:26,1,1,3
BRDA:48,2,0,3
BRDA:48,2,1,3
BRDA:51,3,0,3
BRDA:51,3,1,3
BRDA:113,4,0,14
BRDA:113,4,1,14
BRDA:117,5,0,21
BRDA:117,5,1,0
BRDA:165,6,0,7
BRDA:165,6,1,1
BRDA:172,7,0,1
BRDA:172,7,1,7
BRDA:181,8,0,4
BRDA:181,8,1,4
BRDA:183,9,0,3
BRDA:183,9,1,1
BRF:20
BRH:18
end_of_record
TN:
SF:src\components\BlogSildeGuest\BlogSildeGuest.jsx
FN:13,(anonymous_0)
FN:18,(anonymous_1)
FN:19,(anonymous_2)
FN:25,(anonymous_3)
FN:38,(anonymous_4)
FN:83,(anonymous_5)
FN:95,(anonymous_6)
FN:106,(anonymous_7)
FN:121,(anonymous_8)
FN:123,(anonymous_9)
FN:156,(anonymous_10)
FN:162,(anonymous_11)
FN:173,(anonymous_12)
FN:179,(anonymous_13)
FNF:14
FNH:0
FNDA:0,(anonymous_0)
FNDA:0,(anonymous_1)
FNDA:0,(anonymous_2)
FNDA:0,(anonymous_3)
FNDA:0,(anonymous_4)
FNDA:0,(anonymous_5)
FNDA:0,(anonymous_6)
FNDA:0,(anonymous_7)
FNDA:0,(anonymous_8)
FNDA:0,(anonymous_9)
FNDA:0,(anonymous_10)
FNDA:0,(anonymous_11)
FNDA:0,(anonymous_12)
FNDA:0,(anonymous_13)
DA:13,0
DA:14,0
DA:15,0
DA:16,0
DA:18,0
DA:19,0
DA:20,0
DA:21,0
DA:22,0
DA:24,0
DA:25,0
DA:27,0
DA:29,0
DA:31,0
DA:35,0
DA:38,0
DA:39,0
DA:52,0
DA:83,0
DA:84,0
DA:96,0
DA:97,0
DA:107,0
DA:121,0
DA:122,0
DA:124,0
DA:137,0
DA:156,0
DA:162,0
DA:174,0
DA:180,0
LF:31
LH:0
BRDA:22,0,0,0
BRDA:22,0,1,0
BRDA:22,1,0,0
BRDA:22,1,1,0
BRDA:42,2,0,0
BRDA:42,2,1,0
BRDA:44,3,0,0
BRDA:44,3,1,0
BRDA:104,4,0,0
BRDA:104,4,1,0
BRDA:155,5,0,0
BRDA:155,5,1,0
BRDA:161,6,0,0
BRDA:161,6,1,0
BRDA:169,7,0,0
BRDA:169,7,1,0
BRDA:171,8,0,0
BRDA:171,8,1,0
BRF:18
BRH:0
end_of_record
TN:
SF:src\components\BlogSildeMember\BlogSildeMember.jsx
FN:13,(anonymous_0)
FN:18,(anonymous_1)
FN:19,(anonymous_2)
FN:25,(anonymous_3)
FN:38,(anonymous_4)
FN:83,(anonymous_5)
FN:95,(anonymous_6)
FN:106,(anonymous_7)
FN:121,(anonymous_8)
FN:123,(anonymous_9)
FN:156,(anonymous_10)
FN:162,(anonymous_11)
FN:173,(anonymous_12)
FN:179,(anonymous_13)
FNF:14
FNH:0
FNDA:0,(anonymous_0)
FNDA:0,(anonymous_1)
FNDA:0,(anonymous_2)
FNDA:0,(anonymous_3)
FNDA:0,(anonymous_4)
FNDA:0,(anonymous_5)
FNDA:0,(anonymous_6)
FNDA:0,(anonymous_7)
FNDA:0,(anonymous_8)
FNDA:0,(anonymous_9)
FNDA:0,(anonymous_10)
FNDA:0,(anonymous_11)
FNDA:0,(anonymous_12)
FNDA:0,(anonymous_13)
DA:13,0
DA:14,0
DA:15,0
DA:16,0
DA:18,0
DA:19,0
DA:20,0
DA:21,0
DA:22,0
DA:24,0
DA:25,0
DA:27,0
DA:29,0
DA:31,0
DA:35,0
DA:38,0
DA:39,0
DA:52,0
DA:83,0
DA:84,0
DA:96,0
DA:97,0
DA:107,0
DA:121,0
DA:122,0
DA:124,0
DA:137,0
DA:156,0
DA:162,0
DA:174,0
DA:180,0
LF:31
LH:0
BRDA:22,0,0,0
BRDA:22,0,1,0
BRDA:22,1,0,0
BRDA:22,1,1,0
BRDA:42,2,0,0
BRDA:42,2,1,0
BRDA:44,3,0,0
BRDA:44,3,1,0
BRDA:104,4,0,0
BRDA:104,4,1,0
BRDA:155,5,0,0
BRDA:155,5,1,0
BRDA:161,6,0,0
BRDA:161,6,1,0
BRDA:169,7,0,0
BRDA:169,7,1,0
BRDA:171,8,0,0
BRDA:171,8,1,0
BRF:18
BRH:0
end_of_record
TN:
SF:src\components\ChatBoxAI\ChatAI.jsx
FN:8,(anonymous_0)
FN:19,(anonymous_1)
FN:21,(anonymous_2)
FN:22,(anonymous_3)
FN:23,(anonymous_4)
FN:28,(anonymous_5)
FN:54,(anonymous_6)
FN:63,(anonymous_7)
FN:63,(anonymous_8)
FN:104,(anonymous_9)
FNF:10
FNH:0
FNDA:0,(anonymous_0)
FNDA:0,(anonymous_1)
FNDA:0,(anonymous_2)
FNDA:0,(anonymous_3)
FNDA:0,(anonymous_4)
FNDA:0,(anonymous_5)
FNDA:0,(anonymous_6)
FNDA:0,(anonymous_7)
FNDA:0,(anonymous_8)
FNDA:0,(anonymous_9)
DA:8,0
DA:9,0
DA:16,0
DA:17,0
DA:19,0
DA:21,0
DA:22,0
DA:23,0
DA:28,0
DA:30,0
DA:37,0
DA:39,0
DA:43,0
DA:44,0
DA:45,0
DA:46,0
DA:49,0
DA:51,0
DA:54,0
DA:55,0
DA:60,0
DA:63,0
DA:105,0
LF:23
LH:0
BRDA:21,0,0,0
BRDA:44,1,0,0
BRDA:44,1,1,0
BRDA:45,2,0,0
BRDA:45,2,1,0
BRDA:61,3,0,0
BRDA:61,3,1,0
BRF:7
BRH:0
end_of_record
TN:
SF:src\components\ChatBoxAI\ChatForm.jsx
FN:6,(anonymous_0)
FN:8,(anonymous_1)
FN:14,(anonymous_2)
FN:16,(anonymous_3)
FN:17,(anonymous_4)
FNF:5
FNH:0
FNDA:0,(anonymous_0)
FNDA:0,(anonymous_1)
FNDA:0,(anonymous_2)
FNDA:0,(anonymous_3)
FNDA:0,(anonymous_4)
DA:6,0
DA:7,0
DA:8,0
DA:9,0
DA:10,0
DA:11,0
DA:12,0
DA:14,0
DA:16,0
DA:17,0
DA:18,0
DA:24,0
LF:12
LH:0
BRDA:11,0,0,0
BRDA:11,0,1,0
BRF:2
BRH:0
end_of_record
TN:
SF:src\components\ChatBoxAI\ChatMessage.jsx
FN:3,(anonymous_0)
FNF:1
FNH:0
FNDA:0,(anonymous_0)
DA:3,0
DA:4,0
LF:2
LH:0
BRDA:5,0,0,0
BRDA:5,0,1,0
BRDA:6,1,0,0
BRDA:6,1,1,0
BRDA:6,2,0,0
BRDA:6,2,1,0
BRDA:7,3,0,0
BRDA:7,3,1,0
BRF:8
BRH:0
end_of_record
TN:
SF:src\components\ChatBoxAI\ChatboxIcon.jsx
FN:1,(anonymous_0)
FNF:1
FNH:0
FNDA:0,(anonymous_0)
DA:1,0
DA:2,0
LF:2
LH:0
BRF:0
BRH:0
end_of_record
TN:
SF:src\components\FoetusList\FoetusList.jsx
FN:19,(anonymous_0)
FN:27,(anonymous_1)
FN:30,(anonymous_2)
FN:36,(anonymous_3)
FN:43,(anonymous_4)
FN:48,(anonymous_5)
FN:53,(anonymous_6)
FN:56,(anonymous_7)
FN:57,(anonymous_8)
FN:73,(anonymous_9)
FN:79,(anonymous_10)
FN:81,(anonymous_11)
FN:88,(anonymous_12)
FN:132,(anonymous_13)
FN:143,(anonymous_14)
FN:149,(anonymous_15)
FN:157,(anonymous_16)
FN:166,(anonymous_17)
FN:171,(anonymous_18)
FN:182,(anonymous_19)
FN:221,(anonymous_20)
FN:261,(anonymous_21)
FNF:22
FNH:0
FNDA:0,(anonymous_0)
FNDA:0,(anonymous_1)
FNDA:0,(anonymous_2)
FNDA:0,(anonymous_3)
FNDA:0,(anonymous_4)
FNDA:0,(anonymous_5)
FNDA:0,(anonymous_6)
FNDA:0,(anonymous_7)
FNDA:0,(anonymous_8)
FNDA:0,(anonymous_9)
FNDA:0,(anonymous_10)
FNDA:0,(anonymous_11)
FNDA:0,(anonymous_12)
FNDA:0,(anonymous_13)
FNDA:0,(anonymous_14)
FNDA:0,(anonymous_15)
FNDA:0,(anonymous_16)
FNDA:0,(anonymous_17)
FNDA:0,(anonymous_18)
FNDA:0,(anonymous_19)
FNDA:0,(anonymous_20)
FNDA:0,(anonymous_21)
DA:7,0
DA:12,0
DA:14,0
DA:19,0
DA:20,0
DA:21,0
DA:22,0
DA:23,0
DA:24,0
DA:25,0
DA:27,0
DA:28,0
DA:30,0
DA:31,0
DA:32,0
DA:36,0
DA:37,0
DA:38,0
DA:39,0
DA:40,0
DA:43,0
DA:44,0
DA:45,0
DA:48,0
DA:49,0
DA:50,0
DA:51,0
DA:53,0
DA:54,0
DA:56,0
DA:57,0
DA:60,0
DA:61,0
DA:63,0
DA:64,0
DA:65,0
DA:67,0
DA:69,0
DA:73,0
DA:74,0
DA:75,0
DA:76,0
DA:79,0
DA:80,0
DA:81,0
DA:82,0
DA:83,0
DA:84,0
DA:88,0
DA:89,0
DA:90,0
DA:91,0
DA:92,0
DA:93,0
DA:94,0
DA:97,0
DA:98,0
DA:100,0
DA:101,0
DA:104,0
DA:109,0
DA:111,0
DA:112,0
DA:114,0
DA:115,0
DA:116,0
DA:117,0
DA:120,0
DA:126,0
DA:128,0
DA:132,0
DA:133,0
DA:135,0
DA:136,0
DA:137,0
DA:139,0
DA:143,0
DA:144,0
DA:147,0
DA:149,0
DA:150,0
DA:157,0
DA:166,0
DA:172,0
DA:183,0
DA:184,0
DA:185,0
DA:195,0
DA:221,0
DA:222,0
DA:223,0
DA:224,0
DA:228,0
DA:261,0
DA:269,0
LF:95
LH:0
BRDA:28,0,0,0
BRDA:28,0,1,0
BRDA:31,1,0,0
BRDA:31,1,1,0
BRDA:37,2,0,0
BRDA:37,2,1,0
BRDA:37,3,0,0
BRDA:37,3,1,0
BRDA:44,4,0,0
BRDA:44,4,1,0
BRDA:93,5,0,0
BRDA:93,5,1,0
BRDA:97,6,0,0
BRDA:97,6,1,0
BRDA:100,7,0,0
BRDA:100,7,1,0
BRDA:126,8,0,0
BRDA:126,8,1,0
BRDA:133,9,0,0
BRDA:133,9,1,0
BRDA:147,10,0,0
BRDA:147,10,1,0
BRDA:224,11,0,0
BRDA:224,11,1,0
BRDA:239,12,0,0
BRDA:239,12,1,0
BRDA:248,13,0,0
BRDA:248,13,1,0
BRDA:285,14,0,0
BRDA:285,14,1,0
BRDA:286,15,0,0
BRDA:286,15,1,0
BRDA:289,16,0,0
BRDA:289,16,1,0
BRF:34
BRH:0
end_of_record
TN:
SF:src\components\Footer\Footer.jsx
FN:54,(anonymous_0)
FN:79,(anonymous_1)
FN:89,(anonymous_2)
FNF:3
FNH:0
FNDA:0,(anonymous_0)
FNDA:0,(anonymous_1)
FNDA:0,(anonymous_2)
DA:12,0
DA:54,0
DA:55,0
DA:80,0
DA:90,0
LF:5
LH:0
BRDA:92,0,0,0
BRDA:92,0,1,0
BRF:2
BRH:0
end_of_record
TN:
SF:src\components\FooterContent\FooterContent.jsx
FN:8,(anonymous_0)
FN:11,(anonymous_1)
FN:58,(anonymous_2)
FNF:3
FNH:0
FNDA:0,(anonymous_0)
FNDA:0,(anonymous_1)
FNDA:0,(anonymous_2)
DA:8,0
DA:9,0
DA:11,0
DA:12,0
DA:13,0
DA:14,0
DA:17,0
DA:29,0
DA:37,0
DA:58,0
LF:10
LH:0
BRF:0
BRH:0
end_of_record
TN:
SF:src\components\FooterGuest\FooterGuest.jsx
FN:16,(anonymous_0)
FN:55,(anonymous_1)
FN:65,(anonymous_2)
FNF:3
FNH:0
FNDA:0,(anonymous_0)
FNDA:0,(anonymous_1)
FNDA:0,(anonymous_2)
DA:14,0
DA:16,0
DA:17,0
DA:56,0
DA:66,0
LF:5
LH:0
BRDA:72,0,0,0
BRDA:72,0,1,0
BRF:2
BRH:0
end_of_record
TN:
SF:src\components\FooterMember\FooterMember.jsx
FN:16,(anonymous_0)
FN:55,(anonymous_1)
FN:65,(anonymous_2)
FNF:3
FNH:0
FNDA:0,(anonymous_0)
FNDA:0,(anonymous_1)
FNDA:0,(anonymous_2)
DA:14,0
DA:16,0
DA:17,0
DA:56,0
DA:66,0
LF:5
LH:0
BRDA:72,0,0,0
BRDA:72,0,1,0
BRF:2
BRH:0
end_of_record
TN:
SF:src\components\Footer_Guest\FooterGuest.jsx
FN:16,(anonymous_0)
FN:55,(anonymous_1)
FN:65,(anonymous_2)
FNF:3
FNH:0
FNDA:0,(anonymous_0)
FNDA:0,(anonymous_1)
FNDA:0,(anonymous_2)
DA:14,0
DA:16,0
DA:17,0
DA:56,0
DA:66,0
LF:5
LH:0
BRDA:72,0,0,0
BRDA:72,0,1,0
BRF:2
BRH:0
end_of_record
TN:
SF:src\components\Footer_Member\FooterMember.jsx
FN:10,(anonymous_0)
FN:49,(anonymous_1)
FN:59,(anonymous_2)
FNF:3
FNH:0
FNDA:0,(anonymous_0)
FNDA:0,(anonymous_1)
FNDA:0,(anonymous_2)
DA:8,0
DA:10,0
DA:11,0
DA:50,0
DA:60,0
LF:5
LH:0
BRDA:66,0,0,0
BRDA:66,0,1,0
BRF:2
BRH:0
end_of_record
TN:
SF:src\components\HeaderContent\HeaderContent.jsx
FN:11,(anonymous_0)
FN:18,(anonymous_1)
FN:19,(anonymous_2)
FN:22,(anonymous_3)
FN:25,(anonymous_4)
FN:87,(anonymous_5)
FN:92,(anonymous_6)
FN:97,(anonymous_7)
FN:110,(anonymous_8)
FN:134,(anonymous_9)
FN:159,(anonymous_10)
FN:195,(anonymous_11)
FN:246,(anonymous_12)
FNF:13
FNH:0
FNDA:0,(anonymous_0)
FNDA:0,(anonymous_1)
FNDA:0,(anonymous_2)
FNDA:0,(anonymous_3)
FNDA:0,(anonymous_4)
FNDA:0,(anonymous_5)
FNDA:0,(anonymous_6)
FNDA:0,(anonymous_7)
FNDA:0,(anonymous_8)
FNDA:0,(anonymous_9)
FNDA:0,(anonymous_10)
FNDA:0,(anonymous_11)
FNDA:0,(anonymous_12)
DA:11,0
DA:12,0
DA:13,0
DA:14,0
DA:15,0
DA:16,0
DA:18,0
DA:19,0
DA:20,0
DA:22,0
DA:25,0
DA:26,0
DA:27,0
DA:28,0
DA:29,0
DA:33,0
DA:71,0
DA:83,0
DA:87,0
DA:92,0
DA:97,0
DA:101,0
DA:111,0
DA:134,0
DA:159,0
DA:196,0
DA:247,0
LF:27
LH:0
BRDA:26,0,0,0
BRDA:26,0,1,0
BRDA:26,1,0,0
BRDA:26,1,1,0
BRDA:28,2,0,0
BRDA:28,2,1,0
BRDA:28,3,0,0
BRDA:28,3,1,0
BRDA:102,4,0,0
BRDA:102,4,1,0
BRDA:125,5,0,0
BRDA:125,5,1,0
BRDA:200,6,0,0
BRDA:200,6,1,0
BRDA:230,7,0,0
BRDA:230,7,1,0
BRDA:253,8,0,0
BRDA:253,8,1,0
BRDA:255,9,0,0
BRDA:255,9,1,0
BRF:20
BRH:0
end_of_record
TN:
SF:src\components\NavBar\NavBar.jsx
FN:21,(anonymous_0)
FN:33,(anonymous_1)
FN:48,(anonymous_2)
FN:85,(anonymous_3)
FN:97,(anonymous_4)
FN:107,(anonymous_5)
FN:114,(anonymous_6)
FN:134,(anonymous_7)
FN:146,(anonymous_8)
FN:158,(anonymous_9)
FN:162,(anonymous_10)
FN:166,(anonymous_11)
FN:170,(anonymous_12)
FN:177,(anonymous_13)
FN:178,handleClickOutside
FN:188,(anonymous_15)
FN:194,(anonymous_16)
FN:195,(anonymous_17)
FN:206,(anonymous_18)
FN:277,(anonymous_19)
FN:293,(anonymous_20)
FN:306,(anonymous_21)
FN:325,(anonymous_22)
FN:356,(anonymous_23)
FN:377,(anonymous_24)
FN:402,(anonymous_25)
FN:448,(anonymous_26)
FN:489,(anonymous_27)
FN:531,(anonymous_28)
FN:543,(anonymous_29)
FN:562,(anonymous_30)
FNF:31
FNH:0
FNDA:0,(anonymous_0)
FNDA:0,(anonymous_1)
FNDA:0,(anonymous_2)
FNDA:0,(anonymous_3)
FNDA:0,(anonymous_4)
FNDA:0,(anonymous_5)
FNDA:0,(anonymous_6)
FNDA:0,(anonymous_7)
FNDA:0,(anonymous_8)
FNDA:0,(anonymous_9)
FNDA:0,(anonymous_10)
FNDA:0,(anonymous_11)
FNDA:0,(anonymous_12)
FNDA:0,(anonymous_13)
FNDA:0,handleClickOutside
FNDA:0,(anonymous_15)
FNDA:0,(anonymous_16)
FNDA:0,(anonymous_17)
FNDA:0,(anonymous_18)
FNDA:0,(anonymous_19)
FNDA:0,(anonymous_20)
FNDA:0,(anonymous_21)
FNDA:0,(anonymous_22)
FNDA:0,(anonymous_23)
FNDA:0,(anonymous_24)
FNDA:0,(anonymous_25)
FNDA:0,(anonymous_26)
FNDA:0,(anonymous_27)
FNDA:0,(anonymous_28)
FNDA:0,(anonymous_29)
FNDA:0,(anonymous_30)
DA:21,0
DA:22,0
DA:23,0
DA:25,0
DA:33,0
DA:34,0
DA:35,0
DA:36,0
DA:37,0
DA:38,0
DA:39,0
DA:40,0
DA:41,0
DA:42,0
DA:43,0
DA:44,0
DA:45,0
DA:46,0
DA:48,0
DA:49,0
DA:50,0
DA:52,0
DA:53,0
DA:54,0
DA:55,0
DA:56,0
DA:59,0
DA:67,0
DA:68,0
DA:70,0
DA:71,0
DA:74,0
DA:75,0
DA:76,0
DA:77,0
DA:78,0
DA:79,0
DA:80,0
DA:85,0
DA:86,0
DA:87,0
DA:88,0
DA:89,0
DA:94,0
DA:97,0
DA:98,0
DA:99,0
DA:101,0
DA:105,0
DA:107,0
DA:108,0
DA:109,0
DA:114,0
DA:116,0
DA:131,0
DA:134,0
DA:135,0
DA:136,0
DA:137,0
DA:139,0
DA:141,0
DA:142,0
DA:146,0
DA:147,0
DA:148,0
DA:149,0
DA:150,0
DA:151,0
DA:152,0
DA:153,0
DA:154,0
DA:155,0
DA:158,0
DA:159,0
DA:162,0
DA:163,0
DA:166,0
DA:167,0
DA:170,0
DA:171,0
DA:172,0
DA:177,0
DA:180,0
DA:183,0
DA:187,0
DA:188,0
DA:189,0
DA:194,0
DA:195,0
DA:196,0
DA:197,0
DA:200,0
DA:201,0
DA:205,0
DA:206,0
DA:209,0
DA:277,0
DA:293,0
DA:307,0
DA:325,0
DA:357,0
DA:358,0
DA:359,0
DA:378,0
DA:379,0
DA:380,0
DA:402,0
DA:449,0
DA:450,0
DA:451,0
DA:490,0
DA:491,0
DA:531,0
DA:544,0
DA:562,0
LF:115
LH:0
BRDA:26,0,0,0
BRDA:26,0,1,0
BRDA:52,1,0,0
BRDA:52,1,1,0
BRDA:70,2,0,0
BRDA:70,2,1,0
BRDA:86,3,0,0
BRDA:86,3,1,0
BRDA:88,4,0,0
BRDA:88,4,1,0
BRDA:98,5,0,0
BRDA:98,5,1,0
BRDA:136,6,0,0
BRDA:136,6,1,0
BRDA:171,7,0,0
BRDA:171,7,1,0
BRDA:180,8,0,0
BRDA:180,8,1,0
BRDA:180,9,0,0
BRDA:180,9,1,0
BRDA:180,9,2,0
BRDA:200,10,0,0
BRDA:200,10,1,0
BRDA:200,11,0,0
BRDA:200,11,1,0
BRDA:211,12,0,0
BRDA:211,12,1,0
BRDA:219,13,0,0
BRDA:219,13,1,0
BRDA:221,14,0,0
BRDA:221,14,1,0
BRDA:230,15,0,0
BRDA:230,15,1,0
BRDA:232,16,0,0
BRDA:232,16,1,0
BRDA:280,17,0,0
BRDA:280,17,1,0
BRDA:287,18,0,0
BRDA:287,18,1,0
BRDA:300,19,0,0
BRDA:300,19,1,0
BRDA:309,20,0,0
BRDA:309,20,1,0
BRDA:334,21,0,0
BRDA:334,21,1,0
BRDA:351,22,0,0
BRDA:351,22,1,0
BRDA:353,23,0,0
BRDA:353,23,1,0
BRDA:366,24,0,0
BRDA:366,24,1,0
BRDA:369,25,0,0
BRDA:369,25,1,0
BRDA:372,26,0,0
BRDA:372,26,1,0
BRDA:374,27,0,0
BRDA:374,27,1,0
BRDA:388,28,0,0
BRDA:388,28,1,0
BRDA:422,29,0,0
BRDA:422,29,1,0
BRDA:425,30,0,0
BRDA:425,30,1,0
BRDA:441,31,0,0
BRDA:441,31,1,0
BRDA:443,32,0,0
BRDA:443,32,1,0
BRDA:445,33,0,0
BRDA:445,33,1,0
BRDA:458,34,0,0
BRDA:458,34,1,0
BRDA:496,35,0,0
BRDA:496,35,1,0
BRDA:506,36,0,0
BRDA:506,36,1,0
BRDA:522,37,0,0
BRDA:522,37,1,0
BRDA:527,38,0,0
BRDA:527,38,1,0
BRDA:537,39,0,0
BRDA:537,39,1,0
BRDA:546,40,0,0
BRDA:546,40,1,0
BRF:83
BRH:0
end_of_record
TN:
SF:src\components\NavBarGuest\NavBarGuest.jsx
FN:20,(anonymous_0)
FN:32,(anonymous_1)
FN:44,(anonymous_2)
FN:77,(anonymous_3)
FN:87,(anonymous_4)
FN:96,(anonymous_5)
FN:113,(anonymous_6)
FN:120,(anonymous_7)
FN:131,(anonymous_8)
FN:135,(anonymous_9)
FN:139,(anonymous_10)
FN:143,(anonymous_11)
FN:244,(anonymous_12)
FN:264,(anonymous_13)
FN:282,(anonymous_14)
FN:289,(anonymous_15)
FN:336,(anonymous_16)
FNF:17
FNH:0
FNDA:0,(anonymous_0)
FNDA:0,(anonymous_1)
FNDA:0,(anonymous_2)
FNDA:0,(anonymous_3)
FNDA:0,(anonymous_4)
FNDA:0,(anonymous_5)
FNDA:0,(anonymous_6)
FNDA:0,(anonymous_7)
FNDA:0,(anonymous_8)
FNDA:0,(anonymous_9)
FNDA:0,(anonymous_10)
FNDA:0,(anonymous_11)
FNDA:0,(anonymous_12)
FNDA:0,(anonymous_13)
FNDA:0,(anonymous_14)
FNDA:0,(anonymous_15)
FNDA:0,(anonymous_16)
DA:20,0
DA:21,0
DA:22,0
DA:24,0
DA:32,0
DA:33,0
DA:34,0
DA:35,0
DA:36,0
DA:37,0
DA:38,0
DA:39,0
DA:40,0
DA:41,0
DA:42,0
DA:44,0
DA:45,0
DA:46,0
DA:48,0
DA:49,0
DA:50,0
DA:51,0
DA:52,0
DA:53,0
DA:54,0
DA:55,0
DA:56,0
DA:57,0
DA:59,0
DA:60,0
DA:61,0
DA:63,0
DA:64,0
DA:67,0
DA:68,0
DA:69,0
DA:70,0
DA:71,0
DA:72,0
DA:77,0
DA:78,0
DA:79,0
DA:80,0
DA:81,0
DA:87,0
DA:88,0
DA:89,0
DA:91,0
DA:96,0
DA:97,0
DA:98,0
DA:101,0
DA:102,0
DA:107,0
DA:109,0
DA:110,0
DA:111,0
DA:113,0
DA:114,0
DA:115,0
DA:116,0
DA:120,0
DA:121,0
DA:122,0
DA:123,0
DA:124,0
DA:125,0
DA:126,0
DA:127,0
DA:128,0
DA:131,0
DA:132,0
DA:135,0
DA:136,0
DA:139,0
DA:140,0
DA:143,0
DA:144,0
DA:147,0
DA:245,0
DA:246,0
DA:247,0
DA:265,0
DA:266,0
DA:267,0
DA:282,0
DA:290,0
DA:291,0
DA:337,0
DA:338,0
DA:339,0
LF:91
LH:0
BRDA:25,0,0,0
BRDA:25,0,1,0
BRDA:48,1,0,0
BRDA:48,1,1,0
BRDA:63,2,0,0
BRDA:63,2,1,0
BRDA:78,3,0,0
BRDA:78,3,1,0
BRDA:80,4,0,0
BRDA:80,4,1,0
BRDA:88,5,0,0
BRDA:88,5,1,0
BRDA:101,6,0,0
BRDA:101,6,1,0
BRDA:101,7,0,0
BRDA:101,7,1,0
BRDA:149,8,0,0
BRDA:149,8,1,0
BRDA:161,9,0,0
BRDA:161,9,1,0
BRDA:165,10,0,0
BRDA:165,10,1,0
BRDA:167,11,0,0
BRDA:167,11,1,0
BRDA:222,12,0,0
BRDA:222,12,1,0
BRDA:239,13,0,0
BRDA:239,13,1,0
BRDA:253,14,0,0
BRDA:253,14,1,0
BRDA:255,15,0,0
BRDA:255,15,1,0
BRDA:259,16,0,0
BRDA:259,16,1,0
BRDA:274,17,0,0
BRDA:274,17,1,0
BRDA:313,18,0,0
BRDA:313,18,1,0
BRDA:329,19,0,0
BRDA:329,19,1,0
BRDA:331,20,0,0
BRDA:331,20,1,0
BRDA:346,21,0,0
BRDA:346,21,1,0
BRDA:377,22,0,0
BRDA:377,22,1,0
BRDA:398,23,0,0
BRDA:398,23,1,0
BRF:48
BRH:0
end_of_record
TN:
SF:src\components\NavBarMember\NavBarMember.jsx
FN:23,(anonymous_0)
FN:39,(anonymous_1)
FN:54,(anonymous_2)
FN:91,(anonymous_3)
FN:103,(anonymous_4)
FN:113,(anonymous_5)
FN:119,(anonymous_6)
FN:120,(anonymous_7)
FN:131,(anonymous_8)
FN:134,(anonymous_9)
FN:146,(anonymous_10)
FN:157,(anonymous_11)
FN:170,(anonymous_12)
FN:173,(anonymous_13)
FN:176,(anonymous_14)
FN:188,(anonymous_15)
FN:200,(anonymous_16)
FN:204,(anonymous_17)
FN:208,(anonymous_18)
FN:212,(anonymous_19)
FN:217,(anonymous_20)
FN:218,handleClickOutside
FN:228,(anonymous_22)
FN:332,(anonymous_23)
FN:348,(anonymous_24)
FN:361,(anonymous_25)
FN:380,(anonymous_26)
FN:419,(anonymous_27)
FN:440,(anonymous_28)
FN:465,(anonymous_29)
FN:510,(anonymous_30)
FN:551,(anonymous_31)
FN:586,(anonymous_32)
FN:598,(anonymous_33)
FN:617,(anonymous_34)
FNF:35
FNH:0
FNDA:0,(anonymous_0)
FNDA:0,(anonymous_1)
FNDA:0,(anonymous_2)
FNDA:0,(anonymous_3)
FNDA:0,(anonymous_4)
FNDA:0,(anonymous_5)
FNDA:0,(anonymous_6)
FNDA:0,(anonymous_7)
FNDA:0,(anonymous_8)
FNDA:0,(anonymous_9)
FNDA:0,(anonymous_10)
FNDA:0,(anonymous_11)
FNDA:0,(anonymous_12)
FNDA:0,(anonymous_13)
FNDA:0,(anonymous_14)
FNDA:0,(anonymous_15)
FNDA:0,(anonymous_16)
FNDA:0,(anonymous_17)
FNDA:0,(anonymous_18)
FNDA:0,(anonymous_19)
FNDA:0,(anonymous_20)
FNDA:0,handleClickOutside
FNDA:0,(anonymous_22)
FNDA:0,(anonymous_23)
FNDA:0,(anonymous_24)
FNDA:0,(anonymous_25)
FNDA:0,(anonymous_26)
FNDA:0,(anonymous_27)
FNDA:0,(anonymous_28)
FNDA:0,(anonymous_29)
FNDA:0,(anonymous_30)
FNDA:0,(anonymous_31)
FNDA:0,(anonymous_32)
FNDA:0,(anonymous_33)
FNDA:0,(anonymous_34)
DA:23,0
DA:24,0
DA:25,0
DA:27,0
DA:39,0
DA:40,0
DA:41,0
DA:42,0
DA:43,0
DA:44,0
DA:45,0
DA:46,0
DA:47,0
DA:48,0
DA:49,0
DA:50,0
DA:51,0
DA:52,0
DA:54,0
DA:55,0
DA:56,0
DA:58,0
DA:59,0
DA:60,0
DA:61,0
DA:62,0
DA:65,0
DA:73,0
DA:74,0
DA:76,0
DA:77,0
DA:80,0
DA:81,0
DA:82,0
DA:83,0
DA:84,0
DA:85,0
DA:86,0
DA:91,0
DA:92,0
DA:93,0
DA:94,0
DA:95,0
DA:100,0
DA:103,0
DA:104,0
DA:105,0
DA:107,0
DA:111,0
DA:113,0
DA:114,0
DA:115,0
DA:119,0
DA:120,0
DA:121,0
DA:125,0
DA:128,0
DA:131,0
DA:134,0
DA:135,0
DA:136,0
DA:139,0
DA:140,0
DA:141,0
DA:144,0
DA:145,0
DA:147,0
DA:150,0
DA:154,0
DA:155,0
DA:158,0
DA:159,0
DA:160,0
DA:163,0
DA:165,0
DA:166,0
DA:170,0
DA:171,0
DA:172,0
DA:173,0
DA:176,0
DA:177,0
DA:178,0
DA:179,0
DA:181,0
DA:183,0
DA:184,0
DA:188,0
DA:189,0
DA:190,0
DA:191,0
DA:192,0
DA:193,0
DA:194,0
DA:195,0
DA:196,0
DA:197,0
DA:200,0
DA:201,0
DA:204,0
DA:205,0
DA:208,0
DA:209,0
DA:212,0
DA:213,0
DA:217,0
DA:220,0
DA:223,0
DA:227,0
DA:228,0
DA:229,0
DA:233,0
DA:332,0
DA:348,0
DA:362,0
DA:380,0
DA:420,0
DA:421,0
DA:422,0
DA:441,0
DA:442,0
DA:443,0
DA:465,0
DA:511,0
DA:512,0
DA:513,0
DA:552,0
DA:553,0
DA:586,0
DA:599,0
DA:617,0
LF:131
LH:0
BRDA:30,0,0,0
BRDA:30,0,1,0
BRDA:58,1,0,0
BRDA:58,1,1,0
BRDA:76,2,0,0
BRDA:76,2,1,0
BRDA:92,3,0,0
BRDA:92,3,1,0
BRDA:94,4,0,0
BRDA:94,4,1,0
BRDA:104,5,0,0
BRDA:104,5,1,0
BRDA:139,6,0,0
BRDA:139,6,1,0
BRDA:139,7,0,0
BRDA:139,7,1,0
BRDA:147,8,0,0
BRDA:147,8,1,0
BRDA:147,9,0,0
BRDA:147,9,1,0
BRDA:150,10,0,0
BRDA:150,10,1,0
BRDA:178,11,0,0
BRDA:178,11,1,0
BRDA:220,12,0,0
BRDA:220,12,1,0
BRDA:220,13,0,0
BRDA:220,13,1,0
BRDA:220,13,2,0
BRDA:236,14,0,0
BRDA:236,14,1,0
BRDA:250,15,0,0
BRDA:250,15,1,0
BRDA:256,16,0,0
BRDA:256,16,1,0
BRDA:267,17,0,0
BRDA:267,17,1,0
BRDA:271,18,0,0
BRDA:271,18,1,0
BRDA:335,19,0,0
BRDA:335,19,1,0
BRDA:342,20,0,0
BRDA:342,20,1,0
BRDA:355,21,0,0
BRDA:355,21,1,0
BRDA:364,22,0,0
BRDA:364,22,1,0
BRDA:389,23,0,0
BRDA:389,23,1,0
BRDA:414,24,0,0
BRDA:414,24,1,0
BRDA:416,25,0,0
BRDA:416,25,1,0
BRDA:429,26,0,0
BRDA:429,26,1,0
BRDA:432,27,0,0
BRDA:432,27,1,0
BRDA:435,28,0,0
BRDA:435,28,1,0
BRDA:437,29,0,0
BRDA:437,29,1,0
BRDA:451,30,0,0
BRDA:451,30,1,0
BRDA:485,31,0,0
BRDA:485,31,1,0
BRDA:487,32,0,0
BRDA:487,32,1,0
BRDA:503,33,0,0
BRDA:503,33,1,0
BRDA:505,34,0,0
BRDA:505,34,1,0
BRDA:507,35,0,0
BRDA:507,35,1,0
BRDA:520,36,0,0
BRDA:520,36,1,0
BRDA:558,37,0,0
BRDA:558,37,1,0
BRDA:577,38,0,0
BRDA:577,38,1,0
BRDA:582,39,0,0
BRDA:582,39,1,0
BRDA:592,40,0,0
BRDA:592,40,1,0
BRDA:601,41,0,0
BRDA:601,41,1,0
BRF:85
BRH:0
end_of_record
TN:
SF:src\components\NotesList\NotesList.jsx
FN:10,(anonymous_0)
FN:18,(anonymous_1)
FN:22,(anonymous_2)
FN:26,(anonymous_3)
FN:38,(anonymous_4)
FN:44,(anonymous_5)
FN:52,(anonymous_6)
FN:56,(anonymous_7)
FN:104,(anonymous_8)
FN:117,(anonymous_9)
FN:153,(anonymous_10)
FN:161,(anonymous_11)
FN:176,(anonymous_12)
FN:180,(anonymous_13)
FN:189,(anonymous_14)
FN:240,(anonymous_15)
FNF:16
FNH:0
FNDA:0,(anonymous_0)
FNDA:0,(anonymous_1)
FNDA:0,(anonymous_2)
FNDA:0,(anonymous_3)
FNDA:0,(anonymous_4)
FNDA:0,(anonymous_5)
FNDA:0,(anonymous_6)
FNDA:0,(anonymous_7)
FNDA:0,(anonymous_8)
FNDA:0,(anonymous_9)
FNDA:0,(anonymous_10)
FNDA:0,(anonymous_11)
FNDA:0,(anonymous_12)
FNDA:0,(anonymous_13)
FNDA:0,(anonymous_14)
FNDA:0,(anonymous_15)
DA:10,0
DA:11,0
DA:12,0
DA:13,0
DA:14,0
DA:15,0
DA:16,0
DA:18,0
DA:19,0
DA:22,0
DA:23,0
DA:24,0
DA:25,0
DA:26,0
DA:28,0
DA:30,0
DA:38,0
DA:39,0
DA:40,0
DA:41,0
DA:44,0
DA:45,0
DA:46,0
DA:47,0
DA:48,0
DA:49,0
DA:52,0
DA:53,0
DA:56,0
DA:57,0
DA:58,0
DA:59,0
DA:61,0
DA:65,0
DA:72,0
DA:105,0
DA:117,0
DA:153,0
DA:161,0
DA:176,0
DA:180,0
DA:189,0
DA:241,0
LF:43
LH:0
BRDA:45,0,0,0
BRDA:45,0,1,0
BRDA:57,1,0,0
BRDA:57,1,1,0
BRDA:61,2,0,0
BRDA:61,2,1,0
BRDA:103,3,0,0
BRDA:103,3,1,0
BRDA:106,4,0,0
BRDA:106,4,1,0
BRDA:123,5,0,0
BRDA:123,5,1,0
BRDA:128,6,0,0
BRDA:128,6,1,0
BRDA:133,7,0,0
BRDA:133,7,1,0
BRDA:136,8,0,0
BRDA:136,8,1,0
BRDA:170,9,0,0
BRDA:170,9,1,0
BRDA:196,10,0,0
BRDA:196,10,1,0
BRDA:203,11,0,0
BRDA:203,11,1,0
BRDA:216,12,0,0
BRDA:216,12,1,0
BRDA:229,13,0,0
BRDA:229,13,1,0
BRF:28
BRH:0
end_of_record
TN:
SF:src\components\PregnancyTimeline\PregnancyTimeline.jsx
FN:6,(anonymous_0)
FN:149,(anonymous_1)
FN:153,(anonymous_2)
FN:195,(anonymous_3)
FN:204,(anonymous_4)
FN:210,(anonymous_5)
FN:220,(anonymous_6)
FN:248,(anonymous_7)
FN:263,(anonymous_8)
FN:285,(anonymous_9)
FNF:10
FNH:0
FNDA:0,(anonymous_0)
FNDA:0,(anonymous_1)
FNDA:0,(anonymous_2)
FNDA:0,(anonymous_3)
FNDA:0,(anonymous_4)
FNDA:0,(anonymous_5)
FNDA:0,(anonymous_6)
FNDA:0,(anonymous_7)
FNDA:0,(anonymous_8)
FNDA:0,(anonymous_9)
DA:6,0
DA:7,0
DA:8,0
DA:10,0
DA:149,0
DA:150,0
DA:153,0
DA:154,0
DA:155,0
DA:156,0
DA:158,0
DA:160,0
DA:167,0
DA:195,0
DA:205,0
DA:211,0
DA:220,0
DA:249,0
DA:264,0
DA:285,0
LF:20
LH:0
BRDA:150,0,0,0
BRDA:150,0,1,0
BRDA:154,1,0,0
BRDA:154,1,1,0
BRDA:158,2,0,0
BRDA:158,2,1,0
BRDA:213,3,0,0
BRDA:213,3,1,0
BRDA:228,4,0,0
BRDA:228,4,1,0
BRDA:233,5,0,0
BRDA:233,5,1,0
BRF:12
BRH:0
end_of_record
TN:
SF:src\components\ProtectedAdminRoute\ProtectedAdminRoute.jsx
FN:5,(anonymous_0)
FNF:1
FNH:0
FNDA:0,(anonymous_0)
DA:5,0
DA:6,0
DA:8,0
DA:9,0
DA:10,0
DA:13,0
DA:14,0
DA:16,0
DA:18,0
DA:19,0
DA:20,0
DA:23,0
DA:25,0
DA:26,0
DA:27,0
DA:28,0
LF:16
LH:0
BRDA:8,0,0,0
BRDA:8,0,1,0
BRDA:18,1,0,0
BRDA:18,1,1,0
BRF:4
BRH:0
end_of_record
TN:
SF:src\components\ProtectedBasicUserRoute\ProtectedBasicUserRoute.jsx
FN:6,(anonymous_0)
FNF:1
FNH:0
FNDA:0,(anonymous_0)
DA:6,0
DA:7,0
DA:9,0
DA:10,0
DA:11,0
DA:14,0
DA:15,0
DA:17,0
DA:20,0
DA:21,0
DA:25,0
DA:29,0
DA:33,0
DA:34,0
DA:38,0
DA:39,0
DA:41,0
DA:42,0
DA:43,0
DA:44,0
DA:48,0
LF:21
LH:0
BRDA:9,0,0,0
BRDA:9,0,1,0
BRDA:20,1,0,0
BRDA:20,1,1,0
BRDA:20,2,0,0
BRDA:20,2,1,0
BRDA:25,3,0,0
BRDA:25,3,1,0
BRDA:26,4,0,0
BRDA:26,4,1,0
BRDA:33,5,0,0
BRDA:33,5,1,0
BRF:12
BRH:0
end_of_record
TN:
SF:src\components\ProtectedMemberRoute\ProtectedMemberRoute.jsx
FN:6,(anonymous_0)
FNF:1
FNH:0
FNDA:0,(anonymous_0)
DA:6,0
DA:7,0
DA:9,0
DA:10,0
DA:11,0
DA:14,0
DA:15,0
DA:17,0
DA:20,0
DA:21,0
DA:25,0
DA:26,0
DA:27,0
DA:28,0
DA:29,0
DA:32,0
DA:33,0
DA:35,0
DA:36,0
DA:37,0
DA:38,0
DA:42,0
LF:22
LH:0
BRDA:9,0,0,0
BRDA:9,0,1,0
BRDA:20,1,0,0
BRDA:20,1,1,0
BRDA:25,2,0,0
BRDA:25,2,1,0
BRDA:28,3,0,0
BRDA:28,3,1,0
BRF:8
BRH:0
end_of_record
TN:
SF:src\components\SideBar\SideBar.jsx
FN:6,(anonymous_0)
FNF:1
FNH:0
FNDA:0,(anonymous_0)
DA:6,0
DA:7,0
LF:2
LH:0
BRF:0
BRH:0
end_of_record
TN:
SF:src\components\UserMenu\UserMenu.jsx
FN:6,(anonymous_0)
FN:11,(anonymous_1)
FN:18,(anonymous_2)
FNF:3
FNH:0
FNDA:0,(anonymous_0)
FNDA:0,(anonymous_1)
FNDA:0,(anonymous_2)
DA:6,0
DA:7,0
DA:8,0
DA:9,0
DA:11,0
DA:12,0
DA:13,0
DA:16,0
DA:18,0
LF:9
LH:0
BRDA:20,0,0,0
BRDA:20,0,1,0
BRDA:27,1,0,0
BRDA:27,1,1,0
BRF:4
BRH:0
end_of_record
TN:
SF:src\components\VipBenefit\VipBenefit.jsx
FN:7,(anonymous_0)
FN:10,(anonymous_1)
FN:44,(anonymous_2)
FN:62,(anonymous_3)
FNF:4
FNH:0
FNDA:0,(anonymous_0)
FNDA:0,(anonymous_1)
FNDA:0,(anonymous_2)
FNDA:0,(anonymous_3)
DA:7,0
DA:8,0
DA:10,0
DA:11,0
DA:14,0
DA:22,0
DA:29,0
DA:45,0
DA:63,0
LF:9
LH:0
BRDA:71,0,0,0
BRDA:71,0,1,0
BRDA:72,1,0,0
BRDA:72,1,1,0
BRF:4
BRH:0
end_of_record
TN:
SF:src\config\api.js
FNF:0
FNH:0
DA:1,0
DA:3,0
LF:2
LH:0
BRF:0
BRH:0
end_of_record
TN:
SF:src\contexts\AuthContext.jsx
FN:7,(anonymous_0)
FN:12,(anonymous_1)
FN:13,(anonymous_2)
FN:48,(anonymous_3)
FN:68,(anonymous_4)
FN:104,(anonymous_5)
FNF:6
FNH:0
FNDA:0,(anonymous_0)
FNDA:0,(anonymous_1)
FNDA:0,(anonymous_2)
FNDA:0,(anonymous_3)
FNDA:0,(anonymous_4)
FNDA:0,(anonymous_5)
DA:5,0
DA:7,0
DA:8,0
DA:9,0
DA:10,0
DA:12,0
DA:13,0
DA:14,0
DA:15,0
DA:16,0
DA:18,0
DA:19,0
DA:21,0
DA:23,0
DA:24,0
DA:25,0
DA:27,0
DA:28,0
DA:29,0
DA:32,0
DA:33,0
DA:36,0
DA:37,0
DA:38,0
DA:39,0
DA:41,0
DA:45,0
DA:48,0
DA:49,0
DA:50,0
DA:51,0
DA:53,0
DA:54,0
DA:55,0
DA:56,0
DA:58,0
DA:61,0
DA:62,0
DA:64,0
DA:68,0
DA:69,0
DA:70,0
DA:71,0
DA:73,0
DA:74,0
DA:76,0
DA:78,0
DA:80,0
DA:81,0
DA:83,0
DA:87,0
DA:97,0
DA:104,0
DA:105,0
DA:106,0
DA:107,0
DA:109,0
LF:57
LH:0
BRDA:18,0,0,0
BRDA:18,0,1,0
BRDA:23,1,0,0
BRDA:23,1,1,0
BRDA:53,2,0,0
BRDA:53,2,1,0
BRDA:58,3,0,0
BRDA:58,3,1,0
BRDA:94,4,0,0
BRDA:94,4,1,0
BRDA:106,5,0,0
BRDA:106,5,1,0
BRF:12
BRH:0
end_of_record
TN:
SF:src\contexts\UserContext.jsx
FN:6,(anonymous_0)
FN:10,(anonymous_1)
FN:11,(anonymous_2)
FN:35,(anonymous_3)
FNF:4
FNH:0
FNDA:0,(anonymous_0)
FNDA:0,(anonymous_1)
FNDA:0,(anonymous_2)
FNDA:0,(anonymous_3)
DA:4,0
DA:6,0
DA:7,0
DA:8,0
DA:10,0
DA:11,0
DA:12,0
DA:13,0
DA:14,0
DA:15,0
DA:16,0
DA:19,0
DA:21,0
DA:25,0
DA:28,0
DA:35,0
LF:16
LH:0
BRDA:14,0,0,0
BRDA:14,0,1,0
BRF:2
BRH:0
end_of_record
TN:
SF:src\pages\AboutUs\AboutUs.jsx
FN:11,(anonymous_0)
FN:15,(anonymous_1)
FN:16,(anonymous_2)
FN:17,(anonymous_3)
FN:31,(anonymous_4)
FN:80,(anonymous_5)
FN:88,(anonymous_6)
FN:111,(anonymous_7)
FN:121,(anonymous_8)
FN:124,(anonymous_9)
FNF:10
FNH:0
FNDA:0,(anonymous_0)
FNDA:0,(anonymous_1)
FNDA:0,(anonymous_2)
FNDA:0,(anonymous_3)
FNDA:0,(anonymous_4)
FNDA:0,(anonymous_5)
FNDA:0,(anonymous_6)
FNDA:0,(anonymous_7)
FNDA:0,(anonymous_8)
FNDA:0,(anonymous_9)
DA:11,0
DA:12,0
DA:13,0
DA:15,0
DA:16,0
DA:17,0
DA:18,0
DA:19,0
DA:20,0
DA:21,0
DA:22,0
DA:28,0
DA:29,0
DA:31,0
DA:34,0
DA:58,0
DA:68,0
DA:80,0
DA:88,0
DA:111,0
DA:121,0
DA:125,0
LF:22
LH:0
BRDA:18,0,0,0
BRDA:18,0,1,0
BRDA:20,1,0,0
BRDA:20,1,1,0
BRDA:21,2,0,0
BRDA:21,2,1,0
BRDA:134,3,0,0
BRDA:134,3,1,0
BRF:8
BRH:0
end_of_record
TN:
SF:src\pages\BasicTracking\BasicTracking.jsx
FN:68,(anonymous_0)
FN:75,(anonymous_1)
FN:82,(anonymous_2)
FN:89,(anonymous_3)
FN:96,(anonymous_4)
FN:103,(anonymous_5)
FN:119,(anonymous_6)
FN:150,(anonymous_7)
FN:169,(anonymous_8)
FN:182,(anonymous_9)
FN:183,(anonymous_10)
FN:186,(anonymous_11)
FN:187,(anonymous_12)
FN:198,(anonymous_13)
FN:204,(anonymous_14)
FN:209,(anonymous_15)
FN:236,(anonymous_16)
FN:252,(anonymous_17)
FN:254,(anonymous_18)
FN:280,(anonymous_19)
FN:305,(anonymous_20)
FN:331,(anonymous_21)
FN:344,(anonymous_22)
FN:345,(anonymous_23)
FN:351,(anonymous_24)
FN:352,(anonymous_25)
FN:362,(anonymous_26)
FN:380,(anonymous_27)
FN:382,(anonymous_28)
FN:385,(anonymous_29)
FN:390,(anonymous_30)
FN:398,(anonymous_31)
FN:406,(anonymous_32)
FN:414,(anonymous_33)
FN:424,(anonymous_34)
FN:429,(anonymous_35)
FN:436,(anonymous_36)
FN:448,(anonymous_37)
FN:453,(anonymous_38)
FN:462,(anonymous_39)
FN:469,(anonymous_40)
FN:593,(anonymous_41)
FN:602,(anonymous_42)
FN:772,(anonymous_43)
FN:784,(anonymous_44)
FN:828,(anonymous_45)
FN:836,(anonymous_46)
FN:887,(anonymous_47)
FN:938,(anonymous_48)
FN:969,(anonymous_49)
FN:1000,(anonymous_50)
FN:1031,(anonymous_51)
FN:1062,(anonymous_52)
FN:1074,(anonymous_53)
FN:1118,(anonymous_54)
FN:1127,(anonymous_55)
FN:1172,(anonymous_56)
FN:1188,(anonymous_57)
FN:1225,(anonymous_58)
FN:1271,(anonymous_59)
FNF:60
FNH:0
FNDA:0,(anonymous_0)
FNDA:0,(anonymous_1)
FNDA:0,(anonymous_2)
FNDA:0,(anonymous_3)
FNDA:0,(anonymous_4)
FNDA:0,(anonymous_5)
FNDA:0,(anonymous_6)
FNDA:0,(anonymous_7)
FNDA:0,(anonymous_8)
FNDA:0,(anonymous_9)
FNDA:0,(anonymous_10)
FNDA:0,(anonymous_11)
FNDA:0,(anonymous_12)
FNDA:0,(anonymous_13)
FNDA:0,(anonymous_14)
FNDA:0,(anonymous_15)
FNDA:0,(anonymous_16)
FNDA:0,(anonymous_17)
FNDA:0,(anonymous_18)
FNDA:0,(anonymous_19)
FNDA:0,(anonymous_20)
FNDA:0,(anonymous_21)
FNDA:0,(anonymous_22)
FNDA:0,(anonymous_23)
FNDA:0,(anonymous_24)
FNDA:0,(anonymous_25)
FNDA:0,(anonymous_26)
FNDA:0,(anonymous_27)
FNDA:0,(anonymous_28)
FNDA:0,(anonymous_29)
FNDA:0,(anonymous_30)
FNDA:0,(anonymous_31)
FNDA:0,(anonymous_32)
FNDA:0,(anonymous_33)
FNDA:0,(anonymous_34)
FNDA:0,(anonymous_35)
FNDA:0,(anonymous_36)
FNDA:0,(anonymous_37)
FNDA:0,(anonymous_38)
FNDA:0,(anonymous_39)
FNDA:0,(anonymous_40)
FNDA:0,(anonymous_41)
FNDA:0,(anonymous_42)
FNDA:0,(anonymous_43)
FNDA:0,(anonymous_44)
FNDA:0,(anonymous_45)
FNDA:0,(anonymous_46)
FNDA:0,(anonymous_47)
FNDA:0,(anonymous_48)
FNDA:0,(anonymous_49)
FNDA:0,(anonymous_50)
FNDA:0,(anonymous_51)
FNDA:0,(anonymous_52)
FNDA:0,(anonymous_53)
FNDA:0,(anonymous_54)
FNDA:0,(anonymous_55)
FNDA:0,(anonymous_56)
FNDA:0,(anonymous_57)
FNDA:0,(anonymous_58)
FNDA:0,(anonymous_59)
DA:43,0
DA:55,0
DA:62,0
DA:68,0
DA:75,0
DA:82,0
DA:89,0
DA:96,0
DA:103,0
DA:108,0
DA:120,0
DA:150,0
DA:152,0
DA:153,0
DA:154,0
DA:155,0
DA:156,0
DA:157,0
DA:158,0
DA:159,0
DA:160,0
DA:161,0
DA:162,0
DA:163,0
DA:164,0
DA:165,0
DA:166,0
DA:169,0
DA:170,0
DA:171,0
DA:172,0
DA:173,0
DA:174,0
DA:176,0
DA:178,0
DA:182,0
DA:183,0
DA:184,0
DA:186,0
DA:188,0
DA:192,0
DA:195,0
DA:198,0
DA:199,0
DA:200,0
DA:201,0
DA:204,0
DA:205,0
DA:209,0
DA:210,0
DA:211,0
DA:214,0
DA:215,0
DA:216,0
DA:218,0
DA:219,0
DA:222,0
DA:223,0
DA:225,0
DA:227,0
DA:228,0
DA:229,0
DA:232,0
DA:236,0
DA:237,0
DA:239,0
DA:240,0
DA:242,0
DA:243,0
DA:244,0
DA:245,0
DA:248,0
DA:249,0
DA:252,0
DA:253,0
DA:254,0
DA:257,0
DA:266,0
DA:267,0
DA:269,0
DA:274,0
DA:275,0
DA:277,0
DA:280,0
DA:281,0
DA:282,0
DA:285,0
DA:300,0
DA:301,0
DA:302,0
DA:305,0
DA:307,0
DA:308,0
DA:311,0
DA:326,0
DA:327,0
DA:328,0
DA:331,0
DA:332,0
DA:333,0
DA:334,0
DA:335,0
DA:336,0
DA:337,0
DA:339,0
DA:344,0
DA:345,0
DA:346,0
DA:347,0
DA:351,0
DA:352,0
DA:362,0
DA:363,0
DA:364,0
DA:370,0
DA:371,0
DA:372,0
DA:379,0
DA:380,0
DA:382,0
DA:384,0
DA:385,0
DA:390,0
DA:398,0
DA:406,0
DA:414,0
DA:424,0
DA:425,0
DA:429,0
DA:430,0
DA:432,0
DA:433,0
DA:434,0
DA:436,0
DA:441,0
DA:443,0
DA:448,0
DA:449,0
DA:450,0
DA:451,0
DA:453,0
DA:454,0
DA:455,0
DA:462,0
DA:463,0
DA:464,0
DA:465,0
DA:469,0
DA:470,0
DA:473,0
DA:474,0
DA:475,0
DA:476,0
DA:479,0
DA:480,0
DA:481,0
DA:482,0
DA:485,0
DA:487,0
DA:488,0
DA:494,0
DA:495,0
DA:502,0
DA:512,0
DA:513,0
DA:514,0
DA:515,0
DA:518,0
DA:520,0
DA:521,0
DA:527,0
DA:528,0
DA:535,0
DA:545,0
DA:546,0
DA:547,0
DA:548,0
DA:551,0
DA:553,0
DA:555,0
DA:556,0
DA:557,0
DA:558,0
DA:560,0
DA:564,0
DA:565,0
DA:571,0
DA:572,0
DA:579,0
DA:589,0
DA:593,0
DA:594,0
DA:595,0
DA:596,0
DA:597,0
DA:598,0
DA:602,0
DA:603,0
DA:604,0
DA:606,0
DA:609,0
DA:610,0
DA:619,0
DA:620,0
DA:621,0
DA:622,0
DA:624,0
DA:625,0
DA:626,0
DA:632,0
DA:633,0
DA:634,0
DA:641,0
DA:651,0
DA:652,0
DA:653,0
DA:654,0
DA:656,0
DA:657,0
DA:658,0
DA:664,0
DA:665,0
DA:666,0
DA:673,0
DA:683,0
DA:684,0
DA:685,0
DA:686,0
DA:688,0
DA:689,0
DA:690,0
DA:696,0
DA:697,0
DA:698,0
DA:705,0
DA:715,0
DA:716,0
DA:717,0
DA:718,0
DA:720,0
DA:721,0
DA:722,0
DA:728,0
DA:729,0
DA:730,0
DA:737,0
DA:747,0
DA:748,0
DA:751,0
DA:752,0
DA:760,0
DA:765,0
DA:767,0
DA:772,0
DA:774,0
DA:781,0
DA:784,0
DA:786,0
DA:793,0
DA:796,0
DA:798,0
DA:829,0
DA:830,0
DA:832,0
DA:836,0
DA:888,0
DA:939,0
DA:970,0
DA:1001,0
DA:1032,0
DA:1062,0
DA:1074,0
DA:1118,0
DA:1128,0
DA:1172,0
DA:1189,0
DA:1225,0
DA:1271,0
LF:278
LH:0
BRDA:68,0,0,0
BRDA:68,0,1,0
BRDA:82,1,0,0
BRDA:82,1,1,0
BRDA:89,2,0,0
BRDA:89,2,1,0
BRDA:96,3,0,0
BRDA:96,3,1,0
BRDA:103,4,0,0
BRDA:103,4,1,0
BRDA:211,5,0,0
BRDA:211,5,1,0
BRDA:225,6,0,0
BRDA:225,6,1,0
BRDA:239,7,0,0
BRDA:239,7,1,0
BRDA:242,8,0,0
BRDA:242,8,1,0
BRDA:242,9,0,0
BRDA:242,9,1,0
BRDA:242,9,2,0
BRDA:258,10,0,0
BRDA:258,10,1,0
BRDA:258,10,2,0
BRDA:259,11,0,0
BRDA:259,11,1,0
BRDA:259,11,2,0
BRDA:260,12,0,0
BRDA:260,12,1,0
BRDA:260,12,2,0
BRDA:261,13,0,0
BRDA:261,13,1,0
BRDA:261,13,2,0
BRDA:262,14,0,0
BRDA:262,14,1,0
BRDA:262,14,2,0
BRDA:288,15,0,0
BRDA:288,15,1,0
BRDA:289,16,0,0
BRDA:289,16,1,0
BRDA:314,17,0,0
BRDA:314,17,1,0
BRDA:317,18,0,0
BRDA:317,18,1,0
BRDA:317,18,2,0
BRDA:328,19,0,0
BRDA:328,19,1,0
BRDA:333,20,0,0
BRDA:333,20,1,0
BRDA:333,21,0,0
BRDA:333,21,1,0
BRDA:335,22,0,0
BRDA:335,22,1,0
BRDA:346,23,0,0
BRDA:346,23,1,0
BRDA:355,24,0,0
BRDA:355,24,1,0
BRDA:363,25,0,0
BRDA:363,25,1,0
BRDA:363,26,0,0
BRDA:363,26,1,0
BRDA:371,27,0,0
BRDA:371,27,1,0
BRDA:371,28,0,0
BRDA:371,28,1,0
BRDA:390,29,0,0
BRDA:390,29,1,0
BRDA:398,30,0,0
BRDA:398,30,1,0
BRDA:406,31,0,0
BRDA:406,31,1,0
BRDA:414,32,0,0
BRDA:414,32,1,0
BRDA:425,33,0,0
BRDA:425,33,1,0
BRDA:430,34,0,0
BRDA:430,34,1,0
BRDA:430,35,0,0
BRDA:430,35,1,0
BRDA:449,36,0,0
BRDA:449,36,1,0
BRDA:449,37,0,0
BRDA:449,37,1,0
BRDA:451,38,0,0
BRDA:451,38,1,0
BRDA:451,39,0,0
BRDA:451,39,1,0
BRDA:454,40,0,0
BRDA:454,40,1,0
BRDA:454,41,0,0
BRDA:454,41,1,0
BRDA:464,42,0,0
BRDA:464,42,1,0
BRDA:464,43,0,0
BRDA:464,43,1,0
BRDA:464,43,2,0
BRDA:473,44,0,0
BRDA:473,44,1,0
BRDA:479,45,0,0
BRDA:479,45,1,0
BRDA:479,46,0,0
BRDA:479,46,1,0
BRDA:482,47,0,0
BRDA:482,47,1,0
BRDA:485,48,0,0
BRDA:485,48,1,0
BRDA:487,49,0,0
BRDA:487,49,1,0
BRDA:494,50,0,0
BRDA:494,50,1,0
BRDA:512,51,0,0
BRDA:512,51,1,0
BRDA:512,52,0,0
BRDA:512,52,1,0
BRDA:515,53,0,0
BRDA:515,53,1,0
BRDA:518,54,0,0
BRDA:518,54,1,0
BRDA:520,55,0,0
BRDA:520,55,1,0
BRDA:527,56,0,0
BRDA:527,56,1,0
BRDA:545,57,0,0
BRDA:545,57,1,0
BRDA:545,58,0,0
BRDA:545,58,1,0
BRDA:548,59,0,0
BRDA:548,59,1,0
BRDA:553,60,0,0
BRDA:553,60,1,0
BRDA:555,61,0,0
BRDA:555,61,1,0
BRDA:557,62,0,0
BRDA:557,62,1,0
BRDA:564,63,0,0
BRDA:564,63,1,0
BRDA:571,64,0,0
BRDA:571,64,1,0
BRDA:594,65,0,0
BRDA:594,65,1,0
BRDA:594,66,0,0
BRDA:594,66,1,0
BRDA:596,67,0,0
BRDA:596,67,1,0
BRDA:596,68,0,0
BRDA:596,68,1,0
BRDA:609,69,0,0
BRDA:609,69,1,0
BRDA:619,70,0,0
BRDA:619,70,1,0
BRDA:619,71,0,0
BRDA:619,71,1,0
BRDA:620,72,0,0
BRDA:620,72,1,0
BRDA:621,73,0,0
BRDA:621,73,1,0
BRDA:622,74,0,0
BRDA:622,74,1,0
BRDA:624,75,0,0
BRDA:624,75,1,0
BRDA:632,76,0,0
BRDA:632,76,1,0
BRDA:651,77,0,0
BRDA:651,77,1,0
BRDA:651,78,0,0
BRDA:651,78,1,0
BRDA:652,79,0,0
BRDA:652,79,1,0
BRDA:653,80,0,0
BRDA:653,80,1,0
BRDA:654,81,0,0
BRDA:654,81,1,0
BRDA:656,82,0,0
BRDA:656,82,1,0
BRDA:664,83,0,0
BRDA:664,83,1,0
BRDA:683,84,0,0
BRDA:683,84,1,0
BRDA:683,85,0,0
BRDA:683,85,1,0
BRDA:684,86,0,0
BRDA:684,86,1,0
BRDA:685,87,0,0
BRDA:685,87,1,0
BRDA:686,88,0,0
BRDA:686,88,1,0
BRDA:688,89,0,0
BRDA:688,89,1,0
BRDA:696,90,0,0
BRDA:696,90,1,0
BRDA:715,91,0,0
BRDA:715,91,1,0
BRDA:715,92,0,0
BRDA:715,92,1,0
BRDA:716,93,0,0
BRDA:716,93,1,0
BRDA:717,94,0,0
BRDA:717,94,1,0
BRDA:718,95,0,0
BRDA:718,95,1,0
BRDA:720,96,0,0
BRDA:720,96,1,0
BRDA:728,97,0,0
BRDA:728,97,1,0
BRDA:747,98,0,0
BRDA:747,98,1,0
BRDA:751,99,0,0
BRDA:751,99,1,0
BRDA:781,100,0,0
BRDA:781,100,1,0
BRDA:793,101,0,0
BRDA:793,101,1,0
BRDA:796,102,0,0
BRDA:796,102,1,0
BRDA:800,103,0,0
BRDA:800,103,1,0
BRDA:835,104,0,0
BRDA:835,104,1,0
BRDA:862,105,0,0
BRDA:862,105,1,0
BRDA:864,106,0,0
BRDA:864,106,1,0
BRDA:866,107,0,0
BRDA:866,107,1,0
BRDA:883,108,0,0
BRDA:883,108,1,0
BRDA:885,109,0,0
BRDA:885,109,1,0
BRDA:885,109,2,0
BRDA:902,110,0,0
BRDA:902,110,1,0
BRDA:934,111,0,0
BRDA:934,111,1,0
BRDA:936,112,0,0
BRDA:936,112,1,0
BRDA:965,113,0,0
BRDA:965,113,1,0
BRDA:967,114,0,0
BRDA:967,114,1,0
BRDA:996,115,0,0
BRDA:996,115,1,0
BRDA:998,116,0,0
BRDA:998,116,1,0
BRDA:1027,117,0,0
BRDA:1027,117,1,0
BRDA:1029,118,0,0
BRDA:1029,118,1,0
BRDA:1048,119,0,0
BRDA:1048,119,1,0
BRDA:1093,120,0,0
BRDA:1093,120,1,0
BRDA:1103,121,0,0
BRDA:1103,121,1,0
BRDA:1120,122,0,0
BRDA:1120,122,1,0
BRDA:1124,123,0,0
BRDA:1124,123,1,0
BRDA:1125,124,0,0
BRDA:1125,124,1,0
BRDA:1126,125,0,0
BRDA:1126,125,1,0
BRDA:1154,126,0,0
BRDA:1154,126,1,0
BRDA:1184,127,0,0
BRDA:1184,127,1,0
BRDA:1184,128,0,0
BRDA:1184,128,1,0
BRDA:1207,129,0,0
BRDA:1207,129,1,0
BRDA:1236,130,0,0
BRDA:1236,130,1,0
BRDA:1245,131,0,0
BRDA:1245,131,1,0
BRDA:1246,132,0,0
BRDA:1246,132,1,0
BRDA:1247,133,0,0
BRDA:1247,133,1,0
BRDA:1248,134,0,0
BRDA:1248,134,1,0
BRF:279
BRH:0
end_of_record
TN:
SF:src\pages\BasicTracking\components\GrowthAlert\GrowthAlert.jsx
FN:5,(anonymous_0)
FN:19,(anonymous_1)
FN:50,(anonymous_2)
FN:65,(anonymous_3)
FNF:4
FNH:0
FNDA:0,(anonymous_0)
FNDA:0,(anonymous_1)
FNDA:0,(anonymous_2)
FNDA:0,(anonymous_3)
DA:5,0
DA:6,0
DA:8,0
DA:9,0
DA:11,0
DA:18,0
DA:20,0
DA:21,0
DA:23,0
DA:24,0
DA:26,0
DA:43,0
DA:50,0
DA:66,0
LF:14
LH:0
BRDA:6,0,0,0
BRDA:6,0,1,0
BRDA:6,1,0,0
BRDA:6,1,1,0
BRDA:9,2,0,0
BRDA:9,2,1,0
BRDA:21,3,0,0
BRDA:21,3,1,0
BRDA:35,4,0,0
BRDA:35,4,1,0
BRDA:37,5,0,0
BRDA:37,5,1,0
BRDA:50,6,0,0
BRDA:50,6,1,0
BRDA:64,7,0,0
BRDA:64,7,1,0
BRDA:69,8,0,0
BRDA:69,8,1,0
BRDA:76,9,0,0
BRDA:76,9,1,0
BRDA:85,10,0,0
BRDA:85,10,1,0
BRF:22
BRH:0
end_of_record
TN:
SF:src\pages\BlogManagement\BlogChange.jsx
FN:45,(anonymous_0)
FN:61,(anonymous_1)
FN:62,(anonymous_2)
FN:71,(anonymous_3)
FN:94,(anonymous_4)
FN:115,(anonymous_5)
FN:137,(anonymous_6)
FN:149,(anonymous_7)
FN:150,(anonymous_8)
FN:153,(anonymous_9)
FN:182,(anonymous_10)
FN:182,(anonymous_11)
FN:192,(anonymous_12)
FN:192,(anonymous_13)
FN:205,(anonymous_14)
FN:232,(anonymous_15)
FN:236,(anonymous_16)
FN:248,(anonymous_17)
FNF:18
FNH:0
FNDA:0,(anonymous_0)
FNDA:0,(anonymous_1)
FNDA:0,(anonymous_2)
FNDA:0,(anonymous_3)
FNDA:0,(anonymous_4)
FNDA:0,(anonymous_5)
FNDA:0,(anonymous_6)
FNDA:0,(anonymous_7)
FNDA:0,(anonymous_8)
FNDA:0,(anonymous_9)
FNDA:0,(anonymous_10)
FNDA:0,(anonymous_11)
FNDA:0,(anonymous_12)
FNDA:0,(anonymous_13)
FNDA:0,(anonymous_14)
FNDA:0,(anonymous_15)
FNDA:0,(anonymous_16)
FNDA:0,(anonymous_17)
DA:20,0
DA:22,0
DA:27,0
DA:33,0
DA:45,0
DA:46,0
DA:47,0
DA:49,0
DA:55,0
DA:56,0
DA:57,0
DA:58,0
DA:59,0
DA:61,0
DA:62,0
DA:63,0
DA:64,0
DA:65,0
DA:66,0
DA:68,0
DA:72,0
DA:76,0
DA:77,0
DA:78,0
DA:79,0
DA:80,0
DA:83,0
DA:84,0
DA:86,0
DA:90,0
DA:93,0
DA:94,0
DA:95,0
DA:96,0
DA:97,0
DA:99,0
DA:100,0
DA:101,0
DA:104,0
DA:105,0
DA:106,0
DA:109,0
DA:110,0
DA:111,0
DA:115,0
DA:116,0
DA:117,0
DA:118,0
DA:120,0
DA:121,0
DA:122,0
DA:125,0
DA:131,0
DA:132,0
DA:133,0
DA:136,0
DA:137,0
DA:139,0
DA:140,0
DA:141,0
DA:143,0
DA:145,0
DA:149,0
DA:150,0
DA:153,0
DA:158,0
DA:182,0
DA:192,0
DA:206,0
DA:207,0
DA:233,0
DA:236,0
DA:248,0
LF:73
LH:0
BRDA:69,0,0,0
BRDA:69,0,1,0
BRDA:70,1,0,0
BRDA:70,1,1,0
BRDA:71,2,0,0
BRDA:71,2,1,0
BRDA:72,3,0,0
BRDA:72,3,1,0
BRDA:76,4,0,0
BRDA:76,4,1,0
BRDA:76,5,0,0
BRDA:76,5,1,0
BRDA:77,6,0,0
BRDA:77,6,1,0
BRDA:90,7,0,0
BRDA:90,7,1,0
BRDA:96,8,0,0
BRDA:96,8,1,0
BRDA:99,9,0,0
BRDA:99,9,1,0
BRDA:104,10,0,0
BRDA:104,10,1,0
BRDA:120,11,0,0
BRDA:120,11,1,0
BRDA:131,12,0,0
BRDA:131,12,1,0
BRDA:140,13,0,0
BRDA:140,13,1,0
BRDA:152,14,0,0
BRDA:152,14,1,0
BRDA:160,15,0,0
BRDA:160,15,1,0
BRDA:199,16,0,0
BRDA:199,16,1,0
BRDA:218,17,0,0
BRDA:218,17,1,0
BRDA:237,18,0,0
BRDA:237,18,1,0
BRDA:259,19,0,0
BRDA:259,19,1,0
BRF:40
BRH:0
end_of_record
TN:
SF:src\pages\BlogManagement\BlogManagement.jsx
FN:48,(anonymous_0)
FN:66,(anonymous_1)
FN:90,(anonymous_2)
FN:96,(anonymous_3)
FN:107,(anonymous_4)
FN:114,(anonymous_5)
FN:115,(anonymous_6)
FN:122,(anonymous_7)
FN:131,(anonymous_8)
FN:136,(anonymous_9)
FN:140,(anonymous_10)
FN:145,(anonymous_11)
FN:173,(anonymous_12)
FN:187,(anonymous_13)
FN:200,(anonymous_14)
FN:228,(anonymous_15)
FN:282,(anonymous_16)
FN:311,(anonymous_17)
FN:326,(anonymous_18)
FN:330,(anonymous_19)
FN:343,(anonymous_20)
FN:372,(anonymous_21)
FN:377,(anonymous_22)
FN:390,(anonymous_23)
FN:393,(anonymous_24)
FN:425,(anonymous_25)
FN:440,(anonymous_26)
FN:452,(anonymous_27)
FN:454,(anonymous_28)
FN:456,(anonymous_29)
FN:462,(anonymous_30)
FN:474,(anonymous_31)
FN:502,(anonymous_32)
FN:526,(anonymous_33)
FNF:34
FNH:0
FNDA:0,(anonymous_0)
FNDA:0,(anonymous_1)
FNDA:0,(anonymous_2)
FNDA:0,(anonymous_3)
FNDA:0,(anonymous_4)
FNDA:0,(anonymous_5)
FNDA:0,(anonymous_6)
FNDA:0,(anonymous_7)
FNDA:0,(anonymous_8)
FNDA:0,(anonymous_9)
FNDA:0,(anonymous_10)
FNDA:0,(anonymous_11)
FNDA:0,(anonymous_12)
FNDA:0,(anonymous_13)
FNDA:0,(anonymous_14)
FNDA:0,(anonymous_15)
FNDA:0,(anonymous_16)
FNDA:0,(anonymous_17)
FNDA:0,(anonymous_18)
FNDA:0,(anonymous_19)
FNDA:0,(anonymous_20)
FNDA:0,(anonymous_21)
FNDA:0,(anonymous_22)
FNDA:0,(anonymous_23)
FNDA:0,(anonymous_24)
FNDA:0,(anonymous_25)
FNDA:0,(anonymous_26)
FNDA:0,(anonymous_27)
FNDA:0,(anonymous_28)
FNDA:0,(anonymous_29)
FNDA:0,(anonymous_30)
FNDA:0,(anonymous_31)
FNDA:0,(anonymous_32)
FNDA:0,(anonymous_33)
DA:41,0
DA:42,0
DA:43,0
DA:48,0
DA:49,0
DA:50,0
DA:51,0
DA:56,0
DA:57,0
DA:58,0
DA:59,0
DA:60,0
DA:61,0
DA:62,0
DA:63,0
DA:64,0
DA:66,0
DA:67,0
DA:68,0
DA:69,0
DA:70,0
DA:73,0
DA:74,0
DA:75,0
DA:76,0
DA:77,0
DA:78,0
DA:80,0
DA:81,0
DA:84,0
DA:85,0
DA:90,0
DA:91,0
DA:92,0
DA:96,0
DA:97,0
DA:98,0
DA:99,0
DA:100,0
DA:103,0
DA:106,0
DA:107,0
DA:108,0
DA:113,0
DA:114,0
DA:115,0
DA:116,0
DA:122,0
DA:123,0
DA:126,0
DA:127,0
DA:131,0
DA:132,0
DA:136,0
DA:137,0
DA:140,0
DA:141,0
DA:142,0
DA:145,0
DA:146,0
DA:148,0
DA:151,0
DA:158,0
DA:159,0
DA:160,0
DA:161,0
DA:162,0
DA:163,0
DA:165,0
DA:166,0
DA:169,0
DA:170,0
DA:173,0
DA:174,0
DA:175,0
DA:176,0
DA:181,0
DA:182,0
DA:183,0
DA:184,0
DA:187,0
DA:188,0
DA:190,0
DA:191,0
DA:192,0
DA:193,0
DA:195,0
DA:196,0
DA:200,0
DA:201,0
DA:202,0
DA:203,0
DA:209,0
DA:210,0
DA:211,0
DA:212,0
DA:215,0
DA:216,0
DA:217,0
DA:218,0
DA:221,0
DA:222,0
DA:223,0
DA:224,0
DA:228,0
DA:229,0
DA:231,0
DA:237,0
DA:238,0
DA:239,0
DA:240,0
DA:242,0
DA:243,0
DA:244,0
DA:245,0
DA:249,0
DA:250,0
DA:256,0
DA:257,0
DA:258,0
DA:259,0
DA:261,0
DA:262,0
DA:263,0
DA:267,0
DA:268,0
DA:269,0
DA:270,0
DA:272,0
DA:273,0
DA:278,0
DA:282,0
DA:283,0
DA:286,0
DA:287,0
DA:288,0
DA:289,0
DA:291,0
DA:311,0
DA:326,0
DA:331,0
DA:343,0
DA:373,0
DA:378,0
DA:390,0
DA:393,0
DA:425,0
DA:440,0
DA:452,0
DA:455,0
DA:457,0
DA:463,0
DA:474,0
DA:503,0
DA:504,0
DA:526,0
LF:156
LH:0
BRDA:73,0,0,0
BRDA:73,0,1,0
BRDA:73,1,0,0
BRDA:73,1,1,0
BRDA:75,2,0,0
BRDA:75,2,1,0
BRDA:75,3,0,0
BRDA:75,3,1,0
BRDA:77,4,0,0
BRDA:77,4,1,0
BRDA:77,5,0,0
BRDA:77,5,1,0
BRDA:77,5,2,0
BRDA:85,6,0,0
BRDA:85,6,1,0
BRDA:98,7,0,0
BRDA:98,7,1,0
BRDA:106,8,0,0
BRDA:106,8,1,0
BRDA:113,9,0,0
BRDA:113,9,1,0
BRDA:116,10,0,0
BRDA:116,10,1,0
BRDA:123,11,0,0
BRDA:123,11,1,0
BRDA:146,12,0,0
BRDA:146,12,1,0
BRDA:158,13,0,0
BRDA:158,13,1,0
BRDA:161,14,0,0
BRDA:161,14,1,0
BRDA:188,15,0,0
BRDA:188,15,1,0
BRDA:202,16,0,0
BRDA:202,16,1,0
BRDA:209,17,0,0
BRDA:209,17,1,0
BRDA:215,18,0,0
BRDA:215,18,1,0
BRDA:237,19,0,0
BRDA:237,19,1,0
BRDA:249,20,0,0
BRDA:249,20,1,0
BRDA:249,21,0,0
BRDA:249,21,1,0
BRDA:256,22,0,0
BRDA:256,22,1,0
BRDA:268,23,0,0
BRDA:268,23,1,0
BRDA:371,24,0,0
BRDA:371,24,1,0
BRDA:379,25,0,0
BRDA:379,25,1,0
BRDA:380,26,0,0
BRDA:380,26,1,0
BRDA:433,27,0,0
BRDA:433,27,1,0
BRDA:444,28,0,0
BRDA:444,28,1,0
BRDA:496,29,0,0
BRDA:496,29,1,0
BRDA:515,30,0,0
BRDA:515,30,1,0
BRDA:531,31,0,0
BRDA:531,31,1,0
BRDA:533,32,0,0
BRDA:533,32,1,0
BRF:67
BRH:0
end_of_record
TN:
SF:src\pages\BlogPublic\BlogAllPublic.jsx
FN:7,(anonymous_0)
FN:22,(anonymous_1)
FN:26,(anonymous_2)
FN:44,(anonymous_3)
FN:46,(anonymous_4)
FN:48,(anonymous_5)
FN:58,(anonymous_6)
FN:64,(anonymous_7)
FN:65,(anonymous_8)
FN:70,(anonymous_9)
FN:79,(anonymous_10)
FN:83,(anonymous_11)
FN:85,(anonymous_12)
FN:87,(anonymous_13)
FN:89,(anonymous_14)
FN:96,(anonymous_15)
FN:104,(anonymous_16)
FN:105,(anonymous_17)
FN:107,(anonymous_18)
FN:146,(anonymous_19)
FN:150,(anonymous_20)
FN:161,(anonymous_21)
FN:164,(anonymous_22)
FN:175,(anonymous_23)
FN:182,(anonymous_24)
FN:206,(anonymous_25)
FN:206,(anonymous_26)
FN:215,(anonymous_27)
FN:215,(anonymous_28)
FNF:29
FNH:0
FNDA:0,(anonymous_0)
FNDA:0,(anonymous_1)
FNDA:0,(anonymous_2)
FNDA:0,(anonymous_3)
FNDA:0,(anonymous_4)
FNDA:0,(anonymous_5)
FNDA:0,(anonymous_6)
FNDA:0,(anonymous_7)
FNDA:0,(anonymous_8)
FNDA:0,(anonymous_9)
FNDA:0,(anonymous_10)
FNDA:0,(anonymous_11)
FNDA:0,(anonymous_12)
FNDA:0,(anonymous_13)
FNDA:0,(anonymous_14)
FNDA:0,(anonymous_15)
FNDA:0,(anonymous_16)
FNDA:0,(anonymous_17)
FNDA:0,(anonymous_18)
FNDA:0,(anonymous_19)
FNDA:0,(anonymous_20)
FNDA:0,(anonymous_21)
FNDA:0,(anonymous_22)
FNDA:0,(anonymous_23)
FNDA:0,(anonymous_24)
FNDA:0,(anonymous_25)
FNDA:0,(anonymous_26)
FNDA:0,(anonymous_27)
FNDA:0,(anonymous_28)
DA:7,0
DA:9,0
DA:10,0
DA:11,0
DA:12,0
DA:13,0
DA:14,0
DA:15,0
DA:16,0
DA:17,0
DA:19,0
DA:22,0
DA:23,0
DA:26,0
DA:27,0
DA:28,0
DA:29,0
DA:31,0
DA:32,0
DA:33,0
DA:36,0
DA:37,0
DA:39,0
DA:44,0
DA:45,0
DA:46,0
DA:47,0
DA:48,0
DA:49,0
DA:50,0
DA:54,0
DA:58,0
DA:59,0
DA:60,0
DA:61,0
DA:64,0
DA:65,0
DA:66,0
DA:69,0
DA:71,0
DA:72,0
DA:75,0
DA:79,0
DA:80,0
DA:81,0
DA:83,0
DA:85,0
DA:87,0
DA:89,0
DA:91,0
DA:96,0
DA:97,0
DA:98,0
DA:101,0
DA:104,0
DA:105,0
DA:106,0
DA:107,0
DA:110,0
DA:113,0
DA:114,0
DA:122,0
DA:123,0
DA:130,0
DA:146,0
DA:150,0
DA:162,0
DA:164,0
DA:176,0
DA:182,0
DA:206,0
DA:215,0
LF:72
LH:0
BRDA:31,0,0,0
BRDA:31,0,1,0
BRDA:47,1,0,0
BRDA:47,1,1,0
BRDA:49,2,0,0
BRDA:49,2,1,0
BRDA:66,3,0,0
BRDA:66,3,1,0
BRDA:69,4,0,0
BRDA:69,4,1,0
BRDA:71,5,0,0
BRDA:71,5,1,0
BRDA:75,6,0,0
BRDA:75,6,1,0
BRDA:81,7,0,0
BRDA:81,7,1,0
BRDA:81,7,2,0
BRDA:81,7,3,0
BRDA:81,7,4,0
BRDA:106,8,0,0
BRDA:106,8,1,0
BRDA:113,9,0,0
BRDA:113,9,1,0
BRDA:122,10,0,0
BRDA:122,10,1,0
BRDA:165,11,0,0
BRDA:165,11,1,0
BRDA:178,12,0,0
BRDA:178,12,1,0
BRF:29
BRH:0
end_of_record
TN:
SF:src\pages\BlogPublic\BlogDetailPublic.jsx
FN:18,(anonymous_0)
FN:28,(anonymous_1)
FN:34,(anonymous_2)
FN:36,(anonymous_3)
FN:47,(anonymous_4)
FN:52,(anonymous_5)
FN:55,(anonymous_6)
FN:59,(anonymous_7)
FN:61,(anonymous_8)
FN:65,(anonymous_9)
FN:72,(anonymous_10)
FN:83,(anonymous_11)
FN:87,(anonymous_12)
FN:96,(anonymous_13)
FN:127,(anonymous_14)
FNF:15
FNH:0
FNDA:0,(anonymous_0)
FNDA:0,(anonymous_1)
FNDA:0,(anonymous_2)
FNDA:0,(anonymous_3)
FNDA:0,(anonymous_4)
FNDA:0,(anonymous_5)
FNDA:0,(anonymous_6)
FNDA:0,(anonymous_7)
FNDA:0,(anonymous_8)
FNDA:0,(anonymous_9)
FNDA:0,(anonymous_10)
FNDA:0,(anonymous_11)
FNDA:0,(anonymous_12)
FNDA:0,(anonymous_13)
FNDA:0,(anonymous_14)
DA:18,0
DA:19,0
DA:25,0
DA:26,0
DA:28,0
DA:29,0
DA:30,0
DA:34,0
DA:35,0
DA:36,0
DA:38,0
DA:39,0
DA:42,0
DA:43,0
DA:44,0
DA:47,0
DA:48,0
DA:49,0
DA:52,0
DA:54,0
DA:55,0
DA:59,0
DA:61,0
DA:65,0
DA:66,0
DA:72,0
DA:73,0
DA:83,0
DA:84,0
DA:85,0
DA:88,0
DA:96,0
DA:97,0
DA:109,0
DA:110,0
DA:111,0
DA:113,0
DA:115,0
DA:127,0
LF:39
LH:0
BRDA:29,0,0,0
BRDA:29,0,1,0
BRDA:38,1,0,0
BRDA:38,1,1,0
BRDA:43,2,0,0
BRDA:43,2,1,0
BRDA:43,3,0,0
BRDA:43,3,1,0
BRDA:48,4,0,0
BRDA:48,4,1,0
BRDA:57,5,0,0
BRDA:57,5,1,0
BRDA:84,6,0,0
BRDA:84,6,1,0
BRDA:84,7,0,0
BRDA:84,7,1,0
BRDA:89,8,0,0
BRDA:89,8,1,0
BRDA:104,9,0,0
BRDA:104,9,1,0
BRDA:109,10,0,0
BRDA:109,10,1,0
BRDA:110,11,0,0
BRDA:110,11,1,0
BRDA:111,12,0,0
BRDA:111,12,1,0
BRDA:123,13,0,0
BRDA:123,13,1,0
BRF:28
BRH:0
end_of_record
TN:
SF:src\pages\BlogPublic\index.jsx
FN:3,(anonymous_0)
FNF:1
FNH:0
FNDA:0,(anonymous_0)
DA:3,0
DA:4,0
LF:2
LH:0
BRF:0
BRH:0
end_of_record
TN:
SF:src\pages\Calender\CalendarAll.jsx
FN:22,(anonymous_0)
FN:55,(anonymous_1)
FN:73,(anonymous_2)
FN:81,(anonymous_3)
FN:110,(anonymous_4)
FN:142,(anonymous_5)
FN:153,(anonymous_6)
FN:157,(anonymous_7)
FN:173,(anonymous_8)
FN:177,(anonymous_9)
FN:178,(anonymous_10)
FN:189,(anonymous_11)
FN:210,(anonymous_12)
FN:212,(anonymous_13)
FN:214,(anonymous_14)
FN:224,(anonymous_15)
FN:230,(anonymous_16)
FN:234,(anonymous_17)
FN:235,(anonymous_18)
FN:242,(anonymous_19)
FN:243,(anonymous_20)
FN:249,(anonymous_21)
FN:256,(anonymous_22)
FN:264,(anonymous_23)
FN:270,(anonymous_24)
FN:304,(anonymous_25)
FN:316,(anonymous_26)
FN:333,(anonymous_27)
FN:348,(anonymous_28)
FN:360,(anonymous_29)
FN:366,(anonymous_30)
FN:382,(anonymous_31)
FN:386,(anonymous_32)
FN:394,(anonymous_33)
FN:435,(anonymous_34)
FN:445,(anonymous_35)
FN:454,(anonymous_36)
FN:462,(anonymous_37)
FN:467,(anonymous_38)
FN:477,(anonymous_39)
FN:485,(anonymous_40)
FNF:41
FNH:0
FNDA:0,(anonymous_0)
FNDA:0,(anonymous_1)
FNDA:0,(anonymous_2)
FNDA:0,(anonymous_3)
FNDA:0,(anonymous_4)
FNDA:0,(anonymous_5)
FNDA:0,(anonymous_6)
FNDA:0,(anonymous_7)
FNDA:0,(anonymous_8)
FNDA:0,(anonymous_9)
FNDA:0,(anonymous_10)
FNDA:0,(anonymous_11)
FNDA:0,(anonymous_12)
FNDA:0,(anonymous_13)
FNDA:0,(anonymous_14)
FNDA:0,(anonymous_15)
FNDA:0,(anonymous_16)
FNDA:0,(anonymous_17)
FNDA:0,(anonymous_18)
FNDA:0,(anonymous_19)
FNDA:0,(anonymous_20)
FNDA:0,(anonymous_21)
FNDA:0,(anonymous_22)
FNDA:0,(anonymous_23)
FNDA:0,(anonymous_24)
FNDA:0,(anonymous_25)
FNDA:0,(anonymous_26)
FNDA:0,(anonymous_27)
FNDA:0,(anonymous_28)
FNDA:0,(anonymous_29)
FNDA:0,(anonymous_30)
FNDA:0,(anonymous_31)
FNDA:0,(anonymous_32)
FNDA:0,(anonymous_33)
FNDA:0,(anonymous_34)
FNDA:0,(anonymous_35)
FNDA:0,(anonymous_36)
FNDA:0,(anonymous_37)
FNDA:0,(anonymous_38)
FNDA:0,(anonymous_39)
FNDA:0,(anonymous_40)
DA:22,0
DA:23,0
DA:24,0
DA:25,0
DA:26,0
DA:27,0
DA:29,0
DA:37,0
DA:55,0
DA:56,0
DA:57,0
DA:58,0
DA:59,0
DA:61,0
DA:62,0
DA:63,0
DA:66,0
DA:67,0
DA:70,0
DA:73,0
DA:74,0
DA:75,0
DA:76,0
DA:77,0
DA:78,0
DA:81,0
DA:82,0
DA:83,0
DA:85,0
DA:86,0
DA:89,0
DA:97,0
DA:99,0
DA:100,0
DA:101,0
DA:102,0
DA:103,0
DA:106,0
DA:110,0
DA:111,0
DA:112,0
DA:113,0
DA:117,0
DA:118,0
DA:120,0
DA:121,0
DA:122,0
DA:125,0
DA:126,0
DA:127,0
DA:130,0
DA:131,0
DA:132,0
DA:135,0
DA:136,0
DA:137,0
DA:139,0
DA:142,0
DA:143,0
DA:144,0
DA:153,0
DA:154,0
DA:155,0
DA:156,0
DA:157,0
DA:167,0
DA:169,0
DA:173,0
DA:174,0
DA:177,0
DA:178,0
DA:179,0
DA:180,0
DA:188,0
DA:190,0
DA:193,0
DA:195,0
DA:200,0
DA:203,0
DA:206,0
DA:210,0
DA:211,0
DA:212,0
DA:213,0
DA:214,0
DA:216,0
DA:220,0
DA:221,0
DA:224,0
DA:225,0
DA:230,0
DA:231,0
DA:234,0
DA:235,0
DA:236,0
DA:238,0
DA:239,0
DA:242,0
DA:243,0
DA:244,0
DA:245,0
DA:249,0
DA:250,0
DA:256,0
DA:265,0
DA:270,0
DA:288,0
DA:304,0
DA:316,0
DA:333,0
DA:348,0
DA:361,0
DA:367,0
DA:383,0
DA:387,0
DA:394,0
DA:436,0
DA:446,0
DA:455,0
DA:463,0
DA:468,0
DA:478,0
DA:485,0
LF:123
LH:0
BRDA:85,0,0,0
BRDA:85,0,1,0
BRDA:94,1,0,0
BRDA:94,1,1,0
BRDA:99,2,0,0
BRDA:99,2,1,0
BRDA:106,3,0,0
BRDA:106,3,1,0
BRDA:111,4,0,0
BRDA:111,4,1,0
BRDA:120,5,0,0
BRDA:120,5,1,0
BRDA:125,6,0,0
BRDA:125,6,1,0
BRDA:130,7,0,0
BRDA:130,7,1,0
BRDA:135,8,0,0
BRDA:135,8,1,0
BRDA:156,9,0,0
BRDA:156,9,1,0
BRDA:162,10,0,0
BRDA:162,10,1,0
BRDA:181,11,0,0
BRDA:181,11,1,0
BRDA:188,12,0,0
BRDA:188,12,1,0
BRDA:188,13,0,0
BRDA:188,13,1,0
BRDA:190,14,0,0
BRDA:190,14,1,0
BRDA:195,15,0,0
BRDA:195,15,1,0
BRDA:200,16,0,0
BRDA:200,16,1,0
BRDA:203,17,0,0
BRDA:203,17,1,0
BRDA:206,18,0,0
BRDA:206,18,1,0
BRDA:206,18,2,0
BRDA:236,19,0,0
BRDA:236,19,1,0
BRDA:244,20,0,0
BRDA:244,20,1,0
BRDA:254,21,0,0
BRDA:254,21,1,0
BRDA:268,22,0,0
BRDA:268,22,1,0
BRDA:275,23,0,0
BRDA:275,23,1,0
BRDA:369,24,0,0
BRDA:369,24,1,0
BRDA:370,25,0,0
BRDA:370,25,1,0
BRDA:376,26,0,0
BRDA:376,26,1,0
BRDA:393,27,0,0
BRDA:393,27,1,0
BRDA:399,28,0,0
BRDA:399,28,1,0
BRDA:416,29,0,0
BRDA:416,29,1,0
BRF:61
BRH:0
end_of_record
TN:
SF:src\pages\Calender\CalendarChange.jsx
FN:9,(anonymous_0)
FN:28,(anonymous_1)
FN:33,(anonymous_2)
FN:37,(anonymous_3)
FN:60,(anonymous_4)
FN:62,(anonymous_5)
FN:69,(anonymous_6)
FN:78,(anonymous_7)
FN:103,(anonymous_8)
FN:133,(anonymous_9)
FN:196,(anonymous_10)
FN:220,(anonymous_11)
FNF:12
FNH:0
FNDA:0,(anonymous_0)
FNDA:0,(anonymous_1)
FNDA:0,(anonymous_2)
FNDA:0,(anonymous_3)
FNDA:0,(anonymous_4)
FNDA:0,(anonymous_5)
FNDA:0,(anonymous_6)
FNDA:0,(anonymous_7)
FNDA:0,(anonymous_8)
FNDA:0,(anonymous_9)
FNDA:0,(anonymous_10)
FNDA:0,(anonymous_11)
DA:9,0
DA:10,0
DA:11,0
DA:12,0
DA:13,0
DA:22,0
DA:28,0
DA:29,0
DA:30,0
DA:33,0
DA:34,0
DA:35,0
DA:36,0
DA:37,0
DA:39,0
DA:40,0
DA:41,0
DA:42,0
DA:45,0
DA:53,0
DA:54,0
DA:56,0
DA:60,0
DA:61,0
DA:62,0
DA:69,0
DA:70,0
DA:71,0
DA:72,0
DA:73,0
DA:74,0
DA:78,0
DA:79,0
DA:80,0
DA:81,0
DA:83,0
DA:84,0
DA:85,0
DA:89,0
DA:90,0
DA:91,0
DA:92,0
DA:93,0
DA:96,0
DA:97,0
DA:98,0
DA:100,0
DA:103,0
DA:104,0
DA:106,0
DA:107,0
DA:108,0
DA:111,0
DA:112,0
DA:113,0
DA:115,0
DA:119,0
DA:120,0
DA:123,0
DA:133,0
DA:197,0
DA:220,0
LF:62
LH:0
BRDA:39,0,0,0
BRDA:39,0,1,0
BRDA:46,1,0,0
BRDA:46,1,1,0
BRDA:47,2,0,0
BRDA:47,2,1,0
BRDA:48,3,0,0
BRDA:48,3,1,0
BRDA:49,4,0,0
BRDA:49,4,1,0
BRDA:50,5,0,0
BRDA:50,5,1,0
BRDA:79,6,0,0
BRDA:79,6,1,0
BRDA:83,7,0,0
BRDA:83,7,1,0
BRDA:91,8,0,0
BRDA:91,8,1,0
BRDA:96,9,0,0
BRDA:96,9,1,0
BRDA:107,10,0,0
BRDA:107,10,1,0
BRDA:115,11,0,0
BRDA:115,11,1,0
BRDA:119,12,0,0
BRDA:119,12,1,0
BRF:26
BRH:0
end_of_record
TN:
SF:src\pages\Calender\CalendarDetail.jsx
FN:9,(anonymous_0)
FN:24,(anonymous_1)
FN:28,(anonymous_2)
FN:33,(anonymous_3)
FN:52,(anonymous_4)
FN:63,(anonymous_5)
FN:64,(anonymous_6)
FN:68,(anonymous_7)
FN:69,(anonymous_8)
FN:101,(anonymous_9)
FN:165,(anonymous_10)
FN:175,(anonymous_11)
FNF:12
FNH:0
FNDA:0,(anonymous_0)
FNDA:0,(anonymous_1)
FNDA:0,(anonymous_2)
FNDA:0,(anonymous_3)
FNDA:0,(anonymous_4)
FNDA:0,(anonymous_5)
FNDA:0,(anonymous_6)
FNDA:0,(anonymous_7)
FNDA:0,(anonymous_8)
FNDA:0,(anonymous_9)
FNDA:0,(anonymous_10)
FNDA:0,(anonymous_11)
DA:9,0
DA:10,0
DA:11,0
DA:12,0
DA:13,0
DA:16,0
DA:24,0
DA:25,0
DA:28,0
DA:29,0
DA:30,0
DA:31,0
DA:32,0
DA:33,0
DA:36,0
DA:37,0
DA:38,0
DA:39,0
DA:42,0
DA:44,0
DA:45,0
DA:46,0
DA:48,0
DA:52,0
DA:53,0
DA:54,0
DA:55,0
DA:63,0
DA:64,0
DA:65,0
DA:68,0
DA:69,0
DA:70,0
DA:73,0
DA:74,0
DA:81,0
DA:82,0
DA:91,0
DA:101,0
DA:166,0
DA:175,0
LF:41
LH:0
BRDA:36,0,0,0
BRDA:36,0,1,0
BRDA:53,1,0,0
BRDA:53,1,1,0
BRDA:65,2,0,0
BRDA:65,2,1,0
BRDA:70,3,0,0
BRDA:70,3,1,0
BRDA:73,4,0,0
BRDA:73,4,1,0
BRDA:81,5,0,0
BRDA:81,5,1,0
BRDA:152,6,0,0
BRDA:152,6,1,0
BRF:14
BRH:0
end_of_record
TN:
SF:src\pages\Calender\CalendarHistory.jsx
FN:11,(anonymous_0)
FN:22,(anonymous_1)
FN:26,(anonymous_2)
FN:39,(anonymous_3)
FN:50,(anonymous_4)
FN:51,(anonymous_5)
FN:60,(anonymous_6)
FN:70,(anonymous_7)
FN:71,(anonymous_8)
FN:75,(anonymous_9)
FN:76,(anonymous_10)
FN:90,(anonymous_11)
FN:106,(anonymous_12)
FN:119,(anonymous_13)
FN:130,(anonymous_14)
FNF:15
FNH:0
FNDA:0,(anonymous_0)
FNDA:0,(anonymous_1)
FNDA:0,(anonymous_2)
FNDA:0,(anonymous_3)
FNDA:0,(anonymous_4)
FNDA:0,(anonymous_5)
FNDA:0,(anonymous_6)
FNDA:0,(anonymous_7)
FNDA:0,(anonymous_8)
FNDA:0,(anonymous_9)
FNDA:0,(anonymous_10)
FNDA:0,(anonymous_11)
FNDA:0,(anonymous_12)
FNDA:0,(anonymous_13)
FNDA:0,(anonymous_14)
DA:11,0
DA:12,0
DA:13,0
DA:14,0
DA:16,0
DA:22,0
DA:23,0
DA:26,0
DA:27,0
DA:28,0
DA:29,0
DA:30,0
DA:31,0
DA:33,0
DA:35,0
DA:39,0
DA:40,0
DA:42,0
DA:43,0
DA:44,0
DA:47,0
DA:48,0
DA:49,0
DA:50,0
DA:51,0
DA:53,0
DA:56,0
DA:60,0
DA:61,0
DA:62,0
DA:63,0
DA:70,0
DA:71,0
DA:72,0
DA:75,0
DA:76,0
DA:77,0
DA:80,0
DA:90,0
DA:107,0
DA:120,0
DA:121,0
DA:130,0
LF:43
LH:0
BRDA:30,0,0,0
BRDA:30,0,1,0
BRDA:42,1,0,0
BRDA:42,1,1,0
BRDA:48,2,0,0
BRDA:48,2,1,0
BRDA:56,3,0,0
BRDA:56,3,1,0
BRDA:61,4,0,0
BRDA:61,4,1,0
BRDA:72,5,0,0
BRDA:72,5,1,0
BRDA:77,6,0,0
BRDA:77,6,1,0
BRDA:100,7,0,0
BRDA:100,7,1,0
BRDA:102,8,0,0
BRDA:102,8,1,0
BRDA:108,9,0,0
BRDA:108,9,1,0
BRDA:158,10,0,0
BRDA:158,10,1,0
BRF:22
BRH:0
end_of_record
TN:
SF:src\pages\Community\Community.jsx
FN:5,(anonymous_0)
FN:34,(anonymous_1)
FN:38,(anonymous_2)
FN:60,(anonymous_3)
FN:62,(anonymous_4)
FN:63,(anonymous_5)
FN:69,(anonymous_6)
FN:70,(anonymous_7)
FN:75,(anonymous_8)
FN:76,(anonymous_9)
FN:89,(anonymous_10)
FN:90,(anonymous_11)
FN:95,(anonymous_12)
FN:109,(anonymous_13)
FN:121,(anonymous_14)
FN:127,(anonymous_15)
FN:154,(anonymous_16)
FN:170,(anonymous_17)
FN:184,(anonymous_18)
FN:188,(anonymous_19)
FN:192,(anonymous_20)
FN:200,(anonymous_21)
FNF:22
FNH:0
FNDA:0,(anonymous_0)
FNDA:0,(anonymous_1)
FNDA:0,(anonymous_2)
FNDA:0,(anonymous_3)
FNDA:0,(anonymous_4)
FNDA:0,(anonymous_5)
FNDA:0,(anonymous_6)
FNDA:0,(anonymous_7)
FNDA:0,(anonymous_8)
FNDA:0,(anonymous_9)
FNDA:0,(anonymous_10)
FNDA:0,(anonymous_11)
FNDA:0,(anonymous_12)
FNDA:0,(anonymous_13)
FNDA:0,(anonymous_14)
FNDA:0,(anonymous_15)
FNDA:0,(anonymous_16)
FNDA:0,(anonymous_17)
FNDA:0,(anonymous_18)
FNDA:0,(anonymous_19)
FNDA:0,(anonymous_20)
FNDA:0,(anonymous_21)
DA:5,0
DA:6,0
DA:7,0
DA:8,0
DA:11,0
DA:34,0
DA:35,0
DA:38,0
DA:39,0
DA:40,0
DA:42,0
DA:56,0
DA:57,0
DA:60,0
DA:61,0
DA:62,0
DA:63,0
DA:69,0
DA:70,0
DA:71,0
DA:75,0
DA:76,0
DA:77,0
DA:89,0
DA:90,0
DA:91,0
DA:95,0
DA:96,0
DA:99,0
DA:109,0
DA:121,0
DA:128,0
DA:155,0
DA:171,0
DA:184,0
DA:188,0
DA:192,0
DA:201,0
LF:38
LH:0
BRDA:40,0,0,0
BRDA:40,0,1,0
BRDA:40,1,0,0
BRDA:40,1,1,0
BRDA:71,2,0,0
BRDA:71,2,1,0
BRDA:77,3,0,0
BRDA:77,3,1,0
BRDA:91,4,0,0
BRDA:91,4,1,0
BRDA:125,5,0,0
BRDA:125,5,1,0
BRDA:168,6,0,0
BRDA:168,6,1,0
BRDA:198,7,0,0
BRDA:198,7,1,0
BRF:16
BRH:0
end_of_record
TN:
SF:src\pages\Contact\Contact.jsx
FN:7,(anonymous_0)
FNF:1
FNH:0
FNDA:0,(anonymous_0)
DA:7,0
DA:8,0
DA:9,0
DA:10,0
DA:11,0
DA:13,0
DA:14,0
DA:16,0
LF:8
LH:0
BRF:0
BRH:0
end_of_record
TN:
SF:src\pages\DashBoardAdmin\DashBoard.jsx
FN:25,(anonymous_0)
FN:66,(anonymous_1)
FN:67,(anonymous_2)
FN:73,(anonymous_3)
FN:75,(anonymous_4)
FN:79,(anonymous_5)
FN:85,(anonymous_6)
FN:87,(anonymous_7)
FN:91,(anonymous_8)
FN:97,(anonymous_9)
FN:99,(anonymous_10)
FN:103,(anonymous_11)
FN:121,(anonymous_12)
FN:142,(anonymous_13)
FN:150,(anonymous_14)
FN:157,(anonymous_15)
FN:246,(anonymous_16)
FN:258,(anonymous_17)
FN:266,(anonymous_18)
FN:275,(anonymous_19)
FN:315,(anonymous_20)
FN:344,(anonymous_21)
FN:351,(anonymous_22)
FN:358,(anonymous_23)
FN:361,(anonymous_24)
FN:367,(anonymous_25)
FNF:26
FNH:0
FNDA:0,(anonymous_0)
FNDA:0,(anonymous_1)
FNDA:0,(anonymous_2)
FNDA:0,(anonymous_3)
FNDA:0,(anonymous_4)
FNDA:0,(anonymous_5)
FNDA:0,(anonymous_6)
FNDA:0,(anonymous_7)
FNDA:0,(anonymous_8)
FNDA:0,(anonymous_9)
FNDA:0,(anonymous_10)
FNDA:0,(anonymous_11)
FNDA:0,(anonymous_12)
FNDA:0,(anonymous_13)
FNDA:0,(anonymous_14)
FNDA:0,(anonymous_15)
FNDA:0,(anonymous_16)
FNDA:0,(anonymous_17)
FNDA:0,(anonymous_18)
FNDA:0,(anonymous_19)
FNDA:0,(anonymous_20)
FNDA:0,(anonymous_21)
FNDA:0,(anonymous_22)
FNDA:0,(anonymous_23)
FNDA:0,(anonymous_24)
FNDA:0,(anonymous_25)
DA:25,0
DA:26,0
DA:27,0
DA:28,0
DA:29,0
DA:30,0
DA:35,0
DA:40,0
DA:41,0
DA:42,0
DA:43,0
DA:44,0
DA:45,0
DA:47,0
DA:57,0
DA:64,0
DA:66,0
DA:67,0
DA:68,0
DA:69,0
DA:70,0
DA:72,0
DA:73,0
DA:75,0
DA:79,0
DA:80,0
DA:81,0
DA:82,0
DA:84,0
DA:85,0
DA:87,0
DA:91,0
DA:92,0
DA:93,0
DA:94,0
DA:96,0
DA:97,0
DA:99,0
DA:103,0
DA:104,0
DA:105,0
DA:106,0
DA:107,0
DA:108,0
DA:109,0
DA:110,0
DA:112,0
DA:113,0
DA:114,0
DA:115,0
DA:117,0
DA:121,0
DA:122,0
DA:123,0
DA:124,0
DA:125,0
DA:126,0
DA:128,0
DA:129,0
DA:131,0
DA:135,0
DA:136,0
DA:137,0
DA:138,0
DA:139,0
DA:142,0
DA:143,0
DA:144,0
DA:147,0
DA:150,0
DA:157,0
DA:158,0
DA:159,0
DA:160,0
DA:161,0
DA:162,0
DA:167,0
DA:168,0
DA:170,0
DA:171,0
DA:175,0
DA:247,0
DA:259,0
DA:267,0
DA:268,0
DA:273,0
DA:275,0
DA:316,0
DA:345,0
DA:346,0
DA:352,0
DA:358,0
DA:362,0
DA:363,0
DA:365,0
DA:367,0
LF:96
LH:0
BRDA:70,0,0,0
BRDA:70,0,1,0
BRDA:82,1,0,0
BRDA:82,1,1,0
BRDA:152,2,0,0
BRDA:152,2,1,0
BRDA:158,3,0,0
BRDA:158,3,1,0
BRDA:161,4,0,0
BRDA:161,4,1,0
BRDA:185,5,0,0
BRDA:185,5,1,0
BRDA:187,6,0,0
BRDA:187,6,1,0
BRDA:203,7,0,0
BRDA:203,7,1,0
BRDA:205,8,0,0
BRDA:205,8,1,0
BRDA:218,9,0,0
BRDA:218,9,1,0
BRDA:220,10,0,0
BRDA:220,10,1,0
BRDA:235,11,0,0
BRDA:235,11,1,0
BRDA:237,12,0,0
BRDA:237,12,1,0
BRDA:267,13,0,0
BRDA:267,13,1,0
BRDA:334,14,0,0
BRDA:334,14,1,0
BRDA:336,15,0,0
BRDA:336,15,1,0
BRDA:345,16,0,0
BRDA:345,16,1,0
BRDA:362,17,0,0
BRDA:362,17,1,0
BRF:36
BRH:0
end_of_record
TN:
SF:src\pages\DoctorNotes\DoctorNotes.jsx
FN:14,(anonymous_0)
FN:29,(anonymous_1)
FN:33,(anonymous_2)
FN:39,(anonymous_3)
FN:58,(anonymous_4)
FN:60,(anonymous_5)
FN:66,(anonymous_6)
FN:75,(anonymous_7)
FN:83,(anonymous_8)
FN:92,(anonymous_9)
FN:138,(anonymous_10)
FN:153,(anonymous_11)
FN:188,(anonymous_12)
FN:205,(anonymous_13)
FN:273,(anonymous_14)
FN:292,(anonymous_15)
FN:318,(anonymous_16)
FN:332,(anonymous_17)
FN:335,(anonymous_18)
FN:357,(anonymous_19)
FNF:20
FNH:0
FNDA:0,(anonymous_0)
FNDA:0,(anonymous_1)
FNDA:0,(anonymous_2)
FNDA:0,(anonymous_3)
FNDA:0,(anonymous_4)
FNDA:0,(anonymous_5)
FNDA:0,(anonymous_6)
FNDA:0,(anonymous_7)
FNDA:0,(anonymous_8)
FNDA:0,(anonymous_9)
FNDA:0,(anonymous_10)
FNDA:0,(anonymous_11)
FNDA:0,(anonymous_12)
FNDA:0,(anonymous_13)
FNDA:0,(anonymous_14)
FNDA:0,(anonymous_15)
FNDA:0,(anonymous_16)
FNDA:0,(anonymous_17)
FNDA:0,(anonymous_18)
FNDA:0,(anonymous_19)
DA:14,0
DA:15,0
DA:16,0
DA:17,0
DA:18,0
DA:19,0
DA:29,0
DA:30,0
DA:33,0
DA:34,0
DA:35,0
DA:36,0
DA:39,0
DA:40,0
DA:41,0
DA:51,0
DA:52,0
DA:54,0
DA:58,0
DA:59,0
DA:60,0
DA:66,0
DA:67,0
DA:68,0
DA:69,0
DA:71,0
DA:72,0
DA:73,0
DA:75,0
DA:79,0
DA:83,0
DA:84,0
DA:92,0
DA:93,0
DA:95,0
DA:96,0
DA:97,0
DA:100,0
DA:101,0
DA:103,0
DA:105,0
DA:106,0
DA:108,0
DA:111,0
DA:112,0
DA:114,0
DA:115,0
DA:118,0
DA:121,0
DA:129,0
DA:130,0
DA:131,0
DA:133,0
DA:134,0
DA:138,0
DA:139,0
DA:148,0
DA:149,0
DA:150,0
DA:153,0
DA:154,0
DA:155,0
DA:166,0
DA:167,0
DA:168,0
DA:169,0
DA:172,0
DA:173,0
DA:177,0
DA:189,0
DA:205,0
DA:273,0
DA:293,0
DA:294,0
DA:295,0
DA:296,0
DA:319,0
DA:332,0
DA:335,0
DA:357,0
LF:80
LH:0
BRDA:44,0,0,0
BRDA:44,0,1,0
BRDA:46,1,0,0
BRDA:46,1,1,0
BRDA:47,2,0,0
BRDA:47,2,1,0
BRDA:68,3,0,0
BRDA:68,3,1,0
BRDA:69,4,0,0
BRDA:69,4,1,0
BRDA:95,5,0,0
BRDA:95,5,1,0
BRDA:95,6,0,0
BRDA:95,6,1,0
BRDA:95,6,2,0
BRDA:103,7,0,0
BRDA:103,7,1,0
BRDA:105,8,0,0
BRDA:105,8,1,0
BRDA:105,9,0,0
BRDA:105,9,1,0
BRDA:134,10,0,0
BRDA:134,10,1,0
BRDA:166,11,0,0
BRDA:166,11,1,0
BRDA:214,12,0,0
BRDA:214,12,1,0
BRDA:222,13,0,0
BRDA:222,13,1,0
BRDA:268,14,0,0
BRDA:268,14,1,0
BRDA:268,14,2,0
BRDA:271,15,0,0
BRDA:271,15,1,0
BRDA:278,16,0,0
BRDA:278,16,1,0
BRDA:279,17,0,0
BRDA:279,17,1,0
BRDA:282,18,0,0
BRDA:282,18,1,0
BRDA:288,19,0,0
BRDA:288,19,1,0
BRDA:320,20,0,0
BRDA:320,20,1,0
BRDA:328,21,0,0
BRDA:328,21,1,0
BRDA:329,22,0,0
BRDA:329,22,1,0
BRDA:335,23,0,0
BRDA:335,23,1,0
BRDA:342,24,0,0
BRDA:342,24,1,0
BRDA:347,25,0,0
BRDA:347,25,1,0
BRDA:352,26,0,0
BRDA:352,26,1,0
BRDA:355,27,0,0
BRDA:355,27,1,0
BRF:58
BRH:0
end_of_record
TN:
SF:src\pages\FAQ\FAQ.jsx
FN:3,(anonymous_0)
FNF:1
FNH:0
FNDA:0,(anonymous_0)
DA:3,0
DA:4,0
LF:2
LH:0
BRF:0
BRH:0
end_of_record
TN:
SF:src\pages\FAQ\FAQAll.jsx
FN:8,(anonymous_0)
FN:15,(anonymous_1)
FN:17,(anonymous_2)
FN:18,(anonymous_3)
FN:24,(anonymous_4)
FN:28,(anonymous_5)
FN:32,(anonymous_6)
FN:68,(anonymous_7)
FN:78,(anonymous_8)
FN:81,(anonymous_9)
FNF:10
FNH:0
FNDA:0,(anonymous_0)
FNDA:0,(anonymous_1)
FNDA:0,(anonymous_2)
FNDA:0,(anonymous_3)
FNDA:0,(anonymous_4)
FNDA:0,(anonymous_5)
FNDA:0,(anonymous_6)
FNDA:0,(anonymous_7)
FNDA:0,(anonymous_8)
FNDA:0,(anonymous_9)
DA:8,0
DA:9,0
DA:10,0
DA:11,0
DA:12,0
DA:13,0
DA:15,0
DA:16,0
DA:17,0
DA:19,0
DA:20,0
DA:24,0
DA:25,0
DA:28,0
DA:29,0
DA:32,0
DA:33,0
DA:36,0
DA:37,0
DA:38,0
DA:40,0
DA:41,0
DA:44,0
DA:69,0
DA:79,0
DA:81,0
LF:26
LH:0
BRDA:40,0,0,0
BRDA:40,0,1,0
BRF:2
BRH:0
end_of_record
TN:
SF:src\pages\FAQ\FAQDetail.jsx
FN:8,(anonymous_0)
FN:13,(anonymous_1)
FN:15,(anonymous_2)
FN:16,(anonymous_3)
FN:18,(anonymous_4)
FNF:5
FNH:0
FNDA:0,(anonymous_0)
FNDA:0,(anonymous_1)
FNDA:0,(anonymous_2)
FNDA:0,(anonymous_3)
FNDA:0,(anonymous_4)
DA:8,0
DA:9,0
DA:10,0
DA:11,0
DA:13,0
DA:14,0
DA:15,0
DA:17,0
DA:18,0
DA:19,0
DA:20,0
DA:24,0
LF:12
LH:0
BRF:0
BRH:0
end_of_record
TN:
SF:src\pages\GrowthStandard\GrowthStandardForm.jsx
FN:13,(anonymous_0)
FN:23,(anonymous_1)
FN:43,(anonymous_2)
FN:50,(anonymous_3)
FNF:4
FNH:0
FNDA:0,(anonymous_0)
FNDA:0,(anonymous_1)
FNDA:0,(anonymous_2)
FNDA:0,(anonymous_3)
DA:13,0
DA:14,0
DA:15,0
DA:23,0
DA:24,0
DA:25,0
DA:33,0
DA:43,0
DA:44,0
DA:50,0
DA:51,0
DA:52,0
DA:53,0
DA:54,0
DA:55,0
DA:57,0
DA:66,0
DA:67,0
DA:70,0
DA:72,0
DA:75,0
DA:79,0
LF:22
LH:0
BRDA:24,0,0,0
BRDA:24,0,1,0
BRDA:55,1,0,0
BRDA:55,1,1,0
BRDA:66,2,0,0
BRDA:66,2,1,0
BRDA:82,3,0,0
BRDA:82,3,1,0
BRDA:136,4,0,0
BRDA:136,4,1,0
BRDA:138,5,0,0
BRDA:138,5,1,0
BRF:12
BRH:0
end_of_record
TN:
SF:src\pages\GrowthStandard\GrowthStandardList.jsx
FN:20,(anonymous_0)
FN:29,(anonymous_1)
FN:59,(anonymous_2)
FN:63,(anonymous_3)
FN:68,(anonymous_4)
FN:73,(anonymous_5)
FN:79,(anonymous_6)
FN:140,(anonymous_7)
FN:151,(anonymous_8)
FNF:9
FNH:0
FNDA:0,(anonymous_0)
FNDA:0,(anonymous_1)
FNDA:0,(anonymous_2)
FNDA:0,(anonymous_3)
FNDA:0,(anonymous_4)
FNDA:0,(anonymous_5)
FNDA:0,(anonymous_6)
FNDA:0,(anonymous_7)
FNDA:0,(anonymous_8)
DA:20,0
DA:21,0
DA:22,0
DA:23,0
DA:24,0
DA:25,0
DA:26,0
DA:27,0
DA:29,0
DA:30,0
DA:31,0
DA:32,0
DA:34,0
DA:44,0
DA:45,0
DA:48,0
DA:49,0
DA:50,0
DA:52,0
DA:53,0
DA:55,0
DA:59,0
DA:60,0
DA:63,0
DA:64,0
DA:65,0
DA:68,0
DA:69,0
DA:70,0
DA:73,0
DA:74,0
DA:75,0
DA:76,0
DA:79,0
DA:80,0
DA:83,0
DA:88,0
DA:89,0
DA:103,0
DA:104,0
DA:111,0
DA:141,0
DA:151,0
LF:43
LH:0
BRDA:44,0,0,0
BRDA:44,0,1,0
BRDA:88,1,0,0
BRDA:88,1,1,0
BRDA:103,2,0,0
BRDA:103,2,1,0
BRDA:120,3,0,0
BRDA:120,3,1,0
BRF:8
BRH:0
end_of_record
TN:
SF:src\pages\HomeBasicUser\HomeBasicUser.jsx
FN:6,(anonymous_0)
FNF:1
FNH:0
FNDA:0,(anonymous_0)
DA:6,0
DA:7,0
LF:2
LH:0
BRF:0
BRH:0
end_of_record
TN:
SF:src\pages\HomeMember\HomeMember.jsx
FN:7,(anonymous_0)
FNF:1
FNH:0
FNDA:0,(anonymous_0)
DA:7,0
DA:8,0
LF:2
LH:0
BRF:0
BRH:0
end_of_record
TN:
SF:src\pages\HomePublic\HomePublic.jsx
FN:5,(anonymous_0)
FNF:1
FNH:0
FNDA:0,(anonymous_0)
DA:5,0
DA:6,0
LF:2
LH:0
BRF:0
BRH:0
end_of_record
TN:
SF:src\pages\Login\Login.jsx
FN:11,(anonymous_0)
FN:21,(anonymous_1)
FN:82,(anonymous_2)
FN:84,(anonymous_3)
FN:93,(anonymous_4)
FN:106,(anonymous_5)
FN:173,(anonymous_6)
FNF:7
FNH:0
FNDA:0,(anonymous_0)
FNDA:0,(anonymous_1)
FNDA:0,(anonymous_2)
FNDA:0,(anonymous_3)
FNDA:0,(anonymous_4)
FNDA:0,(anonymous_5)
FNDA:0,(anonymous_6)
DA:11,0
DA:12,0
DA:13,0
DA:14,0
DA:18,0
DA:19,0
DA:21,0
DA:22,0
DA:23,0
DA:24,0
DA:26,0
DA:27,0
DA:28,0
DA:31,0
DA:33,0
DA:35,0
DA:36,0
DA:38,0
DA:39,0
DA:41,0
DA:44,0
DA:46,0
DA:47,0
DA:48,0
DA:49,0
DA:51,0
DA:54,0
DA:57,0
DA:58,0
DA:59,0
DA:61,0
DA:62,0
DA:64,0
DA:65,0
DA:67,0
DA:68,0
DA:70,0
DA:72,0
DA:73,0
DA:75,0
DA:78,0
DA:82,0
DA:83,0
DA:84,0
DA:90,0
DA:94,0
DA:107,0
DA:173,0
LF:48
LH:0
BRDA:27,0,0,0
BRDA:27,0,1,0
BRDA:27,1,0,0
BRDA:27,1,1,0
BRDA:38,2,0,0
BRDA:38,2,1,0
BRDA:38,3,0,0
BRDA:38,3,1,0
BRDA:46,4,0,0
BRDA:46,4,1,0
BRDA:48,5,0,0
BRDA:48,5,1,0
BRDA:58,6,0,0
BRDA:58,6,1,0
BRDA:59,7,0,0
BRDA:59,7,1,0
BRDA:59,7,2,0
BRDA:59,7,3,0
BRDA:72,8,0,0
BRDA:72,8,1,0
BRDA:117,9,0,0
BRDA:117,9,1,0
BRDA:153,10,0,0
BRDA:153,10,1,0
BRF:24
BRH:0
end_of_record
TN:
SF:src\pages\Payment\PaymentResult.jsx
FN:6,(anonymous_0)
FN:9,(anonymous_1)
FN:14,(anonymous_2)
FNF:3
FNH:0
FNDA:0,(anonymous_0)
FNDA:0,(anonymous_1)
FNDA:0,(anonymous_2)
DA:6,0
DA:7,0
DA:9,0
DA:10,0
DA:11,0
DA:14,0
DA:15,0
DA:18,0
LF:8
LH:0
BRF:0
BRH:0
end_of_record
TN:
SF:src\pages\Payment\PaymentResultCard.jsx
FN:8,(anonymous_0)
FN:15,(anonymous_1)
FN:16,(anonymous_2)
FN:67,(anonymous_3)
FN:74,(anonymous_4)
FNF:5
FNH:0
FNDA:0,(anonymous_0)
FNDA:0,(anonymous_1)
FNDA:0,(anonymous_2)
FNDA:0,(anonymous_3)
FNDA:0,(anonymous_4)
DA:6,0
DA:8,0
DA:9,0
DA:10,0
DA:11,0
DA:12,0
DA:13,0
DA:15,0
DA:16,0
DA:17,0
DA:18,0
DA:19,0
DA:31,0
DA:33,0
DA:34,0
DA:36,0
DA:37,0
DA:38,0
DA:39,0
DA:41,0
DA:44,0
DA:47,0
DA:48,0
DA:50,0
DA:54,0
DA:55,0
DA:57,0
DA:58,0
DA:59,0
DA:60,0
DA:61,0
DA:63,0
DA:67,0
DA:68,0
DA:74,0
DA:75,0
DA:76,0
DA:77,0
DA:78,0
DA:79,0
DA:80,0
DA:81,0
DA:83,0
DA:86,0
DA:87,0
DA:99,0
LF:46
LH:0
BRDA:33,0,0,0
BRDA:33,0,1,0
BRDA:36,1,0,0
BRDA:36,1,1,0
BRDA:54,2,0,0
BRDA:54,2,1,0
BRDA:58,3,0,0
BRDA:58,3,1,0
BRDA:75,4,0,0
BRDA:75,4,1,0
BRDA:86,5,0,0
BRDA:86,5,1,0
BRDA:103,6,0,0
BRDA:103,6,1,0
BRDA:109,7,0,0
BRDA:109,7,1,0
BRDA:111,8,0,0
BRDA:111,8,1,0
BRDA:111,8,2,0
BRDA:123,9,0,0
BRDA:123,9,1,0
BRDA:152,10,0,0
BRDA:152,10,1,0
BRDA:160,11,0,0
BRDA:160,11,1,0
BRF:25
BRH:0
end_of_record
TN:
SF:src\pages\Profile\EditProfile.jsx
FN:9,(anonymous_0)
FN:15,(anonymous_1)
FN:46,(anonymous_2)
FN:87,(anonymous_3)
FN:106,(anonymous_4)
FNF:5
FNH:0
FNDA:0,(anonymous_0)
FNDA:0,(anonymous_1)
FNDA:0,(anonymous_2)
FNDA:0,(anonymous_3)
FNDA:0,(anonymous_4)
DA:9,0
DA:10,0
DA:11,0
DA:12,0
DA:13,0
DA:15,0
DA:16,0
DA:17,0
DA:20,0
DA:21,0
DA:22,0
DA:27,0
DA:31,0
DA:32,0
DA:33,0
DA:38,0
DA:41,0
DA:42,0
DA:45,0
DA:46,0
DA:47,0
DA:49,0
DA:52,0
DA:54,0
DA:55,0
DA:64,0
DA:65,0
DA:71,0
DA:73,0
DA:77,0
DA:87,0
DA:107,0
LF:32
LH:0
BRDA:13,0,0,0
BRDA:13,0,1,0
BRDA:17,1,0,0
BRDA:17,1,1,0
BRDA:21,2,0,0
BRDA:21,2,1,0
BRDA:32,3,0,0
BRDA:32,3,1,0
BRDA:54,4,0,0
BRDA:54,4,1,0
BRDA:71,5,0,0
BRDA:71,5,1,0
BRDA:101,6,0,0
BRDA:101,6,1,0
BRDA:114,7,0,0
BRDA:114,7,1,0
BRDA:119,8,0,0
BRDA:119,8,1,0
BRF:18
BRH:0
end_of_record
TN:
SF:src\pages\Register\Register.jsx
FN:68,(anonymous_0)
FN:74,(anonymous_1)
FN:76,(anonymous_2)
FN:82,(anonymous_3)
FN:96,(anonymous_4)
FN:130,(anonymous_5)
FN:143,(anonymous_6)
FN:157,(anonymous_7)
FN:194,(anonymous_8)
FNF:9
FNH:0
FNDA:0,(anonymous_0)
FNDA:0,(anonymous_1)
FNDA:0,(anonymous_2)
FNDA:0,(anonymous_3)
FNDA:0,(anonymous_4)
FNDA:0,(anonymous_5)
FNDA:0,(anonymous_6)
FNDA:0,(anonymous_7)
FNDA:0,(anonymous_8)
DA:9,0
DA:68,0
DA:69,0
DA:70,0
DA:71,0
DA:72,0
DA:74,0
DA:75,0
DA:76,0
DA:82,0
DA:83,0
DA:84,0
DA:86,0
DA:87,0
DA:89,0
DA:90,0
DA:93,0
DA:96,0
DA:97,0
DA:98,0
DA:99,0
DA:101,0
DA:102,0
DA:103,0
DA:104,0
DA:105,0
DA:108,0
DA:109,0
DA:118,0
DA:119,0
DA:121,0
DA:123,0
DA:127,0
DA:131,0
DA:144,0
DA:158,0
DA:194,0
LF:37
LH:0
BRDA:84,0,0,0
BRDA:84,0,1,0
BRDA:87,1,0,0
BRDA:87,1,1,0
BRDA:89,2,0,0
BRDA:89,2,1,0
BRDA:102,3,0,0
BRDA:102,3,1,0
BRDA:121,4,0,0
BRDA:121,4,1,0
BRDA:154,5,0,0
BRDA:154,5,1,0
BRDA:166,6,0,0
BRDA:166,6,1,0
BRDA:177,7,0,0
BRDA:177,7,1,0
BRF:16
BRH:0
end_of_record
TN:
SF:src\pages\UserManagementAmin\UserManagement.jsx
FN:33,(anonymous_0)
FN:57,(anonymous_1)
FN:61,(anonymous_2)
FN:73,(anonymous_3)
FN:114,(anonymous_4)
FN:128,(anonymous_5)
FN:132,(anonymous_6)
FN:136,(anonymous_7)
FN:141,(anonymous_8)
FN:146,(anonymous_9)
FN:155,(anonymous_10)
FN:160,(anonymous_11)
FN:165,(anonymous_12)
FN:170,(anonymous_13)
FN:181,(anonymous_14)
FN:229,(anonymous_15)
FN:248,(anonymous_16)
FN:258,(anonymous_17)
FN:261,(anonymous_18)
FN:283,(anonymous_19)
FN:290,(anonymous_20)
FN:305,(anonymous_21)
FN:312,(anonymous_22)
FN:320,(anonymous_23)
FN:329,(anonymous_24)
FN:339,(anonymous_25)
FN:346,(anonymous_26)
FN:352,(anonymous_27)
FN:369,(anonymous_28)
FN:371,(anonymous_29)
FNF:30
FNH:0
FNDA:0,(anonymous_0)
FNDA:0,(anonymous_1)
FNDA:0,(anonymous_2)
FNDA:0,(anonymous_3)
FNDA:0,(anonymous_4)
FNDA:0,(anonymous_5)
FNDA:0,(anonymous_6)
FNDA:0,(anonymous_7)
FNDA:0,(anonymous_8)
FNDA:0,(anonymous_9)
FNDA:0,(anonymous_10)
FNDA:0,(anonymous_11)
FNDA:0,(anonymous_12)
FNDA:0,(anonymous_13)
FNDA:0,(anonymous_14)
FNDA:0,(anonymous_15)
FNDA:0,(anonymous_16)
FNDA:0,(anonymous_17)
FNDA:0,(anonymous_18)
FNDA:0,(anonymous_19)
FNDA:0,(anonymous_20)
FNDA:0,(anonymous_21)
FNDA:0,(anonymous_22)
FNDA:0,(anonymous_23)
FNDA:0,(anonymous_24)
FNDA:0,(anonymous_25)
FNDA:0,(anonymous_26)
FNDA:0,(anonymous_27)
FNDA:0,(anonymous_28)
FNDA:0,(anonymous_29)
DA:33,0
DA:34,0
DA:35,0
DA:36,0
DA:37,0
DA:38,0
DA:39,0
DA:40,0
DA:41,0
DA:42,0
DA:43,0
DA:54,0
DA:55,0
DA:57,0
DA:58,0
DA:61,0
DA:62,0
DA:63,0
DA:64,0
DA:65,0
DA:67,0
DA:69,0
DA:73,0
DA:74,0
DA:75,0
DA:78,0
DA:90,0
DA:92,0
DA:94,0
DA:97,0
DA:98,0
DA:100,0
DA:103,0
DA:104,0
DA:105,0
DA:107,0
DA:108,0
DA:110,0
DA:114,0
DA:115,0
DA:116,0
DA:117,0
DA:118,0
DA:119,0
DA:120,0
DA:122,0
DA:124,0
DA:128,0
DA:129,0
DA:132,0
DA:133,0
DA:136,0
DA:137,0
DA:138,0
DA:141,0
DA:142,0
DA:143,0
DA:146,0
DA:147,0
DA:148,0
DA:150,0
DA:152,0
DA:155,0
DA:156,0
DA:157,0
DA:160,0
DA:161,0
DA:162,0
DA:165,0
DA:166,0
DA:167,0
DA:170,0
DA:172,0
DA:176,0
DA:178,0
DA:181,0
DA:182,0
DA:184,0
DA:186,0
DA:188,0
DA:190,0
DA:194,0
DA:229,0
DA:249,0
DA:258,0
DA:261,0
DA:283,0
DA:290,0
DA:305,0
DA:312,0
DA:320,0
DA:329,0
DA:339,0
DA:346,0
DA:352,0
DA:369,0
DA:371,0
LF:97
LH:0
BRDA:81,0,0,0
BRDA:81,0,1,0
BRDA:83,1,0,0
BRDA:83,1,1,0
BRDA:84,2,0,0
BRDA:84,2,1,0
BRDA:92,3,0,0
BRDA:92,3,1,0
BRDA:97,4,0,0
BRDA:97,4,1,0
BRDA:97,5,0,0
BRDA:97,5,1,0
BRDA:97,5,2,0
BRDA:105,6,0,0
BRDA:105,6,1,0
BRDA:108,7,0,0
BRDA:108,7,1,0
BRDA:128,8,0,0
BRDA:146,9,0,0
BRDA:147,10,0,0
BRDA:147,10,1,0
BRDA:172,11,0,0
BRDA:172,11,1,0
BRDA:172,11,2,0
BRDA:176,12,0,0
BRDA:176,12,1,0
BRDA:178,13,0,0
BRDA:178,13,1,0
BRDA:182,14,0,0
BRDA:182,14,1,0
BRDA:182,14,2,0
BRDA:182,14,3,0
BRDA:297,15,0,0
BRDA:297,15,1,0
BRDA:322,16,0,0
BRDA:322,16,1,0
BRDA:338,17,0,0
BRDA:338,17,1,0
BRF:38
BRH:0
end_of_record
TN:
SF:src\pages\VipChoose\ChooseVip.jsx
FN:11,(anonymous_0)
FN:17,(anonymous_1)
FN:33,(anonymous_2)
FN:37,(anonymous_3)
FN:173,(anonymous_4)
FN:182,(anonymous_5)
FN:212,(anonymous_6)
FNF:7
FNH:0
FNDA:0,(anonymous_0)
FNDA:0,(anonymous_1)
FNDA:0,(anonymous_2)
FNDA:0,(anonymous_3)
FNDA:0,(anonymous_4)
FNDA:0,(anonymous_5)
FNDA:0,(anonymous_6)
DA:11,0
DA:12,0
DA:13,0
DA:14,0
DA:15,0
DA:17,0
DA:19,0
DA:20,0
DA:21,0
DA:22,0
DA:25,0
DA:26,0
DA:27,0
DA:28,0
DA:33,0
DA:34,0
DA:37,0
DA:38,0
DA:39,0
DA:40,0
DA:42,0
DA:43,0
DA:44,0
DA:47,0
DA:49,0
DA:54,0
DA:56,0
DA:57,0
DA:59,0
DA:62,0
DA:63,0
DA:65,0
DA:69,0
DA:86,0
DA:174,0
DA:182,0
DA:213,0
LF:37
LH:0
BRDA:20,0,0,0
BRDA:20,0,1,0
BRDA:25,1,0,0
BRDA:25,1,1,0
BRDA:27,2,0,0
BRDA:27,2,1,0
BRDA:42,3,0,0
BRDA:42,3,1,0
BRDA:56,4,0,0
BRDA:56,4,1,0
BRDA:56,5,0,0
BRDA:56,5,1,0
BRDA:113,6,0,0
BRDA:113,6,1,0
BRDA:122,7,0,0
BRDA:122,7,1,0
BRDA:132,8,0,0
BRDA:132,8,1,0
BRDA:177,9,0,0
BRDA:177,9,1,0
BRDA:178,10,0,0
BRDA:178,10,1,0
BRDA:186,11,0,0
BRDA:186,11,1,0
BRDA:194,12,0,0
BRDA:194,12,1,0
BRDA:230,13,0,0
BRDA:230,13,1,0
BRDA:234,14,0,0
BRDA:234,14,1,0
BRDA:241,15,0,0
BRDA:241,15,1,0
BRF:32
BRH:0
end_of_record
TN:
SF:src\pages\blog\BlogAll.jsx
FN:7,(anonymous_0)
FN:19,(anonymous_1)
FN:20,(anonymous_2)
FN:32,(anonymous_3)
FN:34,(anonymous_4)
FN:55,(anonymous_5)
FN:56,(anonymous_6)
FN:61,(anonymous_7)
FN:68,(anonymous_8)
FN:69,(anonymous_9)
FN:87,(anonymous_10)
FN:93,(anonymous_11)
FN:99,(anonymous_12)
FN:103,(anonymous_13)
FN:105,(anonymous_14)
FN:108,(anonymous_15)
FN:111,(anonymous_16)
FN:117,(anonymous_17)
FN:118,(anonymous_18)
FN:120,(anonymous_19)
FN:158,(anonymous_20)
FN:165,(anonymous_21)
FN:177,(anonymous_22)
FN:180,(anonymous_23)
FN:192,(anonymous_24)
FN:198,(anonymous_25)
FNF:26
FNH:0
FNDA:0,(anonymous_0)
FNDA:0,(anonymous_1)
FNDA:0,(anonymous_2)
FNDA:0,(anonymous_3)
FNDA:0,(anonymous_4)
FNDA:0,(anonymous_5)
FNDA:0,(anonymous_6)
FNDA:0,(anonymous_7)
FNDA:0,(anonymous_8)
FNDA:0,(anonymous_9)
FNDA:0,(anonymous_10)
FNDA:0,(anonymous_11)
FNDA:0,(anonymous_12)
FNDA:0,(anonymous_13)
FNDA:0,(anonymous_14)
FNDA:0,(anonymous_15)
FNDA:0,(anonymous_16)
FNDA:0,(anonymous_17)
FNDA:0,(anonymous_18)
FNDA:0,(anonymous_19)
FNDA:0,(anonymous_20)
FNDA:0,(anonymous_21)
FNDA:0,(anonymous_22)
FNDA:0,(anonymous_23)
FNDA:0,(anonymous_24)
FNDA:0,(anonymous_25)
DA:7,0
DA:8,0
DA:9,0
DA:10,0
DA:11,0
DA:12,0
DA:13,0
DA:14,0
DA:15,0
DA:16,0
DA:17,0
DA:19,0
DA:20,0
DA:21,0
DA:22,0
DA:23,0
DA:24,0
DA:26,0
DA:27,0
DA:30,0
DA:32,0
DA:33,0
DA:34,0
DA:35,0
DA:36,0
DA:39,0
DA:42,0
DA:43,0
DA:45,0
DA:46,0
DA:48,0
DA:52,0
DA:55,0
DA:56,0
DA:57,0
DA:60,0
DA:61,0
DA:62,0
DA:67,0
DA:68,0
DA:69,0
DA:70,0
DA:75,0
DA:78,0
DA:81,0
DA:82,0
DA:83,0
DA:85,0
DA:87,0
DA:88,0
DA:89,0
DA:93,0
DA:94,0
DA:95,0
DA:99,0
DA:100,0
DA:101,0
DA:103,0
DA:105,0
DA:107,0
DA:108,0
DA:111,0
DA:113,0
DA:117,0
DA:118,0
DA:119,0
DA:120,0
DA:123,0
DA:126,0
DA:127,0
DA:135,0
DA:136,0
DA:143,0
DA:158,0
DA:165,0
DA:178,0
DA:180,0
DA:193,0
DA:199,0
DA:200,0
LF:80
LH:0
BRDA:26,0,0,0
BRDA:26,0,1,0
BRDA:26,1,0,0
BRDA:26,1,1,0
BRDA:33,2,0,0
BRDA:33,2,1,0
BRDA:33,3,0,0
BRDA:33,3,1,0
BRDA:35,4,0,0
BRDA:35,4,1,0
BRDA:36,5,0,0
BRDA:36,5,1,0
BRDA:60,6,0,0
BRDA:60,6,1,0
BRDA:67,7,0,0
BRDA:67,7,1,0
BRDA:88,8,0,0
BRDA:88,8,1,0
BRDA:94,9,0,0
BRDA:94,9,1,0
BRDA:101,10,0,0
BRDA:101,10,1,0
BRDA:101,10,2,0
BRDA:101,10,3,0
BRDA:101,10,4,0
BRDA:119,11,0,0
BRDA:119,11,1,0
BRDA:126,12,0,0
BRDA:126,12,1,0
BRDA:135,13,0,0
BRDA:135,13,1,0
BRDA:182,14,0,0
BRDA:182,14,1,0
BRF:33
BRH:0
end_of_record
TN:
SF:src\pages\blog\BlogDetail.jsx
FN:17,(anonymous_0)
FN:23,(anonymous_1)
FN:24,(anonymous_2)
FN:34,(anonymous_3)
FN:82,(anonymous_4)
FN:104,(anonymous_5)
FNF:6
FNH:0
FNDA:0,(anonymous_0)
FNDA:0,(anonymous_1)
FNDA:0,(anonymous_2)
FNDA:0,(anonymous_3)
FNDA:0,(anonymous_4)
FNDA:0,(anonymous_5)
DA:17,0
DA:18,0
DA:19,0
DA:20,0
DA:21,0
DA:23,0
DA:24,0
DA:25,0
DA:26,0
DA:27,0
DA:28,0
DA:30,0
DA:31,0
DA:34,0
DA:35,0
DA:36,0
DA:39,0
DA:41,0
DA:42,0
DA:44,0
DA:48,0
DA:49,0
DA:53,0
DA:54,0
DA:62,0
DA:63,0
DA:70,0
DA:72,0
DA:83,0
DA:84,0
DA:85,0
DA:105,0
LF:32
LH:0
BRDA:30,0,0,0
BRDA:30,0,1,0
BRDA:30,1,0,0
BRDA:30,1,1,0
BRDA:35,2,0,0
BRDA:35,2,1,0
BRDA:48,3,0,0
BRDA:48,3,1,0
BRDA:53,4,0,0
BRDA:53,4,1,0
BRDA:62,5,0,0
BRDA:62,5,1,0
BRDA:70,6,0,0
BRDA:70,6,1,0
BRF:14
BRH:0
end_of_record
TN:
SF:src\pages\blog\index.jsx
FN:4,(anonymous_0)
FNF:1
FNH:0
FNDA:0,(anonymous_0)
DA:4,0
DA:5,0
LF:2
LH:0
BRF:0
BRH:0
end_of_record
TN:
SF:src\pages\guest\blog\GuestBlogAll.jsx
FN:10,(anonymous_0)
FN:19,(anonymous_1)
FN:20,(anonymous_2)
FN:25,(anonymous_3)
FN:26,(anonymous_4)
FN:29,(anonymous_5)
FN:36,(anonymous_6)
FN:45,(anonymous_7)
FN:48,(anonymous_8)
FN:53,(anonymous_9)
FN:54,(anonymous_10)
FN:59,(anonymous_11)
FN:60,(anonymous_12)
FN:61,(anonymous_13)
FN:62,(anonymous_14)
FN:66,(anonymous_15)
FN:89,(anonymous_16)
FN:89,(anonymous_17)
FN:93,(anonymous_18)
FN:93,(anonymous_19)
FN:104,(anonymous_20)
FN:107,(anonymous_21)
FN:107,(anonymous_22)
FN:111,(anonymous_23)
FN:123,(anonymous_24)
FN:129,(anonymous_25)
FN:152,(anonymous_26)
FN:152,(anonymous_27)
FN:159,(anonymous_28)
FN:159,(anonymous_29)
FNF:30
FNH:0
FNDA:0,(anonymous_0)
FNDA:0,(anonymous_1)
FNDA:0,(anonymous_2)
FNDA:0,(anonymous_3)
FNDA:0,(anonymous_4)
FNDA:0,(anonymous_5)
FNDA:0,(anonymous_6)
FNDA:0,(anonymous_7)
FNDA:0,(anonymous_8)
FNDA:0,(anonymous_9)
FNDA:0,(anonymous_10)
FNDA:0,(anonymous_11)
FNDA:0,(anonymous_12)
FNDA:0,(anonymous_13)
FNDA:0,(anonymous_14)
FNDA:0,(anonymous_15)
FNDA:0,(anonymous_16)
FNDA:0,(anonymous_17)
FNDA:0,(anonymous_18)
FNDA:0,(anonymous_19)
FNDA:0,(anonymous_20)
FNDA:0,(anonymous_21)
FNDA:0,(anonymous_22)
FNDA:0,(anonymous_23)
FNDA:0,(anonymous_24)
FNDA:0,(anonymous_25)
FNDA:0,(anonymous_26)
FNDA:0,(anonymous_27)
FNDA:0,(anonymous_28)
FNDA:0,(anonymous_29)
DA:7,0
DA:8,0
DA:10,0
DA:11,0
DA:15,0
DA:19,0
DA:20,0
DA:21,0
DA:22,0
DA:23,0
DA:25,0
DA:26,0
DA:29,0
DA:36,0
DA:45,0
DA:46,0
DA:47,0
DA:48,0
DA:49,0
DA:52,0
DA:53,0
DA:54,0
DA:58,0
DA:59,0
DA:60,0
DA:61,0
DA:62,0
DA:65,0
DA:66,0
DA:69,0
DA:70,0
DA:72,0
DA:73,0
DA:75,0
DA:89,0
DA:93,0
DA:105,0
DA:107,0
DA:111,0
DA:124,0
DA:130,0
DA:131,0
DA:152,0
DA:159,0
LF:44
LH:0
BRDA:23,0,0,0
BRDA:23,0,1,0
BRDA:23,1,0,0
BRDA:23,1,1,0
BRDA:26,2,0,0
BRDA:26,2,1,0
BRDA:47,3,0,0
BRDA:47,3,1,0
BRDA:52,4,0,0
BRDA:52,4,1,0
BRDA:65,5,0,0
BRDA:65,5,1,0
BRDA:69,6,0,0
BRDA:69,6,1,0
BRDA:70,7,0,0
BRDA:70,7,1,0
BRDA:110,8,0,0
BRDA:110,8,1,0
BRDA:114,9,0,0
BRDA:114,9,1,0
BRF:20
BRH:0
end_of_record
TN:
SF:src\pages\guest\blog\GuestBlogDetail.jsx
FN:17,(anonymous_0)
FN:23,(anonymous_1)
FN:24,(anonymous_2)
FN:31,(anonymous_3)
FN:76,(anonymous_4)
FN:97,(anonymous_5)
FNF:6
FNH:0
FNDA:0,(anonymous_0)
FNDA:0,(anonymous_1)
FNDA:0,(anonymous_2)
FNDA:0,(anonymous_3)
FNDA:0,(anonymous_4)
FNDA:0,(anonymous_5)
DA:17,0
DA:18,0
DA:19,0
DA:20,0
DA:21,0
DA:23,0
DA:24,0
DA:25,0
DA:26,0
DA:27,0
DA:28,0
DA:30,0
DA:31,0
DA:33,0
DA:34,0
DA:36,0
DA:37,0
DA:39,0
DA:40,0
DA:44,0
DA:47,0
DA:48,0
DA:56,0
DA:57,0
DA:64,0
DA:66,0
DA:77,0
DA:78,0
DA:98,0
LF:29
LH:0
BRDA:27,0,0,0
BRDA:27,0,1,0
BRDA:27,1,0,0
BRDA:27,1,1,0
BRDA:33,2,0,0
BRDA:33,2,1,0
BRDA:47,3,0,0
BRDA:47,3,1,0
BRDA:56,4,0,0
BRDA:56,4,1,0
BRDA:64,5,0,0
BRDA:64,5,1,0
BRF:12
BRH:0
end_of_record
TN:
SF:src\pages\guest\blog\index.jsx
FN:3,(anonymous_0)
FNF:1
FNH:0
FNDA:0,(anonymous_0)
DA:3,0
DA:4,0
LF:2
LH:0
BRF:0
BRH:0
end_of_record
TN:
SF:src\services\authService.js
FN:8,(anonymous_0)
FN:17,(anonymous_1)
FNF:2
FNH:0
FNDA:0,(anonymous_0)
FNDA:0,(anonymous_1)
DA:4,0
DA:8,0
DA:9,0
DA:10,0
DA:11,0
DA:13,0
DA:17,0
DA:18,0
DA:19,0
DA:20,0
DA:22,0
LF:11
LH:0
BRF:0
BRH:0
end_of_record
TN:
SF:src\utils\validation.js
FN:1,(anonymous_0)
FN:11,(anonymous_1)
FN:19,(anonymous_2)
FNF:3
FNH:0
FNDA:0,(anonymous_0)
FNDA:0,(anonymous_1)
FNDA:0,(anonymous_2)
DA:1,0
DA:2,0
DA:3,0
DA:5,0
DA:6,0
DA:8,0
DA:11,0
DA:12,0
DA:13,0
DA:14,0
DA:16,0
DA:19,0
DA:20,0
DA:21,0
DA:23,0
LF:15
LH:0
BRDA:2,0,0,0
BRDA:2,0,1,0
BRDA:5,1,0,0
BRDA:5,1,1,0
BRDA:13,2,0,0
BRDA:13,2,1,0
BRDA:20,3,0,0
BRDA:20,3,1,0
BRF:8
BRH:0
end_of_record
